New log file opened at Thu Jul 23 13:03:59 EEST 2015 by 29898@dyn-146-138.public.tut.fi
Taking next connection to: 52466
New client attempting to connect on port: 52467-52466
  Address = /130.230.146.138:52466
This client on port 52467 has uuid ed31e70c-f826-4aaf-b8b3-bd3ab68fddc9 configName activator humanReadableName Activator protocolVersion 3 featureTags Vector()
Connected Clients: activator-ed31e70c-f826-4aaf-b8b3-bd3ab68fddc9
Taking next connection to: 52466
New client attempting to connect on port: 52468-52466
  Address = /130.230.146.138:52466
Handshake exception on socket: 52468
sbt.impl.ipc.HandshakeException: Unable to perform handshake
	at sbt.impl.ipc.Peer.handshake(IPC.scala:46)
	at sbt.impl.ipc.MultiClientServer.<init>(IPC.scala:150)
	at sbt.server.SbtServerSocketHandler$$anon$1.run(SbtServerSocketHandler.scala:43)
Caused by: java.io.EOFException
	at java.io.DataInputStream.readInt(DataInputStream.java:392)
	at sbt.impl.ipc.Peer.receive(IPC.scala:95)
	at sbt.impl.ipc.Peer.handshake(IPC.scala:49)
	... 2 more
Taking next connection to: 52466
New client attempting to connect on port: 52469-52466
  Address = /130.230.146.138:52466
This client on port 52469 has uuid d7b498f6-92bd-49c6-af1e-8f7d4be7126e configName activator humanReadableName Activator protocolVersion 3 featureTags Vector()
Connected Clients: activator-ed31e70c-f826-4aaf-b8b3-bd3ab68fddc9, activator-d7b498f6-92bd-49c6-af1e-8f7d4be7126e
Taking next connection to: 52466
Checking to see if clients are empty...
We have 1 non-daemon clients, continuing serving connections.
Taking next connection to: 52466
Checking to see if clients are empty...
We have 1 non-daemon clients, continuing serving connections.
Taking next connection to: 52466
Checking to see if clients are empty...
We have 1 non-daemon clients, continuing serving connections.
Taking next connection to: 52466
Checking to see if clients are empty...
We have 1 non-daemon clients, continuing serving connections.
Taking next connection to: 52466
Checking to see if clients are empty...
We have 1 non-daemon clients, continuing serving connections.
Taking next connection to: 52466
Checking to see if clients are empty...
We have 1 non-daemon clients, continuing serving connections.
Taking next connection to: 52466
New client attempting to connect on port: 52602-52466
  Address = /130.230.146.138:52466
Handshake exception on socket: 52602
sbt.impl.ipc.HandshakeException: Unable to perform handshake
	at sbt.impl.ipc.Peer.handshake(IPC.scala:46)
	at sbt.impl.ipc.MultiClientServer.<init>(IPC.scala:150)
	at sbt.server.SbtServerSocketHandler$$anon$1.run(SbtServerSocketHandler.scala:43)
Caused by: java.io.EOFException
	at java.io.DataInputStream.readInt(DataInputStream.java:392)
	at sbt.impl.ipc.Peer.receive(IPC.scala:95)
	at sbt.impl.ipc.Peer.handshake(IPC.scala:49)
	... 2 more
Taking next connection to: 52466
New client attempting to connect on port: 52603-52466
  Address = /130.230.146.138:52466
This client on port 52603 has uuid 56f94862-5078-4c75-bd83-a7d4e123bba3 configName play-fork-run humanReadableName Play Fork Run protocolVersion 1 featureTags Vector()
Connected Clients: activator-ed31e70c-f826-4aaf-b8b3-bd3ab68fddc9, play-fork-run-56f94862-5078-4c75-bd83-a7d4e123bba3
Taking next connection to: 52466
Checking to see if clients are empty...
We have 1 non-daemon clients, continuing serving connections.
Taking next connection to: 52466
Checking to see if clients are empty...
We have 1 non-daemon clients, continuing serving connections.
Taking next connection to: 52466
New client attempting to connect on port: 52628-52466
  Address = /130.230.146.138:52466
Handshake exception on socket: 52628
sbt.impl.ipc.HandshakeException: Unable to perform handshake
	at sbt.impl.ipc.Peer.handshake(IPC.scala:46)
	at sbt.impl.ipc.MultiClientServer.<init>(IPC.scala:150)
	at sbt.server.SbtServerSocketHandler$$anon$1.run(SbtServerSocketHandler.scala:43)
Caused by: java.net.SocketException: Connection reset
	at java.net.SocketInputStream.read(SocketInputStream.java:189)
	at java.net.SocketInputStream.read(SocketInputStream.java:121)
	at java.io.BufferedInputStream.fill(BufferedInputStream.java:246)
	at java.io.BufferedInputStream.read(BufferedInputStream.java:265)
	at java.io.DataInputStream.readInt(DataInputStream.java:387)
	at sbt.impl.ipc.Peer.receive(IPC.scala:95)
	at sbt.impl.ipc.Peer.handshake(IPC.scala:49)
	... 2 more
Taking next connection to: 52466
New client attempting to connect on port: 52629-52466
  Address = /130.230.146.138:52466
This client on port 52629 has uuid 92893f07-a409-4545-9690-587129260837 configName play-fork-run humanReadableName Play Fork Run protocolVersion 1 featureTags Vector()
Connected Clients: activator-ed31e70c-f826-4aaf-b8b3-bd3ab68fddc9, play-fork-run-92893f07-a409-4545-9690-587129260837
Taking next connection to: 52466
New client attempting to connect on port: 52632-52466
  Address = /130.230.146.138:52466
Handshake exception on socket: 52632
sbt.impl.ipc.HandshakeException: Unable to perform handshake
	at sbt.impl.ipc.Peer.handshake(IPC.scala:46)
	at sbt.impl.ipc.MultiClientServer.<init>(IPC.scala:150)
	at sbt.server.SbtServerSocketHandler$$anon$1.run(SbtServerSocketHandler.scala:43)
Caused by: java.net.SocketException: Connection reset
	at java.net.SocketInputStream.read(SocketInputStream.java:189)
	at java.net.SocketInputStream.read(SocketInputStream.java:121)
	at java.io.BufferedInputStream.fill(BufferedInputStream.java:246)
	at java.io.BufferedInputStream.read(BufferedInputStream.java:265)
	at java.io.DataInputStream.readInt(DataInputStream.java:387)
	at sbt.impl.ipc.Peer.receive(IPC.scala:95)
	at sbt.impl.ipc.Peer.handshake(IPC.scala:49)
	... 2 more
Taking next connection to: 52466
New client attempting to connect on port: 52633-52466
  Address = /130.230.146.138:52466
This client on port 52633 has uuid 45e30869-3cc0-4b9d-8039-5a5b0443aa46 configName play-fork-run humanReadableName Play Fork Run protocolVersion 1 featureTags Vector()
Connected Clients: activator-ed31e70c-f826-4aaf-b8b3-bd3ab68fddc9, play-fork-run-45e30869-3cc0-4b9d-8039-5a5b0443aa46
Taking next connection to: 52466
Checking to see if clients are empty...
We have 1 non-daemon clients, continuing serving connections.
Taking next connection to: 52466
Checking to see if clients are empty...
We have 1 non-daemon clients, continuing serving connections.
Taking next connection to: 52466
Checking to see if clients are empty...
We have 1 non-daemon clients, continuing serving connections.
Taking next connection to: 52466
Checking to see if clients are empty...
We have 1 non-daemon clients, continuing serving connections.
Taking next connection to: 52466
New client attempting to connect on port: 52673-52466
  Address = /130.230.146.138:52466
Handshake exception on socket: 52673
sbt.impl.ipc.HandshakeException: Unable to perform handshake
	at sbt.impl.ipc.Peer.handshake(IPC.scala:46)
	at sbt.impl.ipc.MultiClientServer.<init>(IPC.scala:150)
	at sbt.server.SbtServerSocketHandler$$anon$1.run(SbtServerSocketHandler.scala:43)
Caused by: java.io.EOFException
	at java.io.DataInputStream.readInt(DataInputStream.java:392)
	at sbt.impl.ipc.Peer.receive(IPC.scala:95)
	at sbt.impl.ipc.Peer.handshake(IPC.scala:49)
	... 2 more
Taking next connection to: 52466
New client attempting to connect on port: 52674-52466
  Address = /130.230.146.138:52466
This client on port 52674 has uuid e45f3fa4-c398-48a1-bd05-826eeca43b8a configName play-fork-run humanReadableName Play Fork Run protocolVersion 1 featureTags Vector()
Connected Clients: activator-ed31e70c-f826-4aaf-b8b3-bd3ab68fddc9, play-fork-run-e45f3fa4-c398-48a1-bd05-826eeca43b8a
Taking next connection to: 52466
Checking to see if clients are empty...
We have 1 non-daemon clients, continuing serving connections.
Taking next connection to: 52466
Checking to see if clients are empty...
We have 1 non-daemon clients, continuing serving connections.
Taking next connection to: 52466
Checking to see if clients are empty...
We have 1 non-daemon clients, continuing serving connections.
Taking next connection to: 52466
Checking to see if clients are empty...
We have 1 non-daemon clients, continuing serving connections.
Taking next connection to: 52466
