New log file opened at Thu Jul 23 13:30:53 EEST 2015 by 29898@dyn-146-138.public.tut.fi
Sending msg to client play-fork-run-92893f07-a409-4545-9690-587129260837: DetachedLogEvent(LogMessage(debug,sbt server socket logs are in: /Users/Messi/Development/scala-prog/scala-cat-database/.sbtserver/connections/master.log))
Sending msg to client play-fork-run-92893f07-a409-4545-9690-587129260837: DetachedLogEvent(LogMessage(debug,sbt client logs are in: /Users/Messi/Development/scala-prog/scala-cat-database/.sbtserver/connections/play-fork-run-92893f07-a409-4545-9690-587129260837.log))
Sending msg to client play-fork-run-92893f07-a409-4545-9690-587129260837: DetachedLogEvent(LogMessage(debug,sbt general server logs are in: /Users/Messi/Development/scala-prog/scala-cat-database/.sbtserver/master.log))
Reading next message from client.
Got request: DaemonRequest(true)
Reading next message from client.
Sending msg to client play-fork-run-92893f07-a409-4545-9690-587129260837: (3,ReceivedResponse())
Got request: ListenToEvents()
Reading next message from client.
Sending msg to client play-fork-run-92893f07-a409-4545-9690-587129260837: BackgroundJobStarted(13,BackgroundJobInfo(2,backgroundRun,AttributeKey[sbt.BackgroundJobHandle]("backgroundRun") in Scope(Build: file:/Users/Messi/Development/scala-prog/scala-cat-database/, , Project: ProjectReference(file:/Users/Messi/Development/scala-prog/scala-cat-database/,root), Config: compile)))
Sending msg to client play-fork-run-92893f07-a409-4545-9690-587129260837: (4,ReceivedResponse())
Got request: KeyLookupRequest(root/playForkConfig)
Reading next message from client.
Sending msg to client play-fork-run-92893f07-a409-4545-9690-587129260837: (5,KeyLookupResponse(root/playForkConfig,Vector(AttributeKey[play.forkrun.protocol.ForkConfig]("playForkConfig") in Scope(Build: file:/Users/Messi/Development/scala-prog/scala-cat-database/, , Project: ProjectReference(file:/Users/Messi/Development/scala-prog/scala-cat-database/,root)))))
Got request: ListenToValue(AttributeKey[play.forkrun.protocol.ForkConfig]("playForkConfig") in Scope(Build: file:/Users/Messi/Development/scala-prog/scala-cat-database/, , Project: ProjectReference(file:/Users/Messi/Development/scala-prog/scala-cat-database/,root)))
Reading next message from client.
Sending msg to client play-fork-run-92893f07-a409-4545-9690-587129260837: (6,ReceivedResponse())
Got request: KeyExecutionRequest(AttributeKey[play.forkrun.protocol.ForkConfig]("playForkConfig") in Scope(Build: file:/Users/Messi/Development/scala-prog/scala-cat-database/, , Project: ProjectReference(file:/Users/Messi/Development/scala-prog/scala-cat-database/,root)))
Reading next message from client.
Sending msg to client play-fork-run-92893f07-a409-4545-9690-587129260837: (7,ExecutionRequestReceived(14))
Sending msg to client play-fork-run-92893f07-a409-4545-9690-587129260837: ExecutionWaiting(14,{file:/Users/Messi/Development/scala-prog/scala-cat-database/}root/*:playForkConfig,ClientInfo(92893f07-a409-4545-9690-587129260837,play-fork-run,Play Fork Run,1,Vector()))
Sending msg to client play-fork-run-92893f07-a409-4545-9690-587129260837: ExecutionStarting(14)
Sending msg to client play-fork-run-92893f07-a409-4545-9690-587129260837: DetachedLogEvent(LogMessage(debug,> {file:/Users/Messi/Development/scala-prog/scala-cat-database/}root/*:playForkConfig))
Sending msg to client play-fork-run-92893f07-a409-4545-9690-587129260837: DetachedLogEvent(LogMessage(debug,Evaluating tasks: *:playForkConfig))
Sending msg to client play-fork-run-92893f07-a409-4545-9690-587129260837: DetachedLogEvent(LogMessage(debug,Running task... Cancel: sbt.server.ServerTaskCancellation@1b602e86, check cycles: false))
Sending msg to client play-fork-run-92893f07-a409-4545-9690-587129260837: DetachedLogEvent(LogMessage(debug,cancel strategy start enabled=true lastCommand=Some(LastCommand(CommandExecutionWork(ExecutionId(14),{file:/Users/Messi/Development/scala-prog/scala-cat-database/}root/*:playForkConfig,Set(LiveClient(play-fork-run 92893f07-a409-4545-9690-587129260837)),sbt.server.WorkCancellationStatus$$anon$1@52b68f62)))))
Sending msg to client play-fork-run-92893f07-a409-4545-9690-587129260837: TaskStarted(14,1342,Some(AttributeKey[scala.collection.Seq[java.lang.String]]("javaOptions") in Scope(Global)))
Sending msg to client play-fork-run-92893f07-a409-4545-9690-587129260837: TaskStarted(14,1346,None)
Sending msg to client play-fork-run-92893f07-a409-4545-9690-587129260837: TaskStarted(14,1348,Some(AttributeKey[boolean]("skip") in Scope(Global)))
Sending msg to client play-fork-run-92893f07-a409-4545-9690-587129260837: TaskStarted(14,1349,None)
Sending msg to client play-fork-run-92893f07-a409-4545-9690-587129260837: TaskStarted(14,1350,None)
Sending msg to client play-fork-run-92893f07-a409-4545-9690-587129260837: TaskStarted(14,1351,Some(AttributeKey[java.lang.String]("updateCacheName") in Scope(Build: file:/Users/Messi/Development/scala-prog/scala-cat-database/, , Project: ProjectReference(file:/Users/Messi/Development/scala-prog/scala-cat-database/,root))))
Sending msg to client play-fork-run-92893f07-a409-4545-9690-587129260837: TaskStarted(14,1353,None)
Sending msg to client play-fork-run-92893f07-a409-4545-9690-587129260837: TaskStarted(14,1354,None)
Sending msg to client play-fork-run-92893f07-a409-4545-9690-587129260837: TaskStarted(14,1371,Some(AttributeKey[scala.collection.Seq[sbt.Resolver]]("externalResolvers") in Scope(Build: file:/Users/Messi/Development/scala-prog/scala-cat-database/, , Project: ProjectReference(file:/Users/Messi/Development/scala-prog/scala-cat-database/,root))))
Sending msg to client play-fork-run-92893f07-a409-4545-9690-587129260837: TaskStarted(14,1372,Some(AttributeKey[scala.Option[scala.collection.Seq[sbt.Resolver]]]("bootResolvers") in Scope(Build: file:/Users/Messi/Development/scala-prog/scala-cat-database/, , Project: ProjectReference(file:/Users/Messi/Development/scala-prog/scala-cat-database/,root))))
Sending msg to client play-fork-run-92893f07-a409-4545-9690-587129260837: TaskStarted(14,1375,Some(AttributeKey[scala.collection.Seq[sbt.Credentials]]("credentials") in Scope(Global)))
Sending msg to client play-fork-run-92893f07-a409-4545-9690-587129260837: TaskStarted(14,1377,None)
Sending msg to client play-fork-run-92893f07-a409-4545-9690-587129260837: TaskStarted(14,1380,Some(AttributeKey[scala.Tuple2[java.lang.String,java.io.File]]("playPrefixAndAssets") in Scope(Build: file:/Users/Messi/Development/scala-prog/scala-cat-database/, , Project: ProjectReference(file:/Users/Messi/Development/scala-prog/scala-cat-database/,root))))
Sending msg to client play-fork-run-92893f07-a409-4545-9690-587129260837: TaskStarted(14,1389,None)
Sending msg to client play-fork-run-92893f07-a409-4545-9690-587129260837: TaskStarted(14,1395,None)
Sending msg to client play-fork-run-92893f07-a409-4545-9690-587129260837: TaskStarted(14,1396,Some(AttributeKey[scala.Option[java.lang.String]]("mainClass") in Scope(Build: file:/Users/Messi/Development/scala-prog/scala-cat-database/, , Project: ProjectReference(file:/Users/Messi/Development/scala-prog/scala-cat-database/,root), Config: compile, Task: AttributeKey[void]("run"))))
Sending msg to client play-fork-run-92893f07-a409-4545-9690-587129260837: TaskFinished(14,1342,Some(AttributeKey[scala.collection.Seq[java.lang.String]]("javaOptions") in Scope(Global)),true,None)
Sending msg to client play-fork-run-92893f07-a409-4545-9690-587129260837: TaskFinished(14,1346,None,true,None)
Sending msg to client play-fork-run-92893f07-a409-4545-9690-587129260837: TaskStarted(14,1345,None)
Sending msg to client play-fork-run-92893f07-a409-4545-9690-587129260837: TaskStarted(14,1357,None)
Sending msg to client play-fork-run-92893f07-a409-4545-9690-587129260837: TaskStarted(14,1370,None)
Sending msg to client play-fork-run-92893f07-a409-4545-9690-587129260837: TaskStarted(14,1373,None)
Sending msg to client play-fork-run-92893f07-a409-4545-9690-587129260837: TaskStarted(14,1374,None)
Sending msg to client play-fork-run-92893f07-a409-4545-9690-587129260837: TaskStarted(14,1382,None)
Sending msg to client play-fork-run-92893f07-a409-4545-9690-587129260837: TaskStarted(14,1390,None)
Sending msg to client play-fork-run-92893f07-a409-4545-9690-587129260837: TaskStarted(14,1393,None)
Sending msg to client play-fork-run-92893f07-a409-4545-9690-587129260837: TaskFinished(14,1348,Some(AttributeKey[boolean]("skip") in Scope(Global)),true,None)
Sending msg to client play-fork-run-92893f07-a409-4545-9690-587129260837: TaskFinished(14,1349,None,true,None)
Sending msg to client play-fork-run-92893f07-a409-4545-9690-587129260837: TaskStarted(14,1358,Some(AttributeKey[java.io.File]("dependencyCacheDirectory") in Scope(Build: file:/Users/Messi/Development/scala-prog/scala-cat-database/, , Project: ProjectReference(file:/Users/Messi/Development/scala-prog/scala-cat-database/,root))))
Sending msg to client play-fork-run-92893f07-a409-4545-9690-587129260837: TaskStarted(14,1364,Some(AttributeKey[sbt.BuildStructure]("buildStructure") in Scope(Global)))
Sending msg to client play-fork-run-92893f07-a409-4545-9690-587129260837: TaskFinished(14,1350,None,true,None)
Sending msg to client play-fork-run-92893f07-a409-4545-9690-587129260837: TaskFinished(14,1351,Some(AttributeKey[java.lang.String]("updateCacheName") in Scope(Build: file:/Users/Messi/Development/scala-prog/scala-cat-database/, , Project: ProjectReference(file:/Users/Messi/Development/scala-prog/scala-cat-database/,root))),true,None)
Sending msg to client play-fork-run-92893f07-a409-4545-9690-587129260837: TaskFinished(14,1353,None,true,None)
Sending msg to client play-fork-run-92893f07-a409-4545-9690-587129260837: TaskFinished(14,1354,None,true,None)
Sending msg to client play-fork-run-92893f07-a409-4545-9690-587129260837: TaskStarted(14,1352,Some(AttributeKey[scala.collection.Seq[sbt.UpdateReport]]("transitiveUpdate") in Scope(Build: file:/Users/Messi/Development/scala-prog/scala-cat-database/, , Project: ProjectReference(file:/Users/Messi/Development/scala-prog/scala-cat-database/,root))))
Sending msg to client play-fork-run-92893f07-a409-4545-9690-587129260837: TaskFinished(14,1371,Some(AttributeKey[scala.collection.Seq[sbt.Resolver]]("externalResolvers") in Scope(Build: file:/Users/Messi/Development/scala-prog/scala-cat-database/, , Project: ProjectReference(file:/Users/Messi/Development/scala-prog/scala-cat-database/,root))),true,None)
Sending msg to client play-fork-run-92893f07-a409-4545-9690-587129260837: TaskFinished(14,1372,Some(AttributeKey[scala.Option[scala.collection.Seq[sbt.Resolver]]]("bootResolvers") in Scope(Build: file:/Users/Messi/Development/scala-prog/scala-cat-database/, , Project: ProjectReference(file:/Users/Messi/Development/scala-prog/scala-cat-database/,root))),true,None)
Sending msg to client play-fork-run-92893f07-a409-4545-9690-587129260837: TaskFinished(14,1375,Some(AttributeKey[scala.collection.Seq[sbt.Credentials]]("credentials") in Scope(Global)),true,None)
Sending msg to client play-fork-run-92893f07-a409-4545-9690-587129260837: TaskFinished(14,1377,None,true,None)
Sending msg to client play-fork-run-92893f07-a409-4545-9690-587129260837: TaskFinished(14,1380,Some(AttributeKey[scala.Tuple2[java.lang.String,java.io.File]]("playPrefixAndAssets") in Scope(Build: file:/Users/Messi/Development/scala-prog/scala-cat-database/, , Project: ProjectReference(file:/Users/Messi/Development/scala-prog/scala-cat-database/,root))),true,None)
Sending msg to client play-fork-run-92893f07-a409-4545-9690-587129260837: TaskStarted(14,1379,Some(AttributeKey[scala.collection.Seq[scala.Tuple2[java.lang.String,java.io.File]]]("playAllAssets") in Scope(Build: file:/Users/Messi/Development/scala-prog/scala-cat-database/, , Project: ProjectReference(file:/Users/Messi/Development/scala-prog/scala-cat-database/,root))))
Sending msg to client play-fork-run-92893f07-a409-4545-9690-587129260837: TaskFinished(14,1389,None,true,None)
Sending msg to client play-fork-run-92893f07-a409-4545-9690-587129260837: TaskFinished(14,1395,None,true,None)
Sending msg to client play-fork-run-92893f07-a409-4545-9690-587129260837: TaskFinished(14,1396,Some(AttributeKey[scala.Option[java.lang.String]]("mainClass") in Scope(Build: file:/Users/Messi/Development/scala-prog/scala-cat-database/, , Project: ProjectReference(file:/Users/Messi/Development/scala-prog/scala-cat-database/,root), Config: compile, Task: AttributeKey[void]("run"))),true,None)
Sending msg to client play-fork-run-92893f07-a409-4545-9690-587129260837: TaskFinished(14,1345,None,true,None)
Sending msg to client play-fork-run-92893f07-a409-4545-9690-587129260837: TaskFinished(14,1357,None,true,None)
Sending msg to client play-fork-run-92893f07-a409-4545-9690-587129260837: TaskStarted(14,1356,Some(AttributeKey[scala.collection.immutable.Map[sbt.ModuleID,sbt.SourcePosition]]("dependencyPositions") in Scope(Build: file:/Users/Messi/Development/scala-prog/scala-cat-database/, , Project: ProjectReference(file:/Users/Messi/Development/scala-prog/scala-cat-database/,root))))
Sending msg to client play-fork-run-92893f07-a409-4545-9690-587129260837: TaskFinished(14,1370,None,true,None)
Sending msg to client play-fork-run-92893f07-a409-4545-9690-587129260837: TaskFinished(14,1373,None,true,None)
Sending msg to client play-fork-run-92893f07-a409-4545-9690-587129260837: TaskFinished(14,1374,None,true,None)
Sending msg to client play-fork-run-92893f07-a409-4545-9690-587129260837: TaskFinished(14,1382,None,true,None)
Sending msg to client play-fork-run-92893f07-a409-4545-9690-587129260837: TaskFinished(14,1390,None,true,None)
Sending msg to client play-fork-run-92893f07-a409-4545-9690-587129260837: TaskFinished(14,1393,None,true,None)
Sending msg to client play-fork-run-92893f07-a409-4545-9690-587129260837: TaskFinished(14,1358,Some(AttributeKey[java.io.File]("dependencyCacheDirectory") in Scope(Build: file:/Users/Messi/Development/scala-prog/scala-cat-database/, , Project: ProjectReference(file:/Users/Messi/Development/scala-prog/scala-cat-database/,root))),true,None)
Sending msg to client play-fork-run-92893f07-a409-4545-9690-587129260837: TaskFinished(14,1364,Some(AttributeKey[sbt.BuildStructure]("buildStructure") in Scope(Global)),true,None)
Sending msg to client play-fork-run-92893f07-a409-4545-9690-587129260837: TaskStarted(14,1363,Some(AttributeKey[sbt.Settings[sbt.Scope]]("settingsData") in Scope(Global)))
Sending msg to client play-fork-run-92893f07-a409-4545-9690-587129260837: TaskFinished(14,1352,Some(AttributeKey[scala.collection.Seq[sbt.UpdateReport]]("transitiveUpdate") in Scope(Build: file:/Users/Messi/Development/scala-prog/scala-cat-database/, , Project: ProjectReference(file:/Users/Messi/Development/scala-prog/scala-cat-database/,root))),true,None)
Sending msg to client play-fork-run-92893f07-a409-4545-9690-587129260837: TaskFinished(14,1379,Some(AttributeKey[scala.collection.Seq[scala.Tuple2[java.lang.String,java.io.File]]]("playAllAssets") in Scope(Build: file:/Users/Messi/Development/scala-prog/scala-cat-database/, , Project: ProjectReference(file:/Users/Messi/Development/scala-prog/scala-cat-database/,root))),true,None)
Sending msg to client play-fork-run-92893f07-a409-4545-9690-587129260837: TaskFinished(14,1356,Some(AttributeKey[scala.collection.immutable.Map[sbt.ModuleID,sbt.SourcePosition]]("dependencyPositions") in Scope(Build: file:/Users/Messi/Development/scala-prog/scala-cat-database/, , Project: ProjectReference(file:/Users/Messi/Development/scala-prog/scala-cat-database/,root))),true,None)
Sending msg to client play-fork-run-92893f07-a409-4545-9690-587129260837: TaskStarted(14,1355,Some(AttributeKey[sbt.UnresolvedWarningConfiguration]("unresolvedWarningConfiguration") in Scope(Build: file:/Users/Messi/Development/scala-prog/scala-cat-database/, , Project: ProjectReference(file:/Users/Messi/Development/scala-prog/scala-cat-database/,root), Task: AttributeKey[sbt.UpdateReport]("update"))))
Sending msg to client play-fork-run-92893f07-a409-4545-9690-587129260837: TaskFinished(14,1363,Some(AttributeKey[sbt.Settings[sbt.Scope]]("settingsData") in Scope(Global)),true,None)
Sending msg to client play-fork-run-92893f07-a409-4545-9690-587129260837: TaskStarted(14,1362,Some(AttributeKey[scala.collection.Seq[sbt.ModuleID]]("projectDependencies") in Scope(Build: file:/Users/Messi/Development/scala-prog/scala-cat-database/, , Project: ProjectReference(file:/Users/Messi/Development/scala-prog/scala-cat-database/,root))))
Sending msg to client play-fork-run-92893f07-a409-4545-9690-587129260837: TaskStarted(14,1369,Some(AttributeKey[scala.collection.immutable.Map[org.apache.ivy.core.module.id.ModuleRevisionId,org.apache.ivy.core.module.descriptor.ModuleDescriptor]]("projectDescriptors") in Scope(Build: file:/Users/Messi/Development/scala-prog/scala-cat-database/, , Project: ProjectReference(file:/Users/Messi/Development/scala-prog/scala-cat-database/,root))))
Sending msg to client play-fork-run-92893f07-a409-4545-9690-587129260837: TaskStarted(14,1376,None)
Sending msg to client play-fork-run-92893f07-a409-4545-9690-587129260837: TaskStarted(14,1392,None)
Sending msg to client play-fork-run-92893f07-a409-4545-9690-587129260837: TaskStarted(14,1394,Some(AttributeKey[scala.collection.Seq[java.io.File]]("playMonitoredFiles") in Scope(Build: file:/Users/Messi/Development/scala-prog/scala-cat-database/, , Project: ProjectReference(file:/Users/Messi/Development/scala-prog/scala-cat-database/,root))))
Sending msg to client play-fork-run-92893f07-a409-4545-9690-587129260837: TaskFinished(14,1355,Some(AttributeKey[sbt.UnresolvedWarningConfiguration]("unresolvedWarningConfiguration") in Scope(Build: file:/Users/Messi/Development/scala-prog/scala-cat-database/, , Project: ProjectReference(file:/Users/Messi/Development/scala-prog/scala-cat-database/,root), Task: AttributeKey[sbt.UpdateReport]("update"))),true,None)
Sending msg to client play-fork-run-92893f07-a409-4545-9690-587129260837: TaskFinished(14,1362,Some(AttributeKey[scala.collection.Seq[sbt.ModuleID]]("projectDependencies") in Scope(Build: file:/Users/Messi/Development/scala-prog/scala-cat-database/, , Project: ProjectReference(file:/Users/Messi/Development/scala-prog/scala-cat-database/,root))),true,None)
Sending msg to client play-fork-run-92893f07-a409-4545-9690-587129260837: TaskStarted(14,1361,Some(AttributeKey[scala.collection.Seq[sbt.ModuleID]]("allDependencies") in Scope(Build: file:/Users/Messi/Development/scala-prog/scala-cat-database/, , Project: ProjectReference(file:/Users/Messi/Development/scala-prog/scala-cat-database/,root))))
Sending msg to client play-fork-run-92893f07-a409-4545-9690-587129260837: TaskStarted(14,1398,None)
Sending msg to client play-fork-run-92893f07-a409-4545-9690-587129260837: TaskStarted(14,1399,None)
Sending msg to client play-fork-run-92893f07-a409-4545-9690-587129260837: TaskStarted(14,1403,None)
Sending msg to client play-fork-run-92893f07-a409-4545-9690-587129260837: TaskStarted(14,1404,None)
Sending msg to client play-fork-run-92893f07-a409-4545-9690-587129260837: TaskStarted(14,1407,None)
Sending msg to client play-fork-run-92893f07-a409-4545-9690-587129260837: TaskStarted(14,1408,None)
Sending msg to client play-fork-run-92893f07-a409-4545-9690-587129260837: TaskStarted(14,1410,None)
Sending msg to client play-fork-run-92893f07-a409-4545-9690-587129260837: TaskStarted(14,1411,None)
Sending msg to client play-fork-run-92893f07-a409-4545-9690-587129260837: TaskFinished(14,1361,Some(AttributeKey[scala.collection.Seq[sbt.ModuleID]]("allDependencies") in Scope(Build: file:/Users/Messi/Development/scala-prog/scala-cat-database/, , Project: ProjectReference(file:/Users/Messi/Development/scala-prog/scala-cat-database/,root))),true,None)
Sending msg to client play-fork-run-92893f07-a409-4545-9690-587129260837: TaskStarted(14,1360,Some(AttributeKey[sbt.ModuleSettings]("moduleSettings") in Scope(Build: file:/Users/Messi/Development/scala-prog/scala-cat-database/, , Project: ProjectReference(file:/Users/Messi/Development/scala-prog/scala-cat-database/,root))))
Sending msg to client play-fork-run-92893f07-a409-4545-9690-587129260837: TaskFinished(14,1398,None,true,None)
Sending msg to client play-fork-run-92893f07-a409-4545-9690-587129260837: TaskStarted(14,1397,None)
Sending msg to client play-fork-run-92893f07-a409-4545-9690-587129260837: TaskFinished(14,1399,None,true,None)
Sending msg to client play-fork-run-92893f07-a409-4545-9690-587129260837: TaskFinished(14,1376,None,true,None)
Sending msg to client play-fork-run-92893f07-a409-4545-9690-587129260837: TaskFinished(14,1403,None,true,None)
Sending msg to client play-fork-run-92893f07-a409-4545-9690-587129260837: TaskFinished(14,1404,None,true,None)
Sending msg to client play-fork-run-92893f07-a409-4545-9690-587129260837: TaskStarted(14,1402,Some(AttributeKey[scala.collection.Seq[sbt.Attributed[java.io.File]]]("unmanagedJars") in Scope(Build: file:/Users/Messi/Development/scala-prog/scala-cat-database/, , Project: ProjectReference(file:/Users/Messi/Development/scala-prog/scala-cat-database/,root), Config: runtime)))
Sending msg to client play-fork-run-92893f07-a409-4545-9690-587129260837: TaskFinished(14,1407,None,true,None)
Sending msg to client play-fork-run-92893f07-a409-4545-9690-587129260837: TaskFinished(14,1408,None,true,None)
Sending msg to client play-fork-run-92893f07-a409-4545-9690-587129260837: TaskStarted(14,1406,Some(AttributeKey[scala.collection.Seq[sbt.Attributed[java.io.File]]]("unmanagedJars") in Scope(Build: file:/Users/Messi/Development/scala-prog/scala-cat-database/, , Project: ProjectReference(file:/Users/Messi/Development/scala-prog/scala-cat-database/,root), Config: compile)))
Sending msg to client play-fork-run-92893f07-a409-4545-9690-587129260837: TaskFinished(14,1410,None,true,None)
Sending msg to client play-fork-run-92893f07-a409-4545-9690-587129260837: TaskStarted(14,1409,None)
Sending msg to client play-fork-run-92893f07-a409-4545-9690-587129260837: TaskFinished(14,1411,None,true,None)
Sending msg to client play-fork-run-92893f07-a409-4545-9690-587129260837: TaskFinished(14,1394,Some(AttributeKey[scala.collection.Seq[java.io.File]]("playMonitoredFiles") in Scope(Build: file:/Users/Messi/Development/scala-prog/scala-cat-database/, , Project: ProjectReference(file:/Users/Messi/Development/scala-prog/scala-cat-database/,root))),true,None)
Sending msg to client play-fork-run-92893f07-a409-4545-9690-587129260837: TaskFinished(14,1360,Some(AttributeKey[sbt.ModuleSettings]("moduleSettings") in Scope(Build: file:/Users/Messi/Development/scala-prog/scala-cat-database/, , Project: ProjectReference(file:/Users/Messi/Development/scala-prog/scala-cat-database/,root))),true,None)
Sending msg to client play-fork-run-92893f07-a409-4545-9690-587129260837: TaskFinished(14,1397,None,true,None)
Sending msg to client play-fork-run-92893f07-a409-4545-9690-587129260837: TaskFinished(14,1369,Some(AttributeKey[scala.collection.immutable.Map[org.apache.ivy.core.module.id.ModuleRevisionId,org.apache.ivy.core.module.descriptor.ModuleDescriptor]]("projectDescriptors") in Scope(Build: file:/Users/Messi/Development/scala-prog/scala-cat-database/, , Project: ProjectReference(file:/Users/Messi/Development/scala-prog/scala-cat-database/,root))),true,None)
Sending msg to client play-fork-run-92893f07-a409-4545-9690-587129260837: TaskStarted(14,1368,Some(AttributeKey[sbt.Resolver]("projectResolver") in Scope(Build: file:/Users/Messi/Development/scala-prog/scala-cat-database/, , Project: ProjectReference(file:/Users/Messi/Development/scala-prog/scala-cat-database/,root))))
Sending msg to client play-fork-run-92893f07-a409-4545-9690-587129260837: TaskStarted(14,1412,None)
Sending msg to client play-fork-run-92893f07-a409-4545-9690-587129260837: TaskFinished(14,1402,Some(AttributeKey[scala.collection.Seq[sbt.Attributed[java.io.File]]]("unmanagedJars") in Scope(Build: file:/Users/Messi/Development/scala-prog/scala-cat-database/, , Project: ProjectReference(file:/Users/Messi/Development/scala-prog/scala-cat-database/,root), Config: runtime)),true,None)
Sending msg to client play-fork-run-92893f07-a409-4545-9690-587129260837: TaskFinished(14,1406,Some(AttributeKey[scala.collection.Seq[sbt.Attributed[java.io.File]]]("unmanagedJars") in Scope(Build: file:/Users/Messi/Development/scala-prog/scala-cat-database/, , Project: ProjectReference(file:/Users/Messi/Development/scala-prog/scala-cat-database/,root), Config: compile)),true,None)
Sending msg to client play-fork-run-92893f07-a409-4545-9690-587129260837: TaskFinished(14,1368,Some(AttributeKey[sbt.Resolver]("projectResolver") in Scope(Build: file:/Users/Messi/Development/scala-prog/scala-cat-database/, , Project: ProjectReference(file:/Users/Messi/Development/scala-prog/scala-cat-database/,root))),true,None)
Sending msg to client play-fork-run-92893f07-a409-4545-9690-587129260837: TaskStarted(14,1367,Some(AttributeKey[scala.collection.Seq[sbt.Resolver]]("fullResolvers") in Scope(Build: file:/Users/Messi/Development/scala-prog/scala-cat-database/, , Project: ProjectReference(file:/Users/Messi/Development/scala-prog/scala-cat-database/,root))))
Sending msg to client play-fork-run-92893f07-a409-4545-9690-587129260837: TaskFinished(14,1412,None,true,None)
Sending msg to client play-fork-run-92893f07-a409-4545-9690-587129260837: TaskFinished(14,1409,None,true,None)
Sending msg to client play-fork-run-92893f07-a409-4545-9690-587129260837: TaskStarted(14,1405,Some(AttributeKey[scala.collection.Seq[sbt.Attributed[java.io.File]]]("unmanagedJars") in Scope(Build: file:/Users/Messi/Development/scala-prog/scala-cat-database/, , Project: ProjectReference(file:/Users/Messi/Development/scala-prog/scala-cat-database/,root), Config: compile)))
Sending msg to client play-fork-run-92893f07-a409-4545-9690-587129260837: TaskFinished(14,1367,Some(AttributeKey[scala.collection.Seq[sbt.Resolver]]("fullResolvers") in Scope(Build: file:/Users/Messi/Development/scala-prog/scala-cat-database/, , Project: ProjectReference(file:/Users/Messi/Development/scala-prog/scala-cat-database/,root))),true,None)
Sending msg to client play-fork-run-92893f07-a409-4545-9690-587129260837: TaskStarted(14,1366,Some(AttributeKey[sbt.IvyConfiguration]("ivyConfiguration") in Scope(Build: file:/Users/Messi/Development/scala-prog/scala-cat-database/, , Project: ProjectReference(file:/Users/Messi/Development/scala-prog/scala-cat-database/,root))))
Sending msg to client play-fork-run-92893f07-a409-4545-9690-587129260837: TaskFinished(14,1405,Some(AttributeKey[scala.collection.Seq[sbt.Attributed[java.io.File]]]("unmanagedJars") in Scope(Build: file:/Users/Messi/Development/scala-prog/scala-cat-database/, , Project: ProjectReference(file:/Users/Messi/Development/scala-prog/scala-cat-database/,root), Config: compile)),true,None)
Sending msg to client play-fork-run-92893f07-a409-4545-9690-587129260837: TaskStarted(14,1401,None)
Sending msg to client play-fork-run-92893f07-a409-4545-9690-587129260837: TaskFinished(14,1366,Some(AttributeKey[sbt.IvyConfiguration]("ivyConfiguration") in Scope(Build: file:/Users/Messi/Development/scala-prog/scala-cat-database/, , Project: ProjectReference(file:/Users/Messi/Development/scala-prog/scala-cat-database/,root))),true,None)
Sending msg to client play-fork-run-92893f07-a409-4545-9690-587129260837: TaskStarted(14,1365,Some(AttributeKey[sbt.IvySbt]("ivySbt") in Scope(Build: file:/Users/Messi/Development/scala-prog/scala-cat-database/, , Project: ProjectReference(file:/Users/Messi/Development/scala-prog/scala-cat-database/,root))))
Sending msg to client play-fork-run-92893f07-a409-4545-9690-587129260837: TaskFinished(14,1401,None,true,None)
Sending msg to client play-fork-run-92893f07-a409-4545-9690-587129260837: TaskStarted(14,1400,None)
Sending msg to client play-fork-run-92893f07-a409-4545-9690-587129260837: TaskFinished(14,1365,Some(AttributeKey[sbt.IvySbt]("ivySbt") in Scope(Build: file:/Users/Messi/Development/scala-prog/scala-cat-database/, , Project: ProjectReference(file:/Users/Messi/Development/scala-prog/scala-cat-database/,root))),true,None)
Sending msg to client play-fork-run-92893f07-a409-4545-9690-587129260837: TaskStarted(14,1359,Some(AttributeKey[sbt.IvySbt$Module]("ivyModule") in Scope(Build: file:/Users/Messi/Development/scala-prog/scala-cat-database/, , Project: ProjectReference(file:/Users/Messi/Development/scala-prog/scala-cat-database/,root))))
Sending msg to client play-fork-run-92893f07-a409-4545-9690-587129260837: TaskFinished(14,1400,None,true,None)
Sending msg to client play-fork-run-92893f07-a409-4545-9690-587129260837: TaskFinished(14,1392,None,true,None)
Sending msg to client play-fork-run-92893f07-a409-4545-9690-587129260837: TaskStarted(14,1391,Some(AttributeKey[scala.collection.Seq[sbt.Attributed[java.io.File]]]("unmanagedClasspath") in Scope(Build: file:/Users/Messi/Development/scala-prog/scala-cat-database/, , Project: ProjectReference(file:/Users/Messi/Development/scala-prog/scala-cat-database/,root), Config: runtime)))
Sending msg to client play-fork-run-92893f07-a409-4545-9690-587129260837: TaskFinished(14,1359,Some(AttributeKey[sbt.IvySbt$Module]("ivyModule") in Scope(Build: file:/Users/Messi/Development/scala-prog/scala-cat-database/, , Project: ProjectReference(file:/Users/Messi/Development/scala-prog/scala-cat-database/,root))),true,None)
Sending msg to client play-fork-run-92893f07-a409-4545-9690-587129260837: TaskStarted(14,1347,Some(AttributeKey[sbt.UpdateReport]("update") in Scope(Build: file:/Users/Messi/Development/scala-prog/scala-cat-database/, , Project: ProjectReference(file:/Users/Messi/Development/scala-prog/scala-cat-database/,root))))
Sending msg to client play-fork-run-92893f07-a409-4545-9690-587129260837: TaskFinished(14,1391,Some(AttributeKey[scala.collection.Seq[sbt.Attributed[java.io.File]]]("unmanagedClasspath") in Scope(Build: file:/Users/Messi/Development/scala-prog/scala-cat-database/, , Project: ProjectReference(file:/Users/Messi/Development/scala-prog/scala-cat-database/,root), Config: runtime)),true,None)
Sending msg to client play-fork-run-92893f07-a409-4545-9690-587129260837: TaskFinished(14,1347,Some(AttributeKey[sbt.UpdateReport]("update") in Scope(Build: file:/Users/Messi/Development/scala-prog/scala-cat-database/, , Project: ProjectReference(file:/Users/Messi/Development/scala-prog/scala-cat-database/,root))),true,None)
Sending msg to client play-fork-run-92893f07-a409-4545-9690-587129260837: TaskStarted(14,1344,Some(AttributeKey[sbt.UpdateReport]("update") in Scope(Build: file:/Users/Messi/Development/scala-prog/scala-cat-database/, , Project: ProjectReference(file:/Users/Messi/Development/scala-prog/scala-cat-database/,root))))
Sending msg to client play-fork-run-92893f07-a409-4545-9690-587129260837: TaskFinished(14,1344,Some(AttributeKey[sbt.UpdateReport]("update") in Scope(Build: file:/Users/Messi/Development/scala-prog/scala-cat-database/, , Project: ProjectReference(file:/Users/Messi/Development/scala-prog/scala-cat-database/,root))),true,None)
Sending msg to client play-fork-run-92893f07-a409-4545-9690-587129260837: TaskStarted(14,1343,Some(AttributeKey[scala.collection.Seq[sbt.Attributed[java.io.File]]]("managedClasspath") in Scope(Build: file:/Users/Messi/Development/scala-prog/scala-cat-database/, , Project: ProjectReference(file:/Users/Messi/Development/scala-prog/scala-cat-database/,root), Config: docs)))
Sending msg to client play-fork-run-92893f07-a409-4545-9690-587129260837: TaskStarted(14,1388,Some(AttributeKey[sbt.Configuration]("classpathConfiguration") in Scope(Build: file:/Users/Messi/Development/scala-prog/scala-cat-database/, , Project: ProjectReference(file:/Users/Messi/Development/scala-prog/scala-cat-database/,root), Config: compile)))
Sending msg to client play-fork-run-92893f07-a409-4545-9690-587129260837: TaskFinished(14,1388,Some(AttributeKey[sbt.Configuration]("classpathConfiguration") in Scope(Build: file:/Users/Messi/Development/scala-prog/scala-cat-database/, , Project: ProjectReference(file:/Users/Messi/Development/scala-prog/scala-cat-database/,root), Config: compile)),true,None)
Sending msg to client play-fork-run-92893f07-a409-4545-9690-587129260837: TaskStarted(14,1387,None)
Sending msg to client play-fork-run-92893f07-a409-4545-9690-587129260837: TaskFinished(14,1387,None,true,None)
Sending msg to client play-fork-run-92893f07-a409-4545-9690-587129260837: TaskStarted(14,1386,Some(AttributeKey[sbt.Configuration]("classpathConfiguration") in Scope(Build: file:/Users/Messi/Development/scala-prog/scala-cat-database/, , Project: ProjectReference(file:/Users/Messi/Development/scala-prog/scala-cat-database/,root), Config: runtime)))
Sending msg to client play-fork-run-92893f07-a409-4545-9690-587129260837: TaskFinished(14,1386,Some(AttributeKey[sbt.Configuration]("classpathConfiguration") in Scope(Build: file:/Users/Messi/Development/scala-prog/scala-cat-database/, , Project: ProjectReference(file:/Users/Messi/Development/scala-prog/scala-cat-database/,root), Config: runtime)),true,None)
Sending msg to client play-fork-run-92893f07-a409-4545-9690-587129260837: TaskStarted(14,1385,None)
Sending msg to client play-fork-run-92893f07-a409-4545-9690-587129260837: TaskFinished(14,1385,None,true,None)
Sending msg to client play-fork-run-92893f07-a409-4545-9690-587129260837: TaskStarted(14,1384,Some(AttributeKey[scala.collection.Seq[sbt.Attributed[java.io.File]]]("managedClasspath") in Scope(Build: file:/Users/Messi/Development/scala-prog/scala-cat-database/, , Project: ProjectReference(file:/Users/Messi/Development/scala-prog/scala-cat-database/,root), Config: runtime)))
Sending msg to client play-fork-run-92893f07-a409-4545-9690-587129260837: TaskFinished(14,1343,Some(AttributeKey[scala.collection.Seq[sbt.Attributed[java.io.File]]]("managedClasspath") in Scope(Build: file:/Users/Messi/Development/scala-prog/scala-cat-database/, , Project: ProjectReference(file:/Users/Messi/Development/scala-prog/scala-cat-database/,root), Config: docs)),true,None)
Sending msg to client play-fork-run-92893f07-a409-4545-9690-587129260837: TaskStarted(14,1378,Some(AttributeKey[scala.Option[java.io.File]]("playDocsJar") in Scope(Build: file:/Users/Messi/Development/scala-prog/scala-cat-database/, , Project: ProjectReference(file:/Users/Messi/Development/scala-prog/scala-cat-database/,root))))
Sending msg to client play-fork-run-92893f07-a409-4545-9690-587129260837: TaskFinished(14,1378,Some(AttributeKey[scala.Option[java.io.File]]("playDocsJar") in Scope(Build: file:/Users/Messi/Development/scala-prog/scala-cat-database/, , Project: ProjectReference(file:/Users/Messi/Development/scala-prog/scala-cat-database/,root))),true,None)
Sending msg to client play-fork-run-92893f07-a409-4545-9690-587129260837: TaskFinished(14,1384,Some(AttributeKey[scala.collection.Seq[sbt.Attributed[java.io.File]]]("managedClasspath") in Scope(Build: file:/Users/Messi/Development/scala-prog/scala-cat-database/, , Project: ProjectReference(file:/Users/Messi/Development/scala-prog/scala-cat-database/,root), Config: runtime)),true,None)
Sending msg to client play-fork-run-92893f07-a409-4545-9690-587129260837: TaskStarted(14,1383,None)
Sending msg to client play-fork-run-92893f07-a409-4545-9690-587129260837: TaskFinished(14,1383,None,true,None)
Sending msg to client play-fork-run-92893f07-a409-4545-9690-587129260837: TaskStarted(14,1381,Some(AttributeKey[scala.collection.Seq[sbt.Attributed[java.io.File]]]("playDependencyClasspath") in Scope(Build: file:/Users/Messi/Development/scala-prog/scala-cat-database/, , Project: ProjectReference(file:/Users/Messi/Development/scala-prog/scala-cat-database/,root))))
Sending msg to client play-fork-run-92893f07-a409-4545-9690-587129260837: TaskFinished(14,1381,Some(AttributeKey[scala.collection.Seq[sbt.Attributed[java.io.File]]]("playDependencyClasspath") in Scope(Build: file:/Users/Messi/Development/scala-prog/scala-cat-database/, , Project: ProjectReference(file:/Users/Messi/Development/scala-prog/scala-cat-database/,root))),true,None)
Sending msg to client play-fork-run-92893f07-a409-4545-9690-587129260837: TaskStarted(14,1341,Some(AttributeKey[play.forkrun.protocol.ForkConfig]("playForkConfig") in Scope(Build: file:/Users/Messi/Development/scala-prog/scala-cat-database/, , Project: ProjectReference(file:/Users/Messi/Development/scala-prog/scala-cat-database/,root))))
Sending msg to client play-fork-run-92893f07-a409-4545-9690-587129260837: TaskFinished(14,1341,Some(AttributeKey[play.forkrun.protocol.ForkConfig]("playForkConfig") in Scope(Build: file:/Users/Messi/Development/scala-prog/scala-cat-database/, , Project: ProjectReference(file:/Users/Messi/Development/scala-prog/scala-cat-database/,root))),true,None)
Sending msg to client play-fork-run-92893f07-a409-4545-9690-587129260837: ValueChanged(AttributeKey[play.forkrun.protocol.ForkConfig]("playForkConfig") in Scope(Build: file:/Users/Messi/Development/scala-prog/scala-cat-database/, , Project: ProjectReference(file:/Users/Messi/Development/scala-prog/scala-cat-database/,root)),TaskSuccess(BuildValue(LazyValue(ForkConfig(/Users/Messi/Development/scala-prog/scala-cat-database,List(),List(/Users/Messi/.ivy2/cache/org.scala-lang/scala-library/jars/scala-library-2.11.6.jar, /Users/Messi/.ivy2/cache/com.typesafe.play/twirl-api_2.11/jars/twirl-api_2.11-1.1.1.jar, /Users/Messi/.ivy2/cache/org.apache.commons/commons-lang3/jars/commons-lang3-3.4.jar, /Users/Messi/.ivy2/cache/org.scala-lang.modules/scala-xml_2.11/bundles/scala-xml_2.11-1.0.1.jar, /Users/Messi/.ivy2/cache/com.typesafe.play/play-server_2.11/jars/play-server_2.11-2.4.2.jar, /Users/Messi/.ivy2/cache/com.typesafe.play/play_2.11/jars/play_2.11-2.4.2.jar, /Users/Messi/.ivy2/cache/com.typesafe.play/build-link/jars/build-link-2.4.2.jar, /Users/Messi/.ivy2/cache/com.typesafe.play/play-exceptions/jars/play-exceptions-2.4.2.jar, /Users/Messi/.ivy2/cache/org.javassist/javassist/bundles/javassist-3.19.0-GA.jar, /Users/Messi/.ivy2/cache/com.typesafe.play/play-iteratees_2.11/jars/play-iteratees_2.11-2.4.2.jar, /Users/Messi/.ivy2/cache/org.scala-stm/scala-stm_2.11/jars/scala-stm_2.11-0.7.jar, /Users/Messi/.ivy2/cache/com.typesafe/config/bundles/config-1.3.0.jar, /Users/Messi/.ivy2/cache/com.typesafe.play/play-json_2.11/jars/play-json_2.11-2.4.2.jar, /Users/Messi/.ivy2/cache/com.typesafe.play/play-functional_2.11/jars/play-functional_2.11-2.4.2.jar, /Users/Messi/.ivy2/cache/com.typesafe.play/play-datacommons_2.11/jars/play-datacommons_2.11-2.4.2.jar, /Users/Messi/.ivy2/cache/joda-time/joda-time/jars/joda-time-2.8.1.jar, /Users/Messi/.ivy2/cache/org.joda/joda-convert/jars/joda-convert-1.7.jar, /Users/Messi/.ivy2/cache/org.scala-lang/scala-reflect/jars/scala-reflect-2.11.6.jar, /Users/Messi/.ivy2/cache/com.fasterxml.jackson.core/jackson-core/bundles/jackson-core-2.5.4.jar, /Users/Messi/.ivy2/cache/com.fasterxml.jackson.core/jackson-annotations/bundles/jackson-annotations-2.5.4.jar, /Users/Messi/.ivy2/cache/com.fasterxml.jackson.core/jackson-databind/bundles/jackson-databind-2.5.4.jar, /Users/Messi/.ivy2/cache/com.fasterxml.jackson.datatype/jackson-datatype-jdk8/bundles/jackson-datatype-jdk8-2.5.4.jar, /Users/Messi/.ivy2/cache/com.fasterxml.jackson.datatype/jackson-datatype-jsr310/bundles/jackson-datatype-jsr310-2.5.4.jar, /Users/Messi/.ivy2/cache/com.typesafe.play/play-netty-utils/jars/play-netty-utils-2.4.2.jar, /Users/Messi/.ivy2/cache/org.slf4j/slf4j-api/jars/slf4j-api-1.7.12.jar, /Users/Messi/.ivy2/cache/org.slf4j/jul-to-slf4j/jars/jul-to-slf4j-1.7.12.jar, /Users/Messi/.ivy2/cache/org.slf4j/jcl-over-slf4j/jars/jcl-over-slf4j-1.7.12.jar, /Users/Messi/.ivy2/cache/org.scala-lang.modules/scala-parser-combinators_2.11/bundles/scala-parser-combinators_2.11-1.0.1.jar, /Users/Messi/.ivy2/cache/ch.qos.logback/logback-core/jars/logback-core-1.1.3.jar, /Users/Messi/.ivy2/cache/ch.qos.logback/logback-classic/jars/logback-classic-1.1.3.jar, /Users/Messi/.ivy2/cache/com.typesafe.akka/akka-actor_2.11/jars/akka-actor_2.11-2.3.11.jar, /Users/Messi/.ivy2/cache/com.typesafe.akka/akka-slf4j_2.11/jars/akka-slf4j_2.11-2.3.11.jar, /Users/Messi/.ivy2/cache/commons-codec/commons-codec/jars/commons-codec-1.10.jar, /Users/Messi/.ivy2/cache/xerces/xercesImpl/jars/xercesImpl-2.11.0.jar, /Users/Messi/.ivy2/cache/xml-apis/xml-apis/jars/xml-apis-1.4.01.jar, /Users/Messi/.ivy2/cache/javax.transaction/jta/jars/jta-1.1.jar, /Users/Messi/.ivy2/cache/com.google.inject/guice/jars/guice-4.0.jar, /Users/Messi/.ivy2/cache/javax.inject/javax.inject/jars/javax.inject-1.jar, /Users/Messi/.ivy2/cache/aopalliance/aopalliance/jars/aopalliance-1.0.jar, /Users/Messi/.ivy2/cache/com.google.inject.extensions/guice-assistedinject/jars/guice-assistedinject-4.0.jar, /Users/Messi/.ivy2/cache/com.typesafe.play/play-netty-server_2.11/jars/play-netty-server_2.11-2.4.2.jar, /Users/Messi/.ivy2/cache/io.netty/netty/bundles/netty-3.10.3.Final.jar, /Users/Messi/.ivy2/cache/com.typesafe.netty/netty-http-pipelining/jars/netty-http-pipelining-1.1.4.jar, /Users/Messi/.ivy2/cache/com.typesafe.play/play-jdbc_2.11/jars/play-jdbc_2.11-2.4.2.jar, /Users/Messi/.ivy2/cache/com.typesafe.play/play-jdbc-api_2.11/jars/play-jdbc-api_2.11-2.4.2.jar, /Users/Messi/.ivy2/cache/com.jolbox/bonecp/bundles/bonecp-0.8.0.RELEASE.jar, /Users/Messi/.ivy2/cache/com.zaxxer/HikariCP/bundles/HikariCP-2.3.7.jar, /Users/Messi/.ivy2/cache/com.h2database/h2/jars/h2-1.4.187.jar, /Users/Messi/.ivy2/cache/tyrex/tyrex/jars/tyrex-1.0.1.jar, /Users/Messi/.ivy2/cache/com.typesafe.play/play-cache_2.11/jars/play-cache_2.11-2.4.2.jar, /Users/Messi/.ivy2/cache/net.sf.ehcache/ehcache-core/jars/ehcache-core-2.6.11.jar, /Users/Messi/.ivy2/cache/com.typesafe.play/play-ws_2.11/jars/play-ws_2.11-2.4.2.jar, /Users/Messi/.ivy2/cache/com.google.guava/guava/bundles/guava-18.0.jar, /Users/Messi/.ivy2/cache/com.ning/async-http-client/jars/async-http-client-1.9.21.jar, /Users/Messi/.ivy2/cache/oauth.signpost/signpost-core/jars/signpost-core-1.2.1.2.jar, /Users/Messi/.ivy2/cache/oauth.signpost/signpost-commonshttp4/jars/signpost-commonshttp4-1.2.1.2.jar, /Users/Messi/.ivy2/cache/org.apache.httpcomponents/httpcore/jars/httpcore-4.0.1.jar, /Users/Messi/.ivy2/cache/org.apache.httpcomponents/httpclient/jars/httpclient-4.0.1.jar, /Users/Messi/.ivy2/cache/commons-logging/commons-logging/jars/commons-logging-1.1.1.jar, /Users/Messi/.ivy2/cache/com.typesafe.play/anorm_2.11/jars/anorm_2.11-2.4.0.jar, /Users/Messi/.ivy2/cache/com.typesafe.play/anorm-tokenizer_2.11/jars/anorm-tokenizer_2.11-2.4.0.jar, /Users/Messi/.ivy2/cache/com.jsuereth/scala-arm_2.11/jars/scala-arm_2.11-1.4.jar, /Users/Messi/.ivy2/cache/org.scala-lang.plugins/scala-continuations-library_2.11/bundles/scala-continuations-library_2.11-1.0.1.jar, /Users/Messi/.ivy2/cache/com.typesafe.play/play-jdbc-evolutions_2.11/jars/play-jdbc-evolutions_2.11-2.4.2.jar, /Users/Messi/.ivy2/cache/org.postgresql/postgresql/jars/postgresql-9.4-1201-jdbc41.jar),List((public/,/Users/Messi/Development/scala-prog/scala-cat-database/target/web/public/main)),List(/Users/Messi/.ivy2/cache/com.typesafe.play/play-omnidoc_2.11/jars/play-omnidoc_2.11-2.4.2.jar, /Users/Messi/.ivy2/cache/org.scala-lang/scala-library/jars/scala-library-2.11.6.jar, /Users/Messi/.ivy2/cache/com.typesafe.play/play-docs_2.11/jars/play-docs_2.11-2.4.2.jar, /Users/Messi/.ivy2/cache/com.typesafe.play/play-netty-server_2.11/jars/play-netty-server_2.11-2.4.2.jar, /Users/Messi/.ivy2/cache/com.typesafe.play/play-server_2.11/jars/play-server_2.11-2.4.2.jar, /Users/Messi/.ivy2/cache/com.typesafe.play/play_2.11/jars/play_2.11-2.4.2.jar, /Users/Messi/.ivy2/cache/com.typesafe.play/build-link/jars/build-link-2.4.2.jar, /Users/Messi/.ivy2/cache/com.typesafe.play/play-exceptions/jars/play-exceptions-2.4.2.jar, /Users/Messi/.ivy2/cache/org.javassist/javassist/bundles/javassist-3.19.0-GA.jar, /Users/Messi/.ivy2/cache/com.typesafe.play/play-iteratees_2.11/jars/play-iteratees_2.11-2.4.2.jar, /Users/Messi/.ivy2/cache/org.scala-stm/scala-stm_2.11/jars/scala-stm_2.11-0.7.jar, /Users/Messi/.ivy2/cache/com.typesafe/config/bundles/config-1.3.0.jar, /Users/Messi/.ivy2/cache/com.typesafe.play/play-json_2.11/jars/play-json_2.11-2.4.2.jar, /Users/Messi/.ivy2/cache/com.typesafe.play/play-functional_2.11/jars/play-functional_2.11-2.4.2.jar, /Users/Messi/.ivy2/cache/com.typesafe.play/play-datacommons_2.11/jars/play-datacommons_2.11-2.4.2.jar, /Users/Messi/.ivy2/cache/joda-time/joda-time/jars/joda-time-2.8.1.jar, /Users/Messi/.ivy2/cache/org.joda/joda-convert/jars/joda-convert-1.7.jar, /Users/Messi/.ivy2/cache/org.scala-lang/scala-reflect/jars/scala-reflect-2.11.6.jar, /Users/Messi/.ivy2/cache/com.fasterxml.jackson.core/jackson-core/bundles/jackson-core-2.5.4.jar, /Users/Messi/.ivy2/cache/com.fasterxml.jackson.core/jackson-annotations/bundles/jackson-annotations-2.5.4.jar, /Users/Messi/.ivy2/cache/com.fasterxml.jackson.core/jackson-databind/bundles/jackson-databind-2.5.4.jar, /Users/Messi/.ivy2/cache/com.fasterxml.jackson.datatype/jackson-datatype-jdk8/bundles/jackson-datatype-jdk8-2.5.4.jar, /Users/Messi/.ivy2/cache/com.fasterxml.jackson.datatype/jackson-datatype-jsr310/bundles/jackson-datatype-jsr310-2.5.4.jar, /Users/Messi/.ivy2/cache/com.typesafe.play/play-netty-utils/jars/play-netty-utils-2.4.2.jar, /Users/Messi/.ivy2/cache/org.slf4j/slf4j-api/jars/slf4j-api-1.7.12.jar, /Users/Messi/.ivy2/cache/org.slf4j/jul-to-slf4j/jars/jul-to-slf4j-1.7.12.jar, /Users/Messi/.ivy2/cache/org.slf4j/jcl-over-slf4j/jars/jcl-over-slf4j-1.7.12.jar, /Users/Messi/.ivy2/cache/com.typesafe.play/twirl-api_2.11/jars/twirl-api_2.11-1.1.1.jar, /Users/Messi/.ivy2/cache/org.apache.commons/commons-lang3/jars/commons-lang3-3.4.jar, /Users/Messi/.ivy2/cache/org.scala-lang.modules/scala-xml_2.11/bundles/scala-xml_2.11-1.0.1.jar, /Users/Messi/.ivy2/cache/org.scala-lang.modules/scala-parser-combinators_2.11/bundles/scala-parser-combinators_2.11-1.0.1.jar, /Users/Messi/.ivy2/cache/ch.qos.logback/logback-core/jars/logback-core-1.1.3.jar, /Users/Messi/.ivy2/cache/ch.qos.logback/logback-classic/jars/logback-classic-1.1.3.jar, /Users/Messi/.ivy2/cache/com.typesafe.akka/akka-actor_2.11/jars/akka-actor_2.11-2.3.11.jar, /Users/Messi/.ivy2/cache/com.typesafe.akka/akka-slf4j_2.11/jars/akka-slf4j_2.11-2.3.11.jar, /Users/Messi/.ivy2/cache/commons-codec/commons-codec/jars/commons-codec-1.10.jar, /Users/Messi/.ivy2/cache/xerces/xercesImpl/jars/xercesImpl-2.11.0.jar, /Users/Messi/.ivy2/cache/xml-apis/xml-apis/jars/xml-apis-1.4.01.jar, /Users/Messi/.ivy2/cache/javax.transaction/jta/jars/jta-1.1.jar, /Users/Messi/.ivy2/cache/com.google.inject/guice/jars/guice-4.0.jar, /Users/Messi/.ivy2/cache/javax.inject/javax.inject/jars/javax.inject-1.jar, /Users/Messi/.ivy2/cache/aopalliance/aopalliance/jars/aopalliance-1.0.jar, /Users/Messi/.ivy2/cache/com.google.guava/guava/bundles/guava-16.0.1.jar, /Users/Messi/.ivy2/cache/com.google.inject.extensions/guice-assistedinject/jars/guice-assistedinject-4.0.jar, /Users/Messi/.ivy2/cache/io.netty/netty/bundles/netty-3.10.3.Final.jar, /Users/Messi/.ivy2/cache/com.typesafe.netty/netty-http-pipelining/jars/netty-http-pipelining-1.1.4.jar, /Users/Messi/.ivy2/cache/com.typesafe.play/play-doc_2.11/jars/play-doc_2.11-1.2.2.jar, /Users/Messi/.ivy2/cache/org.pegdown/pegdown/jars/pegdown-1.4.0.jar, /Users/Messi/.ivy2/cache/org.parboiled/parboiled-java/bundles/parboiled-java-1.1.5.jar, /Users/Messi/.ivy2/cache/org.parboiled/parboiled-core/bundles/parboiled-core-1.1.5.jar, /Users/Messi/.ivy2/cache/org.ow2.asm/asm/jars/asm-4.1.jar, /Users/Messi/.ivy2/cache/org.ow2.asm/asm-tree/jars/asm-tree-4.1.jar, /Users/Messi/.ivy2/cache/org.ow2.asm/asm-analysis/jars/asm-analysis-4.1.jar, /Users/Messi/.ivy2/cache/org.ow2.asm/asm-util/jars/asm-util-4.1.jar, /Users/Messi/.ivy2/cache/commons-io/commons-io/jars/commons-io-2.4.jar),Some(/Users/Messi/.ivy2/cache/com.typesafe.play/play-omnidoc_2.11/jars/play-omnidoc_2.11-2.4.2.jar),List(),9000,0.0.0.0,DefaultWatchService,List(/Users/Messi/Development/scala-prog/scala-cat-database/public, /Users/Messi/Development/scala-prog/scala-cat-database/conf, /Users/Messi/Development/scala-prog/scala-cat-database/app),/Users/Messi/Development/scala-prog/scala-cat-database/target,500,root/playForkNotifyStart,root/playForkReload,300000,play.core.server.DevServerStart),scala.pickling.PicklerUnpickler$DelegatingPicklerUnpickler@2384f742),ForkConfig(/Users/Messi/Development/scala-prog/scala-cat-database,List(),List(/Users/Messi/.ivy2/cache/org.scala-lang/scala-library/jars/scala-library-2.11.6.jar, /Users/Messi/.ivy2/cache/com.typesafe.play/twirl-api_2.11/jars/twirl-api_2.11-1.1.1.jar, /Users/Messi/.ivy2/cache/org.apache.commons/commons-lang3/jars/commons-lang3-3.4.jar, /Users/Messi/.ivy2/cache/org.scala-lang.modules/scala-xml_2.11/bundles/scala-xml_2.11-1.0.1.jar, /Users/Messi/.ivy2/cache/com.typesafe.play/play-server_2.11/jars/play-server_2.11-2.4.2.jar, /Users/Messi/.ivy2/cache/com.typesafe.play/play_2.11/jars/play_2.11-2.4.2.jar, /Users/Messi/.ivy2/cache/com.typesafe.play/build-link/jars/build-link-2.4.2.jar, /Users/Messi/.ivy2/cache/com.typesafe.play/play-exceptions/jars/play-exceptions-2.4.2.jar, /Users/Messi/.ivy2/cache/org.javassist/javassist/bundles/javassist-3.19.0-GA.jar, /Users/Messi/.ivy2/cache/com.typesafe.play/play-iteratees_2.11/jars/play-iteratees_2.11-2.4.2.jar, /Users/Messi/.ivy2/cache/org.scala-stm/scala-stm_2.11/jars/scala-stm_2.11-0.7.jar, /Users/Messi/.ivy2/cache/com.typesafe/config/bundles/config-1.3.0.jar, /Users/Messi/.ivy2/cache/com.typesafe.play/play-json_2.11/jars/play-json_2.11-2.4.2.jar, /Users/Messi/.ivy2/cache/com.typesafe.play/play-functional_2.11/jars/play-functional_2.11-2.4.2.jar, /Users/Messi/.ivy2/cache/com.typesafe.play/play-datacommons_2.11/jars/play-datacommons_2.11-2.4.2.jar, /Users/Messi/.ivy2/cache/joda-time/joda-time/jars/joda-time-2.8.1.jar, /Users/Messi/.ivy2/cache/org.joda/joda-convert/jars/joda-convert-1.7.jar, /Users/Messi/.ivy2/cache/org.scala-lang/scala-reflect/jars/scala-reflect-2.11.6.jar, /Users/Messi/.ivy2/cache/com.fasterxml.jackson.core/jackson-core/bundles/jackson-core-2.5.4.jar, /Users/Messi/.ivy2/cache/com.fasterxml.jackson.core/jackson-annotations/bundles/jackson-annotations-2.5.4.jar, /Users/Messi/.ivy2/cache/com.fasterxml.jackson.core/jackson-databind/bundles/jackson-databind-2.5.4.jar, /Users/Messi/.ivy2/cache/com.fasterxml.jackson.datatype/jackson-datatype-jdk8/bundles/jackson-datatype-jdk8-2.5.4.jar, /Users/Messi/.ivy2/cache/com.fasterxml.jackson.datatype/jackson-datatype-jsr310/bundles/jackson-datatype-jsr310-2.5.4.jar, /Users/Messi/.ivy2/cache/com.typesafe.play/play-netty-utils/jars/play-netty-utils-2.4.2.jar, /Users/Messi/.ivy2/cache/org.slf4j/slf4j-api/jars/slf4j-api-1.7.12.jar, /Users/Messi/.ivy2/cache/org.slf4j/jul-to-slf4j/jars/jul-to-slf4j-1.7.12.jar, /Users/Messi/.ivy2/cache/org.slf4j/jcl-over-slf4j/jars/jcl-over-slf4j-1.7.12.jar, /Users/Messi/.ivy2/cache/org.scala-lang.modules/scala-parser-combinators_2.11/bundles/scala-parser-combinators_2.11-1.0.1.jar, /Users/Messi/.ivy2/cache/ch.qos.logback/logback-core/jars/logback-core-1.1.3.jar, /Users/Messi/.ivy2/cache/ch.qos.logback/logback-classic/jars/logback-classic-1.1.3.jar, /Users/Messi/.ivy2/cache/com.typesafe.akka/akka-actor_2.11/jars/akka-actor_2.11-2.3.11.jar, /Users/Messi/.ivy2/cache/com.typesafe.akka/akka-slf4j_2.11/jars/akka-slf4j_2.11-2.3.11.jar, /Users/Messi/.ivy2/cache/commons-codec/commons-codec/jars/commons-codec-1.10.jar, /Users/Messi/.ivy2/cache/xerces/xercesImpl/jars/xercesImpl-2.11.0.jar, /Users/Messi/.ivy2/cache/xml-apis/xml-apis/jars/xml-apis-1.4.01.jar, /Users/Messi/.ivy2/cache/javax.transaction/jta/jars/jta-1.1.jar, /Users/Messi/.ivy2/cache/com.google.inject/guice/jars/guice-4.0.jar, /Users/Messi/.ivy2/cache/javax.inject/javax.inject/jars/javax.inject-1.jar, /Users/Messi/.ivy2/cache/aopalliance/aopalliance/jars/aopalliance-1.0.jar, /Users/Messi/.ivy2/cache/com.google.inject.extensions/guice-assistedinject/jars/guice-assistedinject-4.0.jar, /Users/Messi/.ivy2/cache/com.typesafe.play/play-netty-server_2.11/jars/play-netty-server_2.11-2.4.2.jar, /Users/Messi/.ivy2/cache/io.netty/netty/bundles/netty-3.10.3.Final.jar, /Users/Messi/.ivy2/cache/com.typesafe.netty/netty-http-pipelining/jars/netty-http-pipelining-1.1.4.jar, /Users/Messi/.ivy2/cache/com.typesafe.play/play-jdbc_2.11/jars/play-jdbc_2.11-2.4.2.jar, /Users/Messi/.ivy2/cache/com.typesafe.play/play-jdbc-api_2.11/jars/play-jdbc-api_2.11-2.4.2.jar, /Users/Messi/.ivy2/cache/com.jolbox/bonecp/bundles/bonecp-0.8.0.RELEASE.jar, /Users/Messi/.ivy2/cache/com.zaxxer/HikariCP/bundles/HikariCP-2.3.7.jar, /Users/Messi/.ivy2/cache/com.h2database/h2/jars/h2-1.4.187.jar, /Users/Messi/.ivy2/cache/tyrex/tyrex/jars/tyrex-1.0.1.jar, /Users/Messi/.ivy2/cache/com.typesafe.play/play-cache_2.11/jars/play-cache_2.11-2.4.2.jar, /Users/Messi/.ivy2/cache/net.sf.ehcache/ehcache-core/jars/ehcache-core-2.6.11.jar, /Users/Messi/.ivy2/cache/com.typesafe.play/play-ws_2.11/jars/play-ws_2.11-2.4.2.jar, /Users/Messi/.ivy2/cache/com.google.guava/guava/bundles/guava-18.0.jar, /Users/Messi/.ivy2/cache/com.ning/async-http-client/jars/async-http-client-1.9.21.jar, /Users/Messi/.ivy2/cache/oauth.signpost/signpost-core/jars/signpost-core-1.2.1.2.jar, /Users/Messi/.ivy2/cache/oauth.signpost/signpost-commonshttp4/jars/signpost-commonshttp4-1.2.1.2.jar, /Users/Messi/.ivy2/cache/org.apache.httpcomponents/httpcore/jars/httpcore-4.0.1.jar, /Users/Messi/.ivy2/cache/org.apache.httpcomponents/httpclient/jars/httpclient-4.0.1.jar, /Users/Messi/.ivy2/cache/commons-logging/commons-logging/jars/commons-logging-1.1.1.jar, /Users/Messi/.ivy2/cache/com.typesafe.play/anorm_2.11/jars/anorm_2.11-2.4.0.jar, /Users/Messi/.ivy2/cache/com.typesafe.play/anorm-tokenizer_2.11/jars/anorm-tokenizer_2.11-2.4.0.jar, /Users/Messi/.ivy2/cache/com.jsuereth/scala-arm_2.11/jars/scala-arm_2.11-1.4.jar, /Users/Messi/.ivy2/cache/org.scala-lang.plugins/scala-continuations-library_2.11/bundles/scala-continuations-library_2.11-1.0.1.jar, /Users/Messi/.ivy2/cache/com.typesafe.play/play-jdbc-evolutions_2.11/jars/play-jdbc-evolutions_2.11-2.4.2.jar, /Users/Messi/.ivy2/cache/org.postgresql/postgresql/jars/postgresql-9.4-1201-jdbc41.jar),List((public/,/Users/Messi/Development/scala-prog/scala-cat-database/target/web/public/main)),List(/Users/Messi/.ivy2/cache/com.typesafe.play/play-omnidoc_2.11/jars/play-omnidoc_2.11-2.4.2.jar, /Users/Messi/.ivy2/cache/org.scala-lang/scala-library/jars/scala-library-2.11.6.jar, /Users/Messi/.ivy2/cache/com.typesafe.play/play-docs_2.11/jars/play-docs_2.11-2.4.2.jar, /Users/Messi/.ivy2/cache/com.typesafe.play/play-netty-server_2.11/jars/play-netty-server_2.11-2.4.2.jar, /Users/Messi/.ivy2/cache/com.typesafe.play/play-server_2.11/jars/play-server_2.11-2.4.2.jar, /Users/Messi/.ivy2/cache/com.typesafe.play/play_2.11/jars/play_2.11-2.4.2.jar, /Users/Messi/.ivy2/cache/com.typesafe.play/build-link/jars/build-link-2.4.2.jar, /Users/Messi/.ivy2/cache/com.typesafe.play/play-exceptions/jars/play-exceptions-2.4.2.jar, /Users/Messi/.ivy2/cache/org.javassist/javassist/bundles/javassist-3.19.0-GA.jar, /Users/Messi/.ivy2/cache/com.typesafe.play/play-iteratees_2.11/jars/play-iteratees_2.11-2.4.2.jar, /Users/Messi/.ivy2/cache/org.scala-stm/scala-stm_2.11/jars/scala-stm_2.11-0.7.jar, /Users/Messi/.ivy2/cache/com.typesafe/config/bundles/config-1.3.0.jar, /Users/Messi/.ivy2/cache/com.typesafe.play/play-json_2.11/jars/play-json_2.11-2.4.2.jar, /Users/Messi/.ivy2/cache/com.typesafe.play/play-functional_2.11/jars/play-functional_2.11-2.4.2.jar, /Users/Messi/.ivy2/cache/com.typesafe.play/play-datacommons_2.11/jars/play-datacommons_2.11-2.4.2.jar, /Users/Messi/.ivy2/cache/joda-time/joda-time/jars/joda-time-2.8.1.jar, /Users/Messi/.ivy2/cache/org.joda/joda-convert/jars/joda-convert-1.7.jar, /Users/Messi/.ivy2/cache/org.scala-lang/scala-reflect/jars/scala-reflect-2.11.6.jar, /Users/Messi/.ivy2/cache/com.fasterxml.jackson.core/jackson-core/bundles/jackson-core-2.5.4.jar, /Users/Messi/.ivy2/cache/com.fasterxml.jackson.core/jackson-annotations/bundles/jackson-annotations-2.5.4.jar, /Users/Messi/.ivy2/cache/com.fasterxml.jackson.core/jackson-databind/bundles/jackson-databind-2.5.4.jar, /Users/Messi/.ivy2/cache/com.fasterxml.jackson.datatype/jackson-datatype-jdk8/bundles/jackson-datatype-jdk8-2.5.4.jar, /Users/Messi/.ivy2/cache/com.fasterxml.jackson.datatype/jackson-datatype-jsr310/bundles/jackson-datatype-jsr310-2.5.4.jar, /Users/Messi/.ivy2/cache/com.typesafe.play/play-netty-utils/jars/play-netty-utils-2.4.2.jar, /Users/Messi/.ivy2/cache/org.slf4j/slf4j-api/jars/slf4j-api-1.7.12.jar, /Users/Messi/.ivy2/cache/org.slf4j/jul-to-slf4j/jars/jul-to-slf4j-1.7.12.jar, /Users/Messi/.ivy2/cache/org.slf4j/jcl-over-slf4j/jars/jcl-over-slf4j-1.7.12.jar, /Users/Messi/.ivy2/cache/com.typesafe.play/twirl-api_2.11/jars/twirl-api_2.11-1.1.1.jar, /Users/Messi/.ivy2/cache/org.apache.commons/commons-lang3/jars/commons-lang3-3.4.jar, /Users/Messi/.ivy2/cache/org.scala-lang.modules/scala-xml_2.11/bundles/scala-xml_2.11-1.0.1.jar, /Users/Messi/.ivy2/cache/org.scala-lang.modules/scala-parser-combinators_2.11/bundles/scala-parser-combinators_2.11-1.0.1.jar, /Users/Messi/.ivy2/cache/ch.qos.logback/logback-core/jars/logback-core-1.1.3.jar, /Users/Messi/.ivy2/cache/ch.qos.logback/logback-classic/jars/logback-classic-1.1.3.jar, /Users/Messi/.ivy2/cache/com.typesafe.akka/akka-actor_2.11/jars/akka-actor_2.11-2.3.11.jar, /Users/Messi/.ivy2/cache/com.typesafe.akka/akka-slf4j_2.11/jars/akka-slf4j_2.11-2.3.11.jar, /Users/Messi/.ivy2/cache/commons-codec/commons-codec/jars/commons-codec-1.10.jar, /Users/Messi/.ivy2/cache/xerces/xercesImpl/jars/xercesImpl-2.11.0.jar, /Users/Messi/.ivy2/cache/xml-apis/xml-apis/jars/xml-apis-1.4.01.jar, /Users/Messi/.ivy2/cache/javax.transaction/jta/jars/jta-1.1.jar, /Users/Messi/.ivy2/cache/com.google.inject/guice/jars/guice-4.0.jar, /Users/Messi/.ivy2/cache/javax.inject/javax.inject/jars/javax.inject-1.jar, /Users/Messi/.ivy2/cache/aopalliance/aopalliance/jars/aopalliance-1.0.jar, /Users/Messi/.ivy2/cache/com.google.guava/guava/bundles/guava-16.0.1.jar, /Users/Messi/.ivy2/cache/com.google.inject.extensions/guice-assistedinject/jars/guice-assistedinject-4.0.jar, /Users/Messi/.ivy2/cache/io.netty/netty/bundles/netty-3.10.3.Final.jar, /Users/Messi/.ivy2/cache/com.typesafe.netty/netty-http-pipelining/jars/netty-http-pipelining-1.1.4.jar, /Users/Messi/.ivy2/cache/com.typesafe.play/play-doc_2.11/jars/play-doc_2.11-1.2.2.jar, /Users/Messi/.ivy2/cache/org.pegdown/pegdown/jars/pegdown-1.4.0.jar, /Users/Messi/.ivy2/cache/org.parboiled/parboiled-java/bundles/parboiled-java-1.1.5.jar, /Users/Messi/.ivy2/cache/org.parboiled/parboiled-core/bundles/parboiled-core-1.1.5.jar, /Users/Messi/.ivy2/cache/org.ow2.asm/asm/jars/asm-4.1.jar, /Users/Messi/.ivy2/cache/org.ow2.asm/asm-tree/jars/asm-tree-4.1.jar, /Users/Messi/.ivy2/cache/org.ow2.asm/asm-analysis/jars/asm-analysis-4.1.jar, /Users/Messi/.ivy2/cache/org.ow2.asm/asm-util/jars/asm-util-4.1.jar, /Users/Messi/.ivy2/cache/commons-io/commons-io/jars/commons-io-2.4.jar),Some(/Users/Messi/.ivy2/cache/com.typesafe.play/play-omnidoc_2.11/jars/play-omnidoc_2.11-2.4.2.jar),List(),9000,0.0.0.0,DefaultWatchService,List(/Users/Messi/Development/scala-prog/scala-cat-database/public, /Users/Messi/Development/scala-prog/scala-cat-database/conf, /Users/Messi/Development/scala-prog/scala-cat-database/app),/Users/Messi/Development/scala-prog/scala-cat-database/target,500,root/playForkNotifyStart,root/playForkReload,300000,play.core.server.DevServerStart))))
Sending msg to client play-fork-run-92893f07-a409-4545-9690-587129260837: TaskStarted(14,1340,None)
Sending msg to client play-fork-run-92893f07-a409-4545-9690-587129260837: TaskFinished(14,1340,None,true,None)
Sending msg to client play-fork-run-92893f07-a409-4545-9690-587129260837: TaskStarted(14,1339,None)
Sending msg to client play-fork-run-92893f07-a409-4545-9690-587129260837: TaskFinished(14,1339,None,true,None)
Sending msg to client play-fork-run-92893f07-a409-4545-9690-587129260837: DetachedLogEvent(LogMessage(debug,cancel strategy finish enabled=false lastCommand=Some(LastCommand(CommandExecutionWork(ExecutionId(14),{file:/Users/Messi/Development/scala-prog/scala-cat-database/}root/*:playForkConfig,Set(LiveClient(play-fork-run 92893f07-a409-4545-9690-587129260837)),sbt.server.WorkCancellationStatus$$anon$1@52b68f62)))))
Sending msg to client play-fork-run-92893f07-a409-4545-9690-587129260837: DetachedLogEvent(LogSuccess(Total time: 1 s, completed Jul 23, 2015 1:30:54 PM))
Sending msg to client play-fork-run-92893f07-a409-4545-9690-587129260837: DetachedLogEvent(LogMessage(debug,> server-post-command-cleanup))
Sending msg to client play-fork-run-92893f07-a409-4545-9690-587129260837: ExecutionSuccess(14)
Sending msg to client play-fork-run-92893f07-a409-4545-9690-587129260837: DetachedLogEvent(LogMessage(debug,> server-handle-next-server-request))
Sending msg to client play-fork-run-92893f07-a409-4545-9690-587129260837: BackgroundJobLogEvent(2,LogMessage(info,))
Sending msg to client play-fork-run-92893f07-a409-4545-9690-587129260837: BackgroundJobLogEvent(2,LogMessage(info,[35m--- (Running the application, auto-reloading is enabled) ---[0m))
Sending msg to client play-fork-run-92893f07-a409-4545-9690-587129260837: BackgroundJobLogEvent(2,LogMessage(info,))
Sending msg to client play-fork-run-92893f07-a409-4545-9690-587129260837: BackgroundJobLogEvent(2,LogMessage(info,p.a.l.c.ActorSystemProvider - Starting application default Akka system: application))
Sending msg to client play-fork-run-92893f07-a409-4545-9690-587129260837: BackgroundJobLogEvent(2,LogMessage(info,p.c.s.NettyServer - Listening for HTTP on /0:0:0:0:0:0:0:0:9000))
Sending msg to client play-fork-run-92893f07-a409-4545-9690-587129260837: BackgroundJobLogEvent(2,LogMessage(info,))
Sending msg to client play-fork-run-92893f07-a409-4545-9690-587129260837: BackgroundJobLogEvent(2,LogMessage(info,[32m(Server started, use Ctrl+D to stop and go back to the console...)[0m))
Sending msg to client play-fork-run-92893f07-a409-4545-9690-587129260837: BackgroundJobLogEvent(2,LogMessage(info,))
Got request: ExecutionRequest(root/playForkNotifyStart http://localhost:9000)
Reading next message from client.
Sending msg to client play-fork-run-92893f07-a409-4545-9690-587129260837: (8,ExecutionRequestReceived(15))
Sending msg to client play-fork-run-92893f07-a409-4545-9690-587129260837: ExecutionWaiting(15,root/playForkNotifyStart http://localhost:9000,ClientInfo(92893f07-a409-4545-9690-587129260837,play-fork-run,Play Fork Run,1,Vector()))
Sending msg to client play-fork-run-92893f07-a409-4545-9690-587129260837: ExecutionStarting(15)
Sending msg to client play-fork-run-92893f07-a409-4545-9690-587129260837: DetachedLogEvent(LogMessage(debug,> root/playForkNotifyStart http://localhost:9000))
Sending msg to client play-fork-run-92893f07-a409-4545-9690-587129260837: DetachedLogEvent(LogMessage(debug,Evaluating tasks: *:playForkNotifyStart))
Sending msg to client play-fork-run-92893f07-a409-4545-9690-587129260837: DetachedLogEvent(LogMessage(debug,Running task... Cancel: sbt.server.ServerTaskCancellation@39bc412f, check cycles: false))
Sending msg to client play-fork-run-92893f07-a409-4545-9690-587129260837: DetachedLogEvent(LogMessage(debug,cancel strategy start enabled=true lastCommand=Some(LastCommand(CommandExecutionWork(ExecutionId(15),root/playForkNotifyStart http://localhost:9000,Set(LiveClient(play-fork-run 92893f07-a409-4545-9690-587129260837)),sbt.server.WorkCancellationStatus$$anon$1@50a7b64c)))))
Sending msg to client play-fork-run-92893f07-a409-4545-9690-587129260837: TaskStarted(15,1417,Some(AttributeKey[sbt.SendEventService]("sendEventService") in Scope(Global)))
Sending msg to client play-fork-run-92893f07-a409-4545-9690-587129260837: TaskFinished(15,1417,Some(AttributeKey[sbt.SendEventService]("sendEventService") in Scope(Global)),true,None)
Sending msg to client play-fork-run-92893f07-a409-4545-9690-587129260837: TaskStarted(15,1416,Some(AttributeKey[scala.Function1[java.lang.String,void]]("playForkStarted") in Scope(Build: file:/Users/Messi/Development/scala-prog/scala-cat-database/, , Project: ProjectReference(file:/Users/Messi/Development/scala-prog/scala-cat-database/,root))))
Sending msg to client play-fork-run-92893f07-a409-4545-9690-587129260837: TaskFinished(15,1416,Some(AttributeKey[scala.Function1[java.lang.String,void]]("playForkStarted") in Scope(Build: file:/Users/Messi/Development/scala-prog/scala-cat-database/, , Project: ProjectReference(file:/Users/Messi/Development/scala-prog/scala-cat-database/,root))),true,None)
Sending msg to client play-fork-run-92893f07-a409-4545-9690-587129260837: TaskStarted(15,1415,Some(AttributeKey[void]("playForkNotifyStart") in Scope(Build: file:/Users/Messi/Development/scala-prog/scala-cat-database/, , Project: ProjectReference(file:/Users/Messi/Development/scala-prog/scala-cat-database/,root))))
Sending msg to client play-fork-run-92893f07-a409-4545-9690-587129260837: TaskEvent(1415,LazyValue(PlayServerStarted(http://localhost:9000),play.forkrun.protocol.Serializers$PlayForkrunProtocolPlayServerStartedPickler1$2$@78281e82))
Sending msg to client play-fork-run-92893f07-a409-4545-9690-587129260837: TaskFinished(15,1415,Some(AttributeKey[void]("playForkNotifyStart") in Scope(Build: file:/Users/Messi/Development/scala-prog/scala-cat-database/, , Project: ProjectReference(file:/Users/Messi/Development/scala-prog/scala-cat-database/,root))),true,None)
Sending msg to client play-fork-run-92893f07-a409-4545-9690-587129260837: TaskStarted(15,1414,None)
Sending msg to client play-fork-run-92893f07-a409-4545-9690-587129260837: TaskFinished(15,1414,None,true,None)
Sending msg to client play-fork-run-92893f07-a409-4545-9690-587129260837: TaskStarted(15,1413,None)
Sending msg to client play-fork-run-92893f07-a409-4545-9690-587129260837: TaskFinished(15,1413,None,true,None)
Sending msg to client play-fork-run-92893f07-a409-4545-9690-587129260837: DetachedLogEvent(LogMessage(debug,cancel strategy finish enabled=false lastCommand=Some(LastCommand(CommandExecutionWork(ExecutionId(15),root/playForkNotifyStart http://localhost:9000,Set(LiveClient(play-fork-run 92893f07-a409-4545-9690-587129260837)),sbt.server.WorkCancellationStatus$$anon$1@50a7b64c)))))
Sending msg to client play-fork-run-92893f07-a409-4545-9690-587129260837: DetachedLogEvent(LogSuccess(Total time: 0 s, completed Jul 23, 2015 1:30:56 PM))
Sending msg to client play-fork-run-92893f07-a409-4545-9690-587129260837: DetachedLogEvent(LogMessage(debug,> server-post-command-cleanup))
Sending msg to client play-fork-run-92893f07-a409-4545-9690-587129260837: ExecutionSuccess(15)
Sending msg to client play-fork-run-92893f07-a409-4545-9690-587129260837: DetachedLogEvent(LogMessage(debug,> server-handle-next-server-request))
Sending msg to client play-fork-run-92893f07-a409-4545-9690-587129260837: ExecutionWaiting(16,jobStop 2,ClientInfo(ed31e70c-f826-4aaf-b8b3-bd3ab68fddc9,activator,Activator,3,Vector()))
Sending msg to client play-fork-run-92893f07-a409-4545-9690-587129260837: ExecutionStarting(16)
Sending msg to client play-fork-run-92893f07-a409-4545-9690-587129260837: DetachedLogEvent(LogMessage(debug,> jobStop 2))
Sending msg to client play-fork-run-92893f07-a409-4545-9690-587129260837: DetachedLogEvent(LogMessage(debug,Evaluating tasks: *:jobStop))
Sending msg to client play-fork-run-92893f07-a409-4545-9690-587129260837: DetachedLogEvent(LogMessage(debug,Running task... Cancel: sbt.server.ServerTaskCancellation@33388fe7, check cycles: false))
Sending msg to client play-fork-run-92893f07-a409-4545-9690-587129260837: DetachedLogEvent(LogMessage(debug,cancel strategy start enabled=true lastCommand=Some(LastCommand(CommandExecutionWork(ExecutionId(16),jobStop 2,Set(LiveClient(activator ed31e70c-f826-4aaf-b8b3-bd3ab68fddc9)),sbt.server.WorkCancellationStatus$$anon$1@4f60ff70)))))
Sending msg to client play-fork-run-92893f07-a409-4545-9690-587129260837: TaskStarted(16,1420,Some(AttributeKey[void]("jobStop") in Scope(Global)))
Sending msg to client play-fork-run-92893f07-a409-4545-9690-587129260837: TaskFinished(16,1420,Some(AttributeKey[void]("jobStop") in Scope(Global)),true,None)
Sending msg to client play-fork-run-92893f07-a409-4545-9690-587129260837: TaskStarted(16,1419,None)
Sending msg to client play-fork-run-92893f07-a409-4545-9690-587129260837: TaskFinished(16,1419,None,true,None)
Sending msg to client play-fork-run-92893f07-a409-4545-9690-587129260837: TaskStarted(16,1418,None)
Sending msg to client play-fork-run-92893f07-a409-4545-9690-587129260837: BackgroundJobLogEvent(2,LogMessage(info,Stopping Play fork run ...))
Sending msg to client play-fork-run-92893f07-a409-4545-9690-587129260837: TaskFinished(16,1418,None,true,None)
Sending msg to client play-fork-run-92893f07-a409-4545-9690-587129260837: DetachedLogEvent(LogMessage(debug,cancel strategy finish enabled=false lastCommand=Some(LastCommand(CommandExecutionWork(ExecutionId(16),jobStop 2,Set(LiveClient(activator ed31e70c-f826-4aaf-b8b3-bd3ab68fddc9)),sbt.server.WorkCancellationStatus$$anon$1@4f60ff70)))))
Sending msg to client play-fork-run-92893f07-a409-4545-9690-587129260837: DetachedLogEvent(LogSuccess(Total time: 0 s, completed Jul 23, 2015 1:31:28 PM))
Sending msg to client play-fork-run-92893f07-a409-4545-9690-587129260837: DetachedLogEvent(LogMessage(debug,> server-post-command-cleanup))
Sending msg to client play-fork-run-92893f07-a409-4545-9690-587129260837: ExecutionSuccess(16)
Sending msg to client play-fork-run-92893f07-a409-4545-9690-587129260837: DetachedLogEvent(LogMessage(debug,> server-handle-next-server-request))
Got request: UnlistenToEvents()
Reading next message from client.
Sending msg to client play-fork-run-92893f07-a409-4545-9690-587129260837: (9,ReceivedResponse())
Got request: UnlistenToValue(AttributeKey[play.forkrun.protocol.ForkConfig]("playForkConfig") in Scope(Build: file:/Users/Messi/Development/scala-prog/scala-cat-database/, , Project: ProjectReference(file:/Users/Messi/Development/scala-prog/scala-cat-database/,root)))
Reading next message from client.
Client play-fork-run-92893f07-a409-4545-9690-587129260837 EOF, shutting down.
Stopping client.
Client play-fork-run-92893f07-a409-4545-9690-587129260837 thread exiting.
Dropping message (10,ReceivedResponse()) to dead client play-fork-run-92893f07-a409-4545-9690-587129260837
Dropping message (0,ReceivedResponse()) to dead client play-fork-run-92893f07-a409-4545-9690-587129260837
