New log file opened at Thu Jul 23 12:43:15 EEST 2015 by 29826@dyn-146-138.public.tut.fi
jvm 29826@dyn-146-138.public.tut.fi
jvm vmName=Java HotSpot(TM) 64-Bit Server VM vmVendor=Oracle Corporation vmVersion=25.25-b02
jvm specName=Java Virtual Machine Specification specVendor=Oracle Corporation specVersion=1.8
jvm arguments: [-Xms256m, -Xmx1024m, -XX:MetaspaceSize=64m, -XX:MaxMetaspaceSize=256m]
Starting event engine
Starting sbt command engine
Waiting for sbt command engine
Command engine arguments=List()
Command engine baseDirectory=/Users/Messi/Development/scala-prog/scala-cat-database
Command engine initial remaining commands List(--initialize, onFailure load-failed, boot, server-send-ready-for-request, server-handle-next-server-request)
> --initialize
> initialize
> onFailure load-failed
> boot
> reload
[Loading] Scanning directory /Users/Messi/Development/scala-prog/scala-cat-database/project
[Loading] Found non-root projects 
[Loading] Done in /Users/Messi/Development/scala-prog/scala-cat-database/project, returning: ()
deducing auto plugins based on known facts Set(Atom(sbt.plugins.CorePlugin)) and clauses Clauses(List(Clause(Atom(sbt.plugins.JvmPlugin),Set(Atom(sbt.plugins.IvyPlugin))), Clause(Atom(sbt.plugins.JUnitXmlReportPlugin),Set(Atom(sbt.plugins.JvmPlugin))), Clause(Atom(sbt.plugins.CorePlugin),Set(Atom(sbt.plugins.IvyPlugin))), Clause(Atom(sbt.plugins.IvyPlugin),Set(Atom(sbt.plugins.JvmPlugin))), Clause(Atom(sbt.plugins.JvmPlugin),Set(Atom(sbt.plugins.JUnitXmlReportPlugin)))))
  :: deduced result: Matched(sbt.plugins.CorePlugin,sbt.plugins.IvyPlugin,sbt.plugins.JvmPlugin,sbt.plugins.JUnitXmlReportPlugin)
sorting: ns: List(sbt.plugins.CorePlugin, sbt.plugins.IvyPlugin, sbt.plugins.JvmPlugin, sbt.plugins.JUnitXmlReportPlugin)
  :: sorting:: found: List(sbt.plugins.CorePlugin) not found List(sbt.plugins.IvyPlugin, sbt.plugins.JvmPlugin, sbt.plugins.JUnitXmlReportPlugin)
  :: sorting:: found: List(sbt.plugins.CorePlugin, sbt.plugins.IvyPlugin) not found List(sbt.plugins.JvmPlugin, sbt.plugins.JUnitXmlReportPlugin)
  :: sorting:: found: List(sbt.plugins.CorePlugin, sbt.plugins.IvyPlugin, sbt.plugins.JvmPlugin) not found List(sbt.plugins.JUnitXmlReportPlugin)
  :: sorting:: found: List(sbt.plugins.CorePlugin, sbt.plugins.IvyPlugin, sbt.plugins.JvmPlugin, sbt.plugins.JUnitXmlReportPlugin) not found List()
  :: sorted deduced result: List(sbt.plugins.CorePlugin, sbt.plugins.IvyPlugin, sbt.plugins.JvmPlugin, sbt.plugins.JUnitXmlReportPlugin)
[Loading] Done in /Users/Messi/Development/scala-prog/scala-cat-database/project, returning: (scala-cat-database-build)
Loading project definition from /Users/Messi/Development/scala-prog/scala-cat-database/project
Running task... Cancel: sbt.TaskCancellationStrategy$Null$@29868ffb, check cycles: false

Initial source changes: 
	removed:Set()
	added: Set()
	modified: Set()
Removed products: Set()
External API changes: API Changes: Set()
Modified binary dependencies: Set()
Initial directly invalidated sources: Set()

Sources indirectly invalidated by:
	product: Set()
	binary dep: Set()
	external source: Set()
All initially invalidated sources: Set()

Copy resource mappings: 
	
[Loading] Scanning directory /Users/Messi/Development/scala-prog/scala-cat-database
[Loading] Found root project root w/ remaining 
deducing auto plugins based on known facts Set(Atom(play.sbt.PlayScala), Atom(sbt.plugins.CorePlugin)) and clauses Clauses(List(Clause(Atom(sbt.plugins.JvmPlugin),Set(Atom(sbt.plugins.IvyPlugin))), Clause(Atom(sbt.plugins.JUnitXmlReportPlugin),Set(Atom(sbt.plugins.JvmPlugin))), Clause(Atom(play.sbt.forkrun.PlayForkRun),Set(Atom(sbt.plugins.BackgroundRunPlugin))), Clause(Atom(play.sbt.forkrun.PlayForkRun),Set(Atom(play.sbt.Play))), Clause(Atom(play.sbt.forkrun.PlayForkRun),Set(Atom(sbt.plugins.SerializersPlugin))), Clause(Atom(play.sbt.Play),Set(Atom(com.typesafe.sbt.packager.archetypes.JavaServerAppPackaging))), Clause(Atom(play.sbt.Play),Set(Atom(play.sbt.routes.RoutesCompiler))), Clause(Atom(play.sbt.Play),Set(Atom(play.twirl.sbt.SbtTwirl))), Clause(Atom(play.sbt.Play),Set(Atom(com.typesafe.sbt.jse.SbtJsTask))), Clause(Atom(play.sbt.PlayAkkaHttpServer),Set(Atom(play.sbt.Play))), Clause(Atom(play.sbt.PlayJava),Set(Atom(play.sbt.Play))), Clause(Atom(play.sbt.PlayLayoutPlugin),Set(Atom(play.sbt.Play))), Clause(Atom(play.sbt.PlayNettyServer),Set(Atom(play.sbt.Play))), Clause(Atom(play.sbt.PlayScala),Set(Atom(play.sbt.Play))), Clause(Atom(play.sbt.routes.RoutesCompiler),Set(Atom(sbt.plugins.JvmPlugin))), Clause(Atom(play.twirl.sbt.SbtTwirl),Set(Atom(sbt.plugins.JvmPlugin))), Clause(Atom(com.typesafe.sbt.packager.archetypes.AkkaAppPackaging),Set(Atom(com.typesafe.sbt.packager.archetypes.JavaAppPackaging))), Clause(Atom(com.typesafe.sbt.packager.archetypes.JavaAppPackaging),Set(Atom(com.typesafe.sbt.packager.windows.WindowsPlugin))), Clause(Atom(com.typesafe.sbt.packager.archetypes.JavaAppPackaging),Set(Atom(com.typesafe.sbt.packager.docker.DockerPlugin))), Clause(Atom(com.typesafe.sbt.packager.archetypes.JavaAppPackaging),Set(Atom(com.typesafe.sbt.packager.debian.DebianPlugin))), Clause(Atom(com.typesafe.sbt.packager.archetypes.JavaAppPackaging),Set(Atom(com.typesafe.sbt.packager.rpm.RpmPlugin))), Clause(Atom(com.typesafe.sbt.packager.archetypes.JavaServerAppPackaging),Set(Atom(com.typesafe.sbt.packager.archetypes.JavaAppPackaging))), Clause(Atom(com.typesafe.sbt.packager.archetypes.jar.ClasspathJarPlugin),Set(Atom(com.typesafe.sbt.packager.archetypes.JavaAppPackaging))), Clause(Atom(com.typesafe.sbt.packager.archetypes.jar.LauncherJarPlugin),Set(Atom(com.typesafe.sbt.packager.archetypes.JavaAppPackaging))), Clause(Atom(com.typesafe.sbt.packager.debian.DebianDeployPlugin),Set(Atom(com.typesafe.sbt.packager.debian.DebianPlugin))), Clause(Atom(com.typesafe.sbt.packager.debian.DebianPlugin),Set(Atom(com.typesafe.sbt.packager.linux.LinuxPlugin))), Clause(Atom(com.typesafe.sbt.packager.debian.JDebPackaging),Set(Atom(com.typesafe.sbt.packager.debian.DebianPlugin))), Clause(Atom(com.typesafe.sbt.packager.docker.DockerPlugin),Set(Atom(com.typesafe.sbt.packager.universal.UniversalPlugin))), Clause(Atom(com.typesafe.sbt.packager.jdkpackager.JDKPackagerDeployPlugin),Set(Atom(com.typesafe.sbt.packager.jdkpackager.JDKPackagerPlugin))), Clause(Atom(com.typesafe.sbt.packager.jdkpackager.JDKPackagerPlugin),Set(Atom(com.typesafe.sbt.packager.archetypes.JavaAppPackaging))), Clause(Atom(com.typesafe.sbt.packager.jdkpackager.JDKPackagerPlugin),Set(Atom(com.typesafe.sbt.packager.archetypes.jar.ClasspathJarPlugin))), Clause(Atom(com.typesafe.sbt.packager.linux.LinuxPlugin),Set(Atom(com.typesafe.sbt.packager.universal.UniversalPlugin))), Clause(Atom(com.typesafe.sbt.packager.rpm.RpmDeployPlugin),Set(Atom(com.typesafe.sbt.packager.rpm.RpmPlugin))), Clause(Atom(com.typesafe.sbt.packager.rpm.RpmPlugin),Set(Atom(com.typesafe.sbt.packager.linux.LinuxPlugin))), Clause(Atom(com.typesafe.sbt.packager.universal.UniversalDeployPlugin),Set(Atom(com.typesafe.sbt.packager.universal.UniversalPlugin))), Clause(Atom(com.typesafe.sbt.packager.universal.UniversalPlugin),Set(Atom(com.typesafe.sbt.SbtNativePackager))), Clause(Atom(com.typesafe.sbt.packager.windows.WindowsDeployPlugin),Set(Atom(com.typesafe.sbt.packager.windows.WindowsPlugin))), Clause(Atom(com.typesafe.sbt.packager.windows.WindowsPlugin),Set(Atom(com.typesafe.sbt.packager.universal.UniversalPlugin))), Clause(Atom(com.typesafe.sbt.web.SbtWeb),Set(Atom(sbt.plugins.JvmPlugin))), Clause(Atom(com.typesafe.sbt.jse.SbtJsEngine),Set(Atom(com.typesafe.sbt.web.SbtWeb))), Clause(Atom(com.typesafe.sbt.jse.SbtJsTask),Set(Atom(com.typesafe.sbt.jse.SbtJsEngine))), Clause(Atom(sbt.plugins.BackgroundRunPlugin),Set(Atom(sbt.plugins.JvmPlugin))), Clause(Atom(com.typesafe.sbt.coffeescript.SbtCoffeeScript),Set(Atom(com.typesafe.sbt.jse.SbtJsTask))), Clause(Atom(com.typesafe.sbt.less.SbtLess),Set(Atom(com.typesafe.sbt.jse.SbtJsTask))), Clause(Atom(com.typesafe.sbt.jshint.SbtJSHint),Set(Atom(com.typesafe.sbt.jse.SbtJsTask))), Clause(Atom(com.typesafe.sbt.rjs.SbtRjs),Set(Atom(com.typesafe.sbt.jse.SbtJsTask))), Clause(Atom(com.typesafe.sbt.digest.SbtDigest),Set(Atom(com.typesafe.sbt.web.SbtWeb))), Clause(Atom(com.typesafe.sbt.mocha.SbtMocha),Set(Atom(com.typesafe.sbt.jse.SbtJsTask))), Clause(Atom(sbt.plugins.CorePlugin),Set(Atom(sbt.plugins.IvyPlugin))), Clause(Atom(sbt.plugins.IvyPlugin),Set(Atom(sbt.plugins.JvmPlugin))), Clause(Atom(sbt.plugins.JvmPlugin),Set(Atom(sbt.plugins.JUnitXmlReportPlugin))), Clause(And(Set(Atom(sbt.plugins.BackgroundRunPlugin), Atom(play.sbt.Play), Atom(sbt.plugins.SerializersPlugin))),Set(Atom(play.sbt.forkrun.PlayForkRun))), Clause(Atom(play.sbt.Play),Set(Atom(play.sbt.PlayLayoutPlugin))), Clause(Atom(play.sbt.Play),Set(Atom(play.sbt.PlayNettyServer))), Clause(Atom(com.typesafe.sbt.web.SbtWeb),Set(Atom(com.typesafe.sbt.jse.SbtJsEngine))), Clause(Atom(com.typesafe.sbt.jse.SbtJsEngine),Set(Atom(com.typesafe.sbt.jse.SbtJsTask))), Clause(Atom(sbt.plugins.JvmPlugin),Set(Atom(sbt.plugins.BackgroundRunPlugin))), Clause(Atom(sbt.plugins.CorePlugin),Set(Atom(sbt.plugins.InteractionServicePlugin))), Clause(Atom(sbt.plugins.CorePlugin),Set(Atom(sbt.plugins.SendEventServicePlugin))), Clause(Atom(sbt.plugins.CorePlugin),Set(Atom(sbt.plugins.SerializersPlugin))), Clause(Atom(com.typesafe.sbt.jse.SbtJsTask),Set(Atom(com.typesafe.sbt.coffeescript.SbtCoffeeScript))), Clause(Atom(com.typesafe.sbt.jse.SbtJsTask),Set(Atom(com.typesafe.sbt.less.SbtLess))), Clause(Atom(com.typesafe.sbt.jse.SbtJsTask),Set(Atom(com.typesafe.sbt.jshint.SbtJSHint))), Clause(Atom(com.typesafe.sbt.jse.SbtJsTask),Set(Atom(com.typesafe.sbt.rjs.SbtRjs))), Clause(Atom(com.typesafe.sbt.web.SbtWeb),Set(Atom(com.typesafe.sbt.digest.SbtDigest))), Clause(Atom(com.typesafe.sbt.jse.SbtJsTask),Set(Atom(com.typesafe.sbt.mocha.SbtMocha)))))
  :: deduced result: Matched(sbt.plugins.CorePlugin,play.sbt.PlayScala,sbt.plugins.InteractionServicePlugin,sbt.plugins.SendEventServicePlugin,play.sbt.Play,sbt.plugins.SerializersPlugin,sbt.plugins.IvyPlugin,com.typesafe.sbt.packager.archetypes.JavaServerAppPackaging,play.twirl.sbt.SbtTwirl,sbt.plugins.JvmPlugin,play.sbt.PlayNettyServer,play.sbt.PlayLayoutPlugin,play.sbt.routes.RoutesCompiler,com.typesafe.sbt.jse.SbtJsTask,com.typesafe.sbt.jshint.SbtJSHint,com.typesafe.sbt.packager.archetypes.JavaAppPackaging,sbt.plugins.JUnitXmlReportPlugin,com.typesafe.sbt.mocha.SbtMocha,com.typesafe.sbt.less.SbtLess,com.typesafe.sbt.rjs.SbtRjs,com.typesafe.sbt.jse.SbtJsEngine,com.typesafe.sbt.coffeescript.SbtCoffeeScript,sbt.plugins.BackgroundRunPlugin,com.typesafe.sbt.packager.rpm.RpmPlugin,com.typesafe.sbt.packager.windows.WindowsPlugin,com.typesafe.sbt.web.SbtWeb,com.typesafe.sbt.packager.docker.DockerPlugin,play.sbt.forkrun.PlayForkRun,com.typesafe.sbt.packager.debian.DebianPlugin,com.typesafe.sbt.digest.SbtDigest,com.typesafe.sbt.packager.universal.UniversalPlugin,com.typesafe.sbt.packager.linux.LinuxPlugin,com.typesafe.sbt.SbtNativePackager)
sorting: ns: List(sbt.plugins.CorePlugin, play.sbt.PlayScala, sbt.plugins.InteractionServicePlugin, sbt.plugins.SendEventServicePlugin, play.sbt.Play, sbt.plugins.SerializersPlugin, sbt.plugins.IvyPlugin, com.typesafe.sbt.packager.archetypes.JavaServerAppPackaging, play.twirl.sbt.SbtTwirl, sbt.plugins.JvmPlugin, play.sbt.PlayNettyServer, play.sbt.PlayLayoutPlugin, play.sbt.routes.RoutesCompiler, com.typesafe.sbt.jse.SbtJsTask, com.typesafe.sbt.jshint.SbtJSHint, com.typesafe.sbt.packager.archetypes.JavaAppPackaging, sbt.plugins.JUnitXmlReportPlugin, com.typesafe.sbt.mocha.SbtMocha, com.typesafe.sbt.less.SbtLess, com.typesafe.sbt.rjs.SbtRjs, com.typesafe.sbt.jse.SbtJsEngine, com.typesafe.sbt.coffeescript.SbtCoffeeScript, sbt.plugins.BackgroundRunPlugin, com.typesafe.sbt.packager.rpm.RpmPlugin, com.typesafe.sbt.packager.windows.WindowsPlugin, com.typesafe.sbt.web.SbtWeb, com.typesafe.sbt.packager.docker.DockerPlugin, play.sbt.forkrun.PlayForkRun, com.typesafe.sbt.packager.debian.DebianPlugin, com.typesafe.sbt.digest.SbtDigest, com.typesafe.sbt.packager.universal.UniversalPlugin, com.typesafe.sbt.packager.linux.LinuxPlugin, com.typesafe.sbt.SbtNativePackager)
  :: sorting:: found: List(sbt.plugins.CorePlugin, com.typesafe.sbt.SbtNativePackager) not found List(play.sbt.PlayScala, sbt.plugins.InteractionServicePlugin, sbt.plugins.SendEventServicePlugin, play.sbt.Play, sbt.plugins.SerializersPlugin, sbt.plugins.IvyPlugin, com.typesafe.sbt.packager.archetypes.JavaServerAppPackaging, play.twirl.sbt.SbtTwirl, sbt.plugins.JvmPlugin, play.sbt.PlayNettyServer, play.sbt.PlayLayoutPlugin, play.sbt.routes.RoutesCompiler, com.typesafe.sbt.jse.SbtJsTask, com.typesafe.sbt.jshint.SbtJSHint, com.typesafe.sbt.packager.archetypes.JavaAppPackaging, sbt.plugins.JUnitXmlReportPlugin, com.typesafe.sbt.mocha.SbtMocha, com.typesafe.sbt.less.SbtLess, com.typesafe.sbt.rjs.SbtRjs, com.typesafe.sbt.jse.SbtJsEngine, com.typesafe.sbt.coffeescript.SbtCoffeeScript, sbt.plugins.BackgroundRunPlugin, com.typesafe.sbt.packager.rpm.RpmPlugin, com.typesafe.sbt.packager.windows.WindowsPlugin, com.typesafe.sbt.web.SbtWeb, com.typesafe.sbt.packager.docker.DockerPlugin, play.sbt.forkrun.PlayForkRun, com.typesafe.sbt.packager.debian.DebianPlugin, com.typesafe.sbt.digest.SbtDigest, com.typesafe.sbt.packager.universal.UniversalPlugin, com.typesafe.sbt.packager.linux.LinuxPlugin)
  :: sorting:: found: List(sbt.plugins.CorePlugin, com.typesafe.sbt.SbtNativePackager, sbt.plugins.InteractionServicePlugin, sbt.plugins.SendEventServicePlugin, sbt.plugins.SerializersPlugin, sbt.plugins.IvyPlugin, com.typesafe.sbt.packager.universal.UniversalPlugin) not found List(play.sbt.PlayScala, play.sbt.Play, com.typesafe.sbt.packager.archetypes.JavaServerAppPackaging, play.twirl.sbt.SbtTwirl, sbt.plugins.JvmPlugin, play.sbt.PlayNettyServer, play.sbt.PlayLayoutPlugin, play.sbt.routes.RoutesCompiler, com.typesafe.sbt.jse.SbtJsTask, com.typesafe.sbt.jshint.SbtJSHint, com.typesafe.sbt.packager.archetypes.JavaAppPackaging, sbt.plugins.JUnitXmlReportPlugin, com.typesafe.sbt.mocha.SbtMocha, com.typesafe.sbt.less.SbtLess, com.typesafe.sbt.rjs.SbtRjs, com.typesafe.sbt.jse.SbtJsEngine, com.typesafe.sbt.coffeescript.SbtCoffeeScript, sbt.plugins.BackgroundRunPlugin, com.typesafe.sbt.packager.rpm.RpmPlugin, com.typesafe.sbt.packager.windows.WindowsPlugin, com.typesafe.sbt.web.SbtWeb, com.typesafe.sbt.packager.docker.DockerPlugin, play.sbt.forkrun.PlayForkRun, com.typesafe.sbt.packager.debian.DebianPlugin, com.typesafe.sbt.digest.SbtDigest, com.typesafe.sbt.packager.linux.LinuxPlugin)
  :: sorting:: found: List(sbt.plugins.CorePlugin, com.typesafe.sbt.SbtNativePackager, sbt.plugins.InteractionServicePlugin, sbt.plugins.SendEventServicePlugin, sbt.plugins.SerializersPlugin, sbt.plugins.IvyPlugin, com.typesafe.sbt.packager.universal.UniversalPlugin, sbt.plugins.JvmPlugin, com.typesafe.sbt.packager.windows.WindowsPlugin, com.typesafe.sbt.packager.docker.DockerPlugin, com.typesafe.sbt.packager.linux.LinuxPlugin) not found List(play.sbt.PlayScala, play.sbt.Play, com.typesafe.sbt.packager.archetypes.JavaServerAppPackaging, play.twirl.sbt.SbtTwirl, play.sbt.PlayNettyServer, play.sbt.PlayLayoutPlugin, play.sbt.routes.RoutesCompiler, com.typesafe.sbt.jse.SbtJsTask, com.typesafe.sbt.jshint.SbtJSHint, com.typesafe.sbt.packager.archetypes.JavaAppPackaging, sbt.plugins.JUnitXmlReportPlugin, com.typesafe.sbt.mocha.SbtMocha, com.typesafe.sbt.less.SbtLess, com.typesafe.sbt.rjs.SbtRjs, com.typesafe.sbt.jse.SbtJsEngine, com.typesafe.sbt.coffeescript.SbtCoffeeScript, sbt.plugins.BackgroundRunPlugin, com.typesafe.sbt.packager.rpm.RpmPlugin, com.typesafe.sbt.web.SbtWeb, play.sbt.forkrun.PlayForkRun, com.typesafe.sbt.packager.debian.DebianPlugin, com.typesafe.sbt.digest.SbtDigest)
  :: sorting:: found: List(sbt.plugins.CorePlugin, com.typesafe.sbt.SbtNativePackager, sbt.plugins.InteractionServicePlugin, sbt.plugins.SendEventServicePlugin, sbt.plugins.SerializersPlugin, sbt.plugins.IvyPlugin, com.typesafe.sbt.packager.universal.UniversalPlugin, sbt.plugins.JvmPlugin, com.typesafe.sbt.packager.windows.WindowsPlugin, com.typesafe.sbt.packager.docker.DockerPlugin, com.typesafe.sbt.packager.linux.LinuxPlugin, play.twirl.sbt.SbtTwirl, play.sbt.routes.RoutesCompiler, sbt.plugins.JUnitXmlReportPlugin, sbt.plugins.BackgroundRunPlugin, com.typesafe.sbt.packager.rpm.RpmPlugin, com.typesafe.sbt.web.SbtWeb, com.typesafe.sbt.packager.debian.DebianPlugin) not found List(play.sbt.PlayScala, play.sbt.Play, com.typesafe.sbt.packager.archetypes.JavaServerAppPackaging, play.sbt.PlayNettyServer, play.sbt.PlayLayoutPlugin, com.typesafe.sbt.jse.SbtJsTask, com.typesafe.sbt.jshint.SbtJSHint, com.typesafe.sbt.packager.archetypes.JavaAppPackaging, com.typesafe.sbt.mocha.SbtMocha, com.typesafe.sbt.less.SbtLess, com.typesafe.sbt.rjs.SbtRjs, com.typesafe.sbt.jse.SbtJsEngine, com.typesafe.sbt.coffeescript.SbtCoffeeScript, play.sbt.forkrun.PlayForkRun, com.typesafe.sbt.digest.SbtDigest)
  :: sorting:: found: List(sbt.plugins.CorePlugin, com.typesafe.sbt.SbtNativePackager, sbt.plugins.InteractionServicePlugin, sbt.plugins.SendEventServicePlugin, sbt.plugins.SerializersPlugin, sbt.plugins.IvyPlugin, com.typesafe.sbt.packager.universal.UniversalPlugin, sbt.plugins.JvmPlugin, com.typesafe.sbt.packager.windows.WindowsPlugin, com.typesafe.sbt.packager.docker.DockerPlugin, com.typesafe.sbt.packager.linux.LinuxPlugin, play.twirl.sbt.SbtTwirl, play.sbt.routes.RoutesCompiler, sbt.plugins.JUnitXmlReportPlugin, sbt.plugins.BackgroundRunPlugin, com.typesafe.sbt.packager.rpm.RpmPlugin, com.typesafe.sbt.web.SbtWeb, com.typesafe.sbt.packager.debian.DebianPlugin, com.typesafe.sbt.packager.archetypes.JavaAppPackaging, com.typesafe.sbt.jse.SbtJsEngine, com.typesafe.sbt.digest.SbtDigest) not found List(play.sbt.PlayScala, play.sbt.Play, com.typesafe.sbt.packager.archetypes.JavaServerAppPackaging, play.sbt.PlayNettyServer, play.sbt.PlayLayoutPlugin, com.typesafe.sbt.jse.SbtJsTask, com.typesafe.sbt.jshint.SbtJSHint, com.typesafe.sbt.mocha.SbtMocha, com.typesafe.sbt.less.SbtLess, com.typesafe.sbt.rjs.SbtRjs, com.typesafe.sbt.coffeescript.SbtCoffeeScript, play.sbt.forkrun.PlayForkRun)
  :: sorting:: found: List(sbt.plugins.CorePlugin, com.typesafe.sbt.SbtNativePackager, sbt.plugins.InteractionServicePlugin, sbt.plugins.SendEventServicePlugin, sbt.plugins.SerializersPlugin, sbt.plugins.IvyPlugin, com.typesafe.sbt.packager.universal.UniversalPlugin, sbt.plugins.JvmPlugin, com.typesafe.sbt.packager.windows.WindowsPlugin, com.typesafe.sbt.packager.docker.DockerPlugin, com.typesafe.sbt.packager.linux.LinuxPlugin, play.twirl.sbt.SbtTwirl, play.sbt.routes.RoutesCompiler, sbt.plugins.JUnitXmlReportPlugin, sbt.plugins.BackgroundRunPlugin, com.typesafe.sbt.packager.rpm.RpmPlugin, com.typesafe.sbt.web.SbtWeb, com.typesafe.sbt.packager.debian.DebianPlugin, com.typesafe.sbt.packager.archetypes.JavaAppPackaging, com.typesafe.sbt.jse.SbtJsEngine, com.typesafe.sbt.digest.SbtDigest, com.typesafe.sbt.packager.archetypes.JavaServerAppPackaging, com.typesafe.sbt.jse.SbtJsTask) not found List(play.sbt.PlayScala, play.sbt.Play, play.sbt.PlayNettyServer, play.sbt.PlayLayoutPlugin, com.typesafe.sbt.jshint.SbtJSHint, com.typesafe.sbt.mocha.SbtMocha, com.typesafe.sbt.less.SbtLess, com.typesafe.sbt.rjs.SbtRjs, com.typesafe.sbt.coffeescript.SbtCoffeeScript, play.sbt.forkrun.PlayForkRun)
  :: sorting:: found: List(sbt.plugins.CorePlugin, com.typesafe.sbt.SbtNativePackager, sbt.plugins.InteractionServicePlugin, sbt.plugins.SendEventServicePlugin, sbt.plugins.SerializersPlugin, sbt.plugins.IvyPlugin, com.typesafe.sbt.packager.universal.UniversalPlugin, sbt.plugins.JvmPlugin, com.typesafe.sbt.packager.windows.WindowsPlugin, com.typesafe.sbt.packager.docker.DockerPlugin, com.typesafe.sbt.packager.linux.LinuxPlugin, play.twirl.sbt.SbtTwirl, play.sbt.routes.RoutesCompiler, sbt.plugins.JUnitXmlReportPlugin, sbt.plugins.BackgroundRunPlugin, com.typesafe.sbt.packager.rpm.RpmPlugin, com.typesafe.sbt.web.SbtWeb, com.typesafe.sbt.packager.debian.DebianPlugin, com.typesafe.sbt.packager.archetypes.JavaAppPackaging, com.typesafe.sbt.jse.SbtJsEngine, com.typesafe.sbt.digest.SbtDigest, com.typesafe.sbt.packager.archetypes.JavaServerAppPackaging, com.typesafe.sbt.jse.SbtJsTask, play.sbt.Play, com.typesafe.sbt.jshint.SbtJSHint, com.typesafe.sbt.mocha.SbtMocha, com.typesafe.sbt.less.SbtLess, com.typesafe.sbt.rjs.SbtRjs, com.typesafe.sbt.coffeescript.SbtCoffeeScript) not found List(play.sbt.PlayScala, play.sbt.PlayNettyServer, play.sbt.PlayLayoutPlugin, play.sbt.forkrun.PlayForkRun)
  :: sorting:: found: List(sbt.plugins.CorePlugin, com.typesafe.sbt.SbtNativePackager, sbt.plugins.InteractionServicePlugin, sbt.plugins.SendEventServicePlugin, sbt.plugins.SerializersPlugin, sbt.plugins.IvyPlugin, com.typesafe.sbt.packager.universal.UniversalPlugin, sbt.plugins.JvmPlugin, com.typesafe.sbt.packager.windows.WindowsPlugin, com.typesafe.sbt.packager.docker.DockerPlugin, com.typesafe.sbt.packager.linux.LinuxPlugin, play.twirl.sbt.SbtTwirl, play.sbt.routes.RoutesCompiler, sbt.plugins.JUnitXmlReportPlugin, sbt.plugins.BackgroundRunPlugin, com.typesafe.sbt.packager.rpm.RpmPlugin, com.typesafe.sbt.web.SbtWeb, com.typesafe.sbt.packager.debian.DebianPlugin, com.typesafe.sbt.packager.archetypes.JavaAppPackaging, com.typesafe.sbt.jse.SbtJsEngine, com.typesafe.sbt.digest.SbtDigest, com.typesafe.sbt.packager.archetypes.JavaServerAppPackaging, com.typesafe.sbt.jse.SbtJsTask, play.sbt.Play, com.typesafe.sbt.jshint.SbtJSHint, com.typesafe.sbt.mocha.SbtMocha, com.typesafe.sbt.less.SbtLess, com.typesafe.sbt.rjs.SbtRjs, com.typesafe.sbt.coffeescript.SbtCoffeeScript, play.sbt.PlayScala, play.sbt.PlayNettyServer, play.sbt.PlayLayoutPlugin, play.sbt.forkrun.PlayForkRun) not found List()
  :: sorted deduced result: List(sbt.plugins.CorePlugin, com.typesafe.sbt.SbtNativePackager, sbt.plugins.InteractionServicePlugin, sbt.plugins.SendEventServicePlugin, sbt.plugins.SerializersPlugin, sbt.plugins.IvyPlugin, com.typesafe.sbt.packager.universal.UniversalPlugin, sbt.plugins.JvmPlugin, com.typesafe.sbt.packager.windows.WindowsPlugin, com.typesafe.sbt.packager.docker.DockerPlugin, com.typesafe.sbt.packager.linux.LinuxPlugin, play.twirl.sbt.SbtTwirl, play.sbt.routes.RoutesCompiler, sbt.plugins.JUnitXmlReportPlugin, sbt.plugins.BackgroundRunPlugin, com.typesafe.sbt.packager.rpm.RpmPlugin, com.typesafe.sbt.web.SbtWeb, com.typesafe.sbt.packager.debian.DebianPlugin, com.typesafe.sbt.packager.archetypes.JavaAppPackaging, com.typesafe.sbt.jse.SbtJsEngine, com.typesafe.sbt.digest.SbtDigest, com.typesafe.sbt.packager.archetypes.JavaServerAppPackaging, com.typesafe.sbt.jse.SbtJsTask, play.sbt.Play, com.typesafe.sbt.jshint.SbtJSHint, com.typesafe.sbt.mocha.SbtMocha, com.typesafe.sbt.less.SbtLess, com.typesafe.sbt.rjs.SbtRjs, com.typesafe.sbt.coffeescript.SbtCoffeeScript, play.sbt.PlayScala, play.sbt.PlayNettyServer, play.sbt.PlayLayoutPlugin, play.sbt.forkrun.PlayForkRun)
[Loading] Done in /Users/Messi/Development/scala-prog/scala-cat-database, returning: (root)
Set current project to scala-cat-database (in build file:/Users/Messi/Development/scala-prog/scala-cat-database/)
Reapplying settings...
Set current project to scala-cat-database (in build file:/Users/Messi/Development/scala-prog/scala-cat-database/)
> iflast shell
> server-send-ready-for-request
> server-handle-next-server-request
> {file:/Users/Messi/Development/scala-prog/scala-cat-database/}root/compile:discoveredMainClasses
Evaluating tasks: compile:discoveredMainClasses
Running task... Cancel: sbt.server.ServerTaskCancellation@4adae87a, check cycles: false

Initial source changes: 
	removed:Set()
	added: Set()
	modified: Set()
Removed products: Set()
External API changes: API Changes: Set()
Modified binary dependencies: Set()
Initial directly invalidated sources: Set()

Sources indirectly invalidated by:
	product: Set()
	binary dep: Set()
	external source: Set()
All initially invalidated sources: Set()

Total time: 3 s, completed Jul 23, 2015 12:43:30 PM
> server-post-command-cleanup
> server-handle-next-server-request
> {file:/Users/Messi/Development/scala-prog/scala-cat-database/}root/compile:mainClass
Evaluating tasks: compile:mainClass
Running task... Cancel: sbt.server.ServerTaskCancellation@151590e5, check cycles: false
Total time: 0 s, completed Jul 23, 2015 12:43:30 PM
> server-post-command-cleanup
> server-handle-next-server-request
> {file:/Users/Messi/Development/scala-prog/scala-cat-database/}root/compile:discoveredMainClasses
Evaluating tasks: compile:discoveredMainClasses
Running task... Cancel: sbt.server.ServerTaskCancellation@6cca3eb6, check cycles: false

Initial source changes: 
	removed:Set()
	added: Set()
	modified: Set()
Removed products: Set()
External API changes: API Changes: Set()
Modified binary dependencies: Set()
Initial directly invalidated sources: Set()

Sources indirectly invalidated by:
	product: Set()
	binary dep: Set()
	external source: Set()
All initially invalidated sources: Set()

Total time: 1 s, completed Jul 23, 2015 12:43:31 PM
> server-post-command-cleanup
> server-handle-next-server-request
> {file:/Users/Messi/Development/scala-prog/scala-cat-database/}root/compile:mainClass
Evaluating tasks: compile:mainClass
Running task... Cancel: sbt.server.ServerTaskCancellation@4543d7e7, check cycles: false
Total time: 0 s, completed Jul 23, 2015 12:43:31 PM
> server-post-command-cleanup
> server-handle-next-server-request
> compile
Evaluating tasks: compile:compile
Running task... Cancel: sbt.server.ServerTaskCancellation@768fac03, check cycles: false

Initial source changes: 
	removed:Set()
	added: Set()
	modified: Set(/Users/Messi/Development/scala-prog/scala-cat-database/app/models/Cat.scala)
Removed products: Set()
External API changes: API Changes: Set()
Modified binary dependencies: Set()
Initial directly invalidated sources: Set(/Users/Messi/Development/scala-prog/scala-cat-database/app/models/Cat.scala)

Sources indirectly invalidated by:
	product: Set()
	binary dep: Set()
	external source: Set()
All initially invalidated sources: Set(/Users/Messi/Development/scala-prog/scala-cat-database/app/models/Cat.scala)

Read from stdout: Compiling 1 Scala source to /Users/Messi/Development/scala-prog/scala-cat-database/target/scala-2.11/classes...
Compiling 1 Scala source to /Users/Messi/Development/scala-prog/scala-cat-database/target/scala-2.11/classes...
Getting compiler-interface from component compiler for Scala 2.11.6
Other repositories:
Default repositories:
Getting compiler-interface from component compiler for Scala 2.11.6
Other repositories:
Default repositories:
Running cached compiler 52ce8713, interfacing (CompilerInterface) with Scala compiler version 2.11.6
Calling Scala compiler with arguments  (CompilerInterface):
	-deprecation
	-unchecked
	-encoding
	utf8
	-bootclasspath
	/Library/Java/JavaVirtualMachines/jdk1.8.0_25.jdk/Contents/Home/jre/lib/resources.jar:/Library/Java/JavaVirtualMachines/jdk1.8.0_25.jdk/Contents/Home/jre/lib/rt.jar:/Library/Java/JavaVirtualMachines/jdk1.8.0_25.jdk/Contents/Home/jre/lib/sunrsasign.jar:/Library/Java/JavaVirtualMachines/jdk1.8.0_25.jdk/Contents/Home/jre/lib/jsse.jar:/Library/Java/JavaVirtualMachines/jdk1.8.0_25.jdk/Contents/Home/jre/lib/jce.jar:/Library/Java/JavaVirtualMachines/jdk1.8.0_25.jdk/Contents/Home/jre/lib/charsets.jar:/Library/Java/JavaVirtualMachines/jdk1.8.0_25.jdk/Contents/Home/jre/lib/jfr.jar:/Library/Java/JavaVirtualMachines/jdk1.8.0_25.jdk/Contents/Home/jre/classes:/Users/Messi/.ivy2/cache/org.scala-lang/scala-library/jars/scala-library-2.11.6.jar
	-classpath
	/Users/Messi/Development/scala-prog/scala-cat-database/target/scala-2.11/classes:/Users/Messi/.ivy2/cache/com.typesafe.play/twirl-api_2.11/jars/twirl-api_2.11-1.1.1.jar:/Users/Messi/.ivy2/cache/org.apache.commons/commons-lang3/jars/commons-lang3-3.4.jar:/Users/Messi/.ivy2/cache/org.scala-lang.modules/scala-xml_2.11/bundles/scala-xml_2.11-1.0.1.jar:/Users/Messi/.ivy2/cache/com.typesafe.play/play-server_2.11/jars/play-server_2.11-2.4.2.jar:/Users/Messi/.ivy2/cache/com.typesafe.play/play_2.11/jars/play_2.11-2.4.2.jar:/Users/Messi/.ivy2/cache/com.typesafe.play/build-link/jars/build-link-2.4.2.jar:/Users/Messi/.ivy2/cache/com.typesafe.play/play-exceptions/jars/play-exceptions-2.4.2.jar:/Users/Messi/.ivy2/cache/org.javassist/javassist/bundles/javassist-3.19.0-GA.jar:/Users/Messi/.ivy2/cache/com.typesafe.play/play-iteratees_2.11/jars/play-iteratees_2.11-2.4.2.jar:/Users/Messi/.ivy2/cache/org.scala-stm/scala-stm_2.11/jars/scala-stm_2.11-0.7.jar:/Users/Messi/.ivy2/cache/com.typesafe/config/bundles/config-1.3.0.jar:/Users/Messi/.ivy2/cache/com.typesafe.play/play-json_2.11/jars/play-json_2.11-2.4.2.jar:/Users/Messi/.ivy2/cache/com.typesafe.play/play-functional_2.11/jars/play-functional_2.11-2.4.2.jar:/Users/Messi/.ivy2/cache/com.typesafe.play/play-datacommons_2.11/jars/play-datacommons_2.11-2.4.2.jar:/Users/Messi/.ivy2/cache/joda-time/joda-time/jars/joda-time-2.8.1.jar:/Users/Messi/.ivy2/cache/org.joda/joda-convert/jars/joda-convert-1.7.jar:/Users/Messi/.ivy2/cache/org.scala-lang/scala-reflect/jars/scala-reflect-2.11.6.jar:/Users/Messi/.ivy2/cache/com.fasterxml.jackson.core/jackson-core/bundles/jackson-core-2.5.4.jar:/Users/Messi/.ivy2/cache/com.fasterxml.jackson.core/jackson-annotations/bundles/jackson-annotations-2.5.4.jar:/Users/Messi/.ivy2/cache/com.fasterxml.jackson.core/jackson-databind/bundles/jackson-databind-2.5.4.jar:/Users/Messi/.ivy2/cache/com.fasterxml.jackson.datatype/jackson-datatype-jdk8/bundles/jackson-datatype-jdk8-2.5.4.jar:/Users/Messi/.ivy2/cache/com.fasterxml.jackson.datatype/jackson-datatype-jsr310/bundles/jackson-datatype-jsr310-2.5.4.jar:/Users/Messi/.ivy2/cache/com.typesafe.play/play-netty-utils/jars/play-netty-utils-2.4.2.jar:/Users/Messi/.ivy2/cache/org.slf4j/slf4j-api/jars/slf4j-api-1.7.12.jar:/Users/Messi/.ivy2/cache/org.slf4j/jul-to-slf4j/jars/jul-to-slf4j-1.7.12.jar:/Users/Messi/.ivy2/cache/org.slf4j/jcl-over-slf4j/jars/jcl-over-slf4j-1.7.12.jar:/Users/Messi/.ivy2/cache/org.scala-lang.modules/scala-parser-combinators_2.11/bundles/scala-parser-combinators_2.11-1.0.1.jar:/Users/Messi/.ivy2/cache/ch.qos.logback/logback-core/jars/logback-core-1.1.3.jar:/Users/Messi/.ivy2/cache/ch.qos.logback/logback-classic/jars/logback-classic-1.1.3.jar:/Users/Messi/.ivy2/cache/com.typesafe.akka/akka-actor_2.11/jars/akka-actor_2.11-2.3.11.jar:/Users/Messi/.ivy2/cache/com.typesafe.akka/akka-slf4j_2.11/jars/akka-slf4j_2.11-2.3.11.jar:/Users/Messi/.ivy2/cache/commons-codec/commons-codec/jars/commons-codec-1.10.jar:/Users/Messi/.ivy2/cache/xerces/xercesImpl/jars/xercesImpl-2.11.0.jar:/Users/Messi/.ivy2/cache/xml-apis/xml-apis/jars/xml-apis-1.4.01.jar:/Users/Messi/.ivy2/cache/javax.transaction/jta/jars/jta-1.1.jar:/Users/Messi/.ivy2/cache/com.google.inject/guice/jars/guice-4.0.jar:/Users/Messi/.ivy2/cache/javax.inject/javax.inject/jars/javax.inject-1.jar:/Users/Messi/.ivy2/cache/aopalliance/aopalliance/jars/aopalliance-1.0.jar:/Users/Messi/.ivy2/cache/com.google.inject.extensions/guice-assistedinject/jars/guice-assistedinject-4.0.jar:/Users/Messi/.ivy2/cache/com.typesafe.play/play-netty-server_2.11/jars/play-netty-server_2.11-2.4.2.jar:/Users/Messi/.ivy2/cache/io.netty/netty/bundles/netty-3.10.3.Final.jar:/Users/Messi/.ivy2/cache/com.typesafe.netty/netty-http-pipelining/jars/netty-http-pipelining-1.1.4.jar:/Users/Messi/.ivy2/cache/com.typesafe.play/play-jdbc_2.11/jars/play-jdbc_2.11-2.4.2.jar:/Users/Messi/.ivy2/cache/com.typesafe.play/play-jdbc-api_2.11/jars/play-jdbc-api_2.11-2.4.2.jar:/Users/Messi/.ivy2/cache/com.jolbox/bonecp/bundles/bonecp-0.8.0.RELEASE.jar:/Users/Messi/.ivy2/cache/com.zaxxer/HikariCP/bundles/HikariCP-2.3.7.jar:/Users/Messi/.ivy2/cache/com.h2database/h2/jars/h2-1.4.187.jar:/Users/Messi/.ivy2/cache/tyrex/tyrex/jars/tyrex-1.0.1.jar:/Users/Messi/.ivy2/cache/com.typesafe.play/play-cache_2.11/jars/play-cache_2.11-2.4.2.jar:/Users/Messi/.ivy2/cache/net.sf.ehcache/ehcache-core/jars/ehcache-core-2.6.11.jar:/Users/Messi/.ivy2/cache/com.typesafe.play/play-ws_2.11/jars/play-ws_2.11-2.4.2.jar:/Users/Messi/.ivy2/cache/com.google.guava/guava/bundles/guava-18.0.jar:/Users/Messi/.ivy2/cache/com.ning/async-http-client/jars/async-http-client-1.9.21.jar:/Users/Messi/.ivy2/cache/oauth.signpost/signpost-core/jars/signpost-core-1.2.1.2.jar:/Users/Messi/.ivy2/cache/oauth.signpost/signpost-commonshttp4/jars/signpost-commonshttp4-1.2.1.2.jar:/Users/Messi/.ivy2/cache/org.apache.httpcomponents/httpcore/jars/httpcore-4.0.1.jar:/Users/Messi/.ivy2/cache/org.apache.httpcomponents/httpclient/jars/httpclient-4.0.1.jar:/Users/Messi/.ivy2/cache/commons-logging/commons-logging/jars/commons-logging-1.1.1.jar:/Users/Messi/.ivy2/cache/com.typesafe.play/anorm_2.11/jars/anorm_2.11-2.4.0.jar:/Users/Messi/.ivy2/cache/com.typesafe.play/anorm-tokenizer_2.11/jars/anorm-tokenizer_2.11-2.4.0.jar:/Users/Messi/.ivy2/cache/com.jsuereth/scala-arm_2.11/jars/scala-arm_2.11-1.4.jar:/Users/Messi/.ivy2/cache/org.scala-lang.plugins/scala-continuations-library_2.11/bundles/scala-continuations-library_2.11-1.0.1.jar:/Users/Messi/.ivy2/cache/com.typesafe.play/play-jdbc-evolutions_2.11/jars/play-jdbc-evolutions_2.11-2.4.2.jar:/Users/Messi/.ivy2/cache/org.postgresql/postgresql/jars/postgresql-9.4-1201-jdbc41.jar
Read from stdout: there was one feature warning; re-run with -feature for details
there was one feature warning; re-run with -feature for details
Read from stdout: one warning found
one warning found
Scala compilation took 10.741527505 s
Invalidating /Users/Messi/Development/scala-prog/scala-cat-database/app/models/Cat.scala...
Invalidating (transitively) by inheritance from /Users/Messi/Development/scala-prog/scala-cat-database/app/models/Cat.scala...
Initial set of included nodes: Set(/Users/Messi/Development/scala-prog/scala-cat-database/app/models/Cat.scala)
Invalidated by transitive inheritance dependency: Set(/Users/Messi/Development/scala-prog/scala-cat-database/app/models/Cat.scala)
The /Users/Messi/Development/scala-prog/scala-cat-database/app/models/Cat.scala source file has the following regular definitions changed:
	create.
All member reference dependencies will be considered within this context.
The following modified names cause invalidation of /Users/Messi/Development/scala-prog/scala-cat-database/app/controllers/Application.scala: Set(create)
None of the modified names appears in /Users/Messi/Development/scala-prog/scala-cat-database/target/scala-2.11/twirl/main/views/html/editcat.template.scala. This dependency is not being considered for invalidation.
None of the modified names appears in /Users/Messi/Development/scala-prog/scala-cat-database/target/scala-2.11/twirl/main/views/html/addcat.template.scala. This dependency is not being considered for invalidation.
The following modified names cause invalidation of /Users/Messi/Development/scala-prog/scala-cat-database/target/scala-2.11/twirl/main/views/html/index.template.scala: Set(create)
New invalidations:
	Set(/Users/Messi/Development/scala-prog/scala-cat-database/app/controllers/Application.scala, /Users/Messi/Development/scala-prog/scala-cat-database/target/scala-2.11/twirl/main/views/html/index.template.scala)
Initial set of included nodes: Set(/Users/Messi/Development/scala-prog/scala-cat-database/app/controllers/Application.scala, /Users/Messi/Development/scala-prog/scala-cat-database/target/scala-2.11/twirl/main/views/html/index.template.scala)
Including /Users/Messi/Development/scala-prog/scala-cat-database/target/scala-2.11/routes/main/router/Routes.scala by /Users/Messi/Development/scala-prog/scala-cat-database/app/controllers/Application.scala
Previously invalidated, but (transitively) depend on new invalidations:
	Set()
All newly invalidated sources after taking into account (previously) recompiled sources:Set(/Users/Messi/Development/scala-prog/scala-cat-database/app/controllers/Application.scala, /Users/Messi/Development/scala-prog/scala-cat-database/target/scala-2.11/twirl/main/views/html/index.template.scala)
Read from stdout: Compiling 2 Scala sources to /Users/Messi/Development/scala-prog/scala-cat-database/target/scala-2.11/classes...
Compiling 2 Scala sources to /Users/Messi/Development/scala-prog/scala-cat-database/target/scala-2.11/classes...
Getting compiler-interface from component compiler for Scala 2.11.6
Other repositories:
Default repositories:
Getting compiler-interface from component compiler for Scala 2.11.6
Other repositories:
Default repositories:
Running cached compiler 49338dbe, interfacing (CompilerInterface) with Scala compiler version 2.11.6
Calling Scala compiler with arguments  (CompilerInterface):
	-deprecation
	-unchecked
	-encoding
	utf8
	-bootclasspath
	/Library/Java/JavaVirtualMachines/jdk1.8.0_25.jdk/Contents/Home/jre/lib/resources.jar:/Library/Java/JavaVirtualMachines/jdk1.8.0_25.jdk/Contents/Home/jre/lib/rt.jar:/Library/Java/JavaVirtualMachines/jdk1.8.0_25.jdk/Contents/Home/jre/lib/sunrsasign.jar:/Library/Java/JavaVirtualMachines/jdk1.8.0_25.jdk/Contents/Home/jre/lib/jsse.jar:/Library/Java/JavaVirtualMachines/jdk1.8.0_25.jdk/Contents/Home/jre/lib/jce.jar:/Library/Java/JavaVirtualMachines/jdk1.8.0_25.jdk/Contents/Home/jre/lib/charsets.jar:/Library/Java/JavaVirtualMachines/jdk1.8.0_25.jdk/Contents/Home/jre/lib/jfr.jar:/Library/Java/JavaVirtualMachines/jdk1.8.0_25.jdk/Contents/Home/jre/classes:/Users/Messi/.ivy2/cache/org.scala-lang/scala-library/jars/scala-library-2.11.6.jar
	-classpath
	/Users/Messi/Development/scala-prog/scala-cat-database/target/scala-2.11/classes:/Users/Messi/.ivy2/cache/com.typesafe.play/twirl-api_2.11/jars/twirl-api_2.11-1.1.1.jar:/Users/Messi/.ivy2/cache/org.apache.commons/commons-lang3/jars/commons-lang3-3.4.jar:/Users/Messi/.ivy2/cache/org.scala-lang.modules/scala-xml_2.11/bundles/scala-xml_2.11-1.0.1.jar:/Users/Messi/.ivy2/cache/com.typesafe.play/play-server_2.11/jars/play-server_2.11-2.4.2.jar:/Users/Messi/.ivy2/cache/com.typesafe.play/play_2.11/jars/play_2.11-2.4.2.jar:/Users/Messi/.ivy2/cache/com.typesafe.play/build-link/jars/build-link-2.4.2.jar:/Users/Messi/.ivy2/cache/com.typesafe.play/play-exceptions/jars/play-exceptions-2.4.2.jar:/Users/Messi/.ivy2/cache/org.javassist/javassist/bundles/javassist-3.19.0-GA.jar:/Users/Messi/.ivy2/cache/com.typesafe.play/play-iteratees_2.11/jars/play-iteratees_2.11-2.4.2.jar:/Users/Messi/.ivy2/cache/org.scala-stm/scala-stm_2.11/jars/scala-stm_2.11-0.7.jar:/Users/Messi/.ivy2/cache/com.typesafe/config/bundles/config-1.3.0.jar:/Users/Messi/.ivy2/cache/com.typesafe.play/play-json_2.11/jars/play-json_2.11-2.4.2.jar:/Users/Messi/.ivy2/cache/com.typesafe.play/play-functional_2.11/jars/play-functional_2.11-2.4.2.jar:/Users/Messi/.ivy2/cache/com.typesafe.play/play-datacommons_2.11/jars/play-datacommons_2.11-2.4.2.jar:/Users/Messi/.ivy2/cache/joda-time/joda-time/jars/joda-time-2.8.1.jar:/Users/Messi/.ivy2/cache/org.joda/joda-convert/jars/joda-convert-1.7.jar:/Users/Messi/.ivy2/cache/org.scala-lang/scala-reflect/jars/scala-reflect-2.11.6.jar:/Users/Messi/.ivy2/cache/com.fasterxml.jackson.core/jackson-core/bundles/jackson-core-2.5.4.jar:/Users/Messi/.ivy2/cache/com.fasterxml.jackson.core/jackson-annotations/bundles/jackson-annotations-2.5.4.jar:/Users/Messi/.ivy2/cache/com.fasterxml.jackson.core/jackson-databind/bundles/jackson-databind-2.5.4.jar:/Users/Messi/.ivy2/cache/com.fasterxml.jackson.datatype/jackson-datatype-jdk8/bundles/jackson-datatype-jdk8-2.5.4.jar:/Users/Messi/.ivy2/cache/com.fasterxml.jackson.datatype/jackson-datatype-jsr310/bundles/jackson-datatype-jsr310-2.5.4.jar:/Users/Messi/.ivy2/cache/com.typesafe.play/play-netty-utils/jars/play-netty-utils-2.4.2.jar:/Users/Messi/.ivy2/cache/org.slf4j/slf4j-api/jars/slf4j-api-1.7.12.jar:/Users/Messi/.ivy2/cache/org.slf4j/jul-to-slf4j/jars/jul-to-slf4j-1.7.12.jar:/Users/Messi/.ivy2/cache/org.slf4j/jcl-over-slf4j/jars/jcl-over-slf4j-1.7.12.jar:/Users/Messi/.ivy2/cache/org.scala-lang.modules/scala-parser-combinators_2.11/bundles/scala-parser-combinators_2.11-1.0.1.jar:/Users/Messi/.ivy2/cache/ch.qos.logback/logback-core/jars/logback-core-1.1.3.jar:/Users/Messi/.ivy2/cache/ch.qos.logback/logback-classic/jars/logback-classic-1.1.3.jar:/Users/Messi/.ivy2/cache/com.typesafe.akka/akka-actor_2.11/jars/akka-actor_2.11-2.3.11.jar:/Users/Messi/.ivy2/cache/com.typesafe.akka/akka-slf4j_2.11/jars/akka-slf4j_2.11-2.3.11.jar:/Users/Messi/.ivy2/cache/commons-codec/commons-codec/jars/commons-codec-1.10.jar:/Users/Messi/.ivy2/cache/xerces/xercesImpl/jars/xercesImpl-2.11.0.jar:/Users/Messi/.ivy2/cache/xml-apis/xml-apis/jars/xml-apis-1.4.01.jar:/Users/Messi/.ivy2/cache/javax.transaction/jta/jars/jta-1.1.jar:/Users/Messi/.ivy2/cache/com.google.inject/guice/jars/guice-4.0.jar:/Users/Messi/.ivy2/cache/javax.inject/javax.inject/jars/javax.inject-1.jar:/Users/Messi/.ivy2/cache/aopalliance/aopalliance/jars/aopalliance-1.0.jar:/Users/Messi/.ivy2/cache/com.google.inject.extensions/guice-assistedinject/jars/guice-assistedinject-4.0.jar:/Users/Messi/.ivy2/cache/com.typesafe.play/play-netty-server_2.11/jars/play-netty-server_2.11-2.4.2.jar:/Users/Messi/.ivy2/cache/io.netty/netty/bundles/netty-3.10.3.Final.jar:/Users/Messi/.ivy2/cache/com.typesafe.netty/netty-http-pipelining/jars/netty-http-pipelining-1.1.4.jar:/Users/Messi/.ivy2/cache/com.typesafe.play/play-jdbc_2.11/jars/play-jdbc_2.11-2.4.2.jar:/Users/Messi/.ivy2/cache/com.typesafe.play/play-jdbc-api_2.11/jars/play-jdbc-api_2.11-2.4.2.jar:/Users/Messi/.ivy2/cache/com.jolbox/bonecp/bundles/bonecp-0.8.0.RELEASE.jar:/Users/Messi/.ivy2/cache/com.zaxxer/HikariCP/bundles/HikariCP-2.3.7.jar:/Users/Messi/.ivy2/cache/com.h2database/h2/jars/h2-1.4.187.jar:/Users/Messi/.ivy2/cache/tyrex/tyrex/jars/tyrex-1.0.1.jar:/Users/Messi/.ivy2/cache/com.typesafe.play/play-cache_2.11/jars/play-cache_2.11-2.4.2.jar:/Users/Messi/.ivy2/cache/net.sf.ehcache/ehcache-core/jars/ehcache-core-2.6.11.jar:/Users/Messi/.ivy2/cache/com.typesafe.play/play-ws_2.11/jars/play-ws_2.11-2.4.2.jar:/Users/Messi/.ivy2/cache/com.google.guava/guava/bundles/guava-18.0.jar:/Users/Messi/.ivy2/cache/com.ning/async-http-client/jars/async-http-client-1.9.21.jar:/Users/Messi/.ivy2/cache/oauth.signpost/signpost-core/jars/signpost-core-1.2.1.2.jar:/Users/Messi/.ivy2/cache/oauth.signpost/signpost-commonshttp4/jars/signpost-commonshttp4-1.2.1.2.jar:/Users/Messi/.ivy2/cache/org.apache.httpcomponents/httpcore/jars/httpcore-4.0.1.jar:/Users/Messi/.ivy2/cache/org.apache.httpcomponents/httpclient/jars/httpclient-4.0.1.jar:/Users/Messi/.ivy2/cache/commons-logging/commons-logging/jars/commons-logging-1.1.1.jar:/Users/Messi/.ivy2/cache/com.typesafe.play/anorm_2.11/jars/anorm_2.11-2.4.0.jar:/Users/Messi/.ivy2/cache/com.typesafe.play/anorm-tokenizer_2.11/jars/anorm-tokenizer_2.11-2.4.0.jar:/Users/Messi/.ivy2/cache/com.jsuereth/scala-arm_2.11/jars/scala-arm_2.11-1.4.jar:/Users/Messi/.ivy2/cache/org.scala-lang.plugins/scala-continuations-library_2.11/bundles/scala-continuations-library_2.11-1.0.1.jar:/Users/Messi/.ivy2/cache/com.typesafe.play/play-jdbc-evolutions_2.11/jars/play-jdbc-evolutions_2.11-2.4.2.jar:/Users/Messi/.ivy2/cache/org.postgresql/postgresql/jars/postgresql-9.4-1201-jdbc41.jar
Read from stdout: /Users/Messi/Development/scala-prog/scala-cat-database/app/controllers/Application.scala:201: too many arguments for method create: (cat: models.Cat)Unit
/Users/Messi/Development/scala-prog/scala-cat-database/app/controllers/Application.scala:201: too many arguments for method create: (cat: models.Cat)Unit
Read from stdout: Cat.create(cat, Some(bArray))
      Cat.create(cat, Some(bArray))
Read from stdout: ^
                ^
Read from stdout: /Users/Messi/Development/scala-prog/scala-cat-database/app/controllers/Application.scala:213: too many arguments for method create: (cat: models.Cat)Unit
/Users/Messi/Development/scala-prog/scala-cat-database/app/controllers/Application.scala:213: too many arguments for method create: (cat: models.Cat)Unit
Read from stdout: Cat.create(cat, None)
      Cat.create(cat, None)
Read from stdout: ^
                ^
Read from stdout: two errors found
two errors found
Compilation failed (CompilerInterface)
Read from stdout: (compile:compileIncremental) Compilation failed
(compile:compileIncremental) Compilation failed
Total time: 14 s, completed Jul 23, 2015 12:52:52 PM
> server-post-command-error-handler
> server-post-command-cleanup
> server-handle-next-server-request
> compile
Evaluating tasks: compile:compile
Running task... Cancel: sbt.server.ServerTaskCancellation@8b27bf9, check cycles: false

Initial source changes: 
	removed:Set()
	added: Set()
	modified: Set(/Users/Messi/Development/scala-prog/scala-cat-database/app/models/Cat.scala, /Users/Messi/Development/scala-prog/scala-cat-database/app/controllers/Application.scala)
Removed products: Set()
External API changes: API Changes: Set()
Modified binary dependencies: Set()
Initial directly invalidated sources: Set(/Users/Messi/Development/scala-prog/scala-cat-database/app/models/Cat.scala, /Users/Messi/Development/scala-prog/scala-cat-database/app/controllers/Application.scala)

Sources indirectly invalidated by:
	product: Set()
	binary dep: Set()
	external source: Set()
All initially invalidated sources: Set(/Users/Messi/Development/scala-prog/scala-cat-database/app/models/Cat.scala, /Users/Messi/Development/scala-prog/scala-cat-database/app/controllers/Application.scala)

Read from stdout: Compiling 2 Scala sources to /Users/Messi/Development/scala-prog/scala-cat-database/target/scala-2.11/classes...
Compiling 2 Scala sources to /Users/Messi/Development/scala-prog/scala-cat-database/target/scala-2.11/classes...
Getting compiler-interface from component compiler for Scala 2.11.6
Other repositories:
Default repositories:
Getting compiler-interface from component compiler for Scala 2.11.6
Other repositories:
Default repositories:
Running cached compiler 6ba97149, interfacing (CompilerInterface) with Scala compiler version 2.11.6
Calling Scala compiler with arguments  (CompilerInterface):
	-deprecation
	-unchecked
	-encoding
	utf8
	-bootclasspath
	/Library/Java/JavaVirtualMachines/jdk1.8.0_25.jdk/Contents/Home/jre/lib/resources.jar:/Library/Java/JavaVirtualMachines/jdk1.8.0_25.jdk/Contents/Home/jre/lib/rt.jar:/Library/Java/JavaVirtualMachines/jdk1.8.0_25.jdk/Contents/Home/jre/lib/sunrsasign.jar:/Library/Java/JavaVirtualMachines/jdk1.8.0_25.jdk/Contents/Home/jre/lib/jsse.jar:/Library/Java/JavaVirtualMachines/jdk1.8.0_25.jdk/Contents/Home/jre/lib/jce.jar:/Library/Java/JavaVirtualMachines/jdk1.8.0_25.jdk/Contents/Home/jre/lib/charsets.jar:/Library/Java/JavaVirtualMachines/jdk1.8.0_25.jdk/Contents/Home/jre/lib/jfr.jar:/Library/Java/JavaVirtualMachines/jdk1.8.0_25.jdk/Contents/Home/jre/classes:/Users/Messi/.ivy2/cache/org.scala-lang/scala-library/jars/scala-library-2.11.6.jar
	-classpath
	/Users/Messi/Development/scala-prog/scala-cat-database/target/scala-2.11/classes:/Users/Messi/.ivy2/cache/com.typesafe.play/twirl-api_2.11/jars/twirl-api_2.11-1.1.1.jar:/Users/Messi/.ivy2/cache/org.apache.commons/commons-lang3/jars/commons-lang3-3.4.jar:/Users/Messi/.ivy2/cache/org.scala-lang.modules/scala-xml_2.11/bundles/scala-xml_2.11-1.0.1.jar:/Users/Messi/.ivy2/cache/com.typesafe.play/play-server_2.11/jars/play-server_2.11-2.4.2.jar:/Users/Messi/.ivy2/cache/com.typesafe.play/play_2.11/jars/play_2.11-2.4.2.jar:/Users/Messi/.ivy2/cache/com.typesafe.play/build-link/jars/build-link-2.4.2.jar:/Users/Messi/.ivy2/cache/com.typesafe.play/play-exceptions/jars/play-exceptions-2.4.2.jar:/Users/Messi/.ivy2/cache/org.javassist/javassist/bundles/javassist-3.19.0-GA.jar:/Users/Messi/.ivy2/cache/com.typesafe.play/play-iteratees_2.11/jars/play-iteratees_2.11-2.4.2.jar:/Users/Messi/.ivy2/cache/org.scala-stm/scala-stm_2.11/jars/scala-stm_2.11-0.7.jar:/Users/Messi/.ivy2/cache/com.typesafe/config/bundles/config-1.3.0.jar:/Users/Messi/.ivy2/cache/com.typesafe.play/play-json_2.11/jars/play-json_2.11-2.4.2.jar:/Users/Messi/.ivy2/cache/com.typesafe.play/play-functional_2.11/jars/play-functional_2.11-2.4.2.jar:/Users/Messi/.ivy2/cache/com.typesafe.play/play-datacommons_2.11/jars/play-datacommons_2.11-2.4.2.jar:/Users/Messi/.ivy2/cache/joda-time/joda-time/jars/joda-time-2.8.1.jar:/Users/Messi/.ivy2/cache/org.joda/joda-convert/jars/joda-convert-1.7.jar:/Users/Messi/.ivy2/cache/org.scala-lang/scala-reflect/jars/scala-reflect-2.11.6.jar:/Users/Messi/.ivy2/cache/com.fasterxml.jackson.core/jackson-core/bundles/jackson-core-2.5.4.jar:/Users/Messi/.ivy2/cache/com.fasterxml.jackson.core/jackson-annotations/bundles/jackson-annotations-2.5.4.jar:/Users/Messi/.ivy2/cache/com.fasterxml.jackson.core/jackson-databind/bundles/jackson-databind-2.5.4.jar:/Users/Messi/.ivy2/cache/com.fasterxml.jackson.datatype/jackson-datatype-jdk8/bundles/jackson-datatype-jdk8-2.5.4.jar:/Users/Messi/.ivy2/cache/com.fasterxml.jackson.datatype/jackson-datatype-jsr310/bundles/jackson-datatype-jsr310-2.5.4.jar:/Users/Messi/.ivy2/cache/com.typesafe.play/play-netty-utils/jars/play-netty-utils-2.4.2.jar:/Users/Messi/.ivy2/cache/org.slf4j/slf4j-api/jars/slf4j-api-1.7.12.jar:/Users/Messi/.ivy2/cache/org.slf4j/jul-to-slf4j/jars/jul-to-slf4j-1.7.12.jar:/Users/Messi/.ivy2/cache/org.slf4j/jcl-over-slf4j/jars/jcl-over-slf4j-1.7.12.jar:/Users/Messi/.ivy2/cache/org.scala-lang.modules/scala-parser-combinators_2.11/bundles/scala-parser-combinators_2.11-1.0.1.jar:/Users/Messi/.ivy2/cache/ch.qos.logback/logback-core/jars/logback-core-1.1.3.jar:/Users/Messi/.ivy2/cache/ch.qos.logback/logback-classic/jars/logback-classic-1.1.3.jar:/Users/Messi/.ivy2/cache/com.typesafe.akka/akka-actor_2.11/jars/akka-actor_2.11-2.3.11.jar:/Users/Messi/.ivy2/cache/com.typesafe.akka/akka-slf4j_2.11/jars/akka-slf4j_2.11-2.3.11.jar:/Users/Messi/.ivy2/cache/commons-codec/commons-codec/jars/commons-codec-1.10.jar:/Users/Messi/.ivy2/cache/xerces/xercesImpl/jars/xercesImpl-2.11.0.jar:/Users/Messi/.ivy2/cache/xml-apis/xml-apis/jars/xml-apis-1.4.01.jar:/Users/Messi/.ivy2/cache/javax.transaction/jta/jars/jta-1.1.jar:/Users/Messi/.ivy2/cache/com.google.inject/guice/jars/guice-4.0.jar:/Users/Messi/.ivy2/cache/javax.inject/javax.inject/jars/javax.inject-1.jar:/Users/Messi/.ivy2/cache/aopalliance/aopalliance/jars/aopalliance-1.0.jar:/Users/Messi/.ivy2/cache/com.google.inject.extensions/guice-assistedinject/jars/guice-assistedinject-4.0.jar:/Users/Messi/.ivy2/cache/com.typesafe.play/play-netty-server_2.11/jars/play-netty-server_2.11-2.4.2.jar:/Users/Messi/.ivy2/cache/io.netty/netty/bundles/netty-3.10.3.Final.jar:/Users/Messi/.ivy2/cache/com.typesafe.netty/netty-http-pipelining/jars/netty-http-pipelining-1.1.4.jar:/Users/Messi/.ivy2/cache/com.typesafe.play/play-jdbc_2.11/jars/play-jdbc_2.11-2.4.2.jar:/Users/Messi/.ivy2/cache/com.typesafe.play/play-jdbc-api_2.11/jars/play-jdbc-api_2.11-2.4.2.jar:/Users/Messi/.ivy2/cache/com.jolbox/bonecp/bundles/bonecp-0.8.0.RELEASE.jar:/Users/Messi/.ivy2/cache/com.zaxxer/HikariCP/bundles/HikariCP-2.3.7.jar:/Users/Messi/.ivy2/cache/com.h2database/h2/jars/h2-1.4.187.jar:/Users/Messi/.ivy2/cache/tyrex/tyrex/jars/tyrex-1.0.1.jar:/Users/Messi/.ivy2/cache/com.typesafe.play/play-cache_2.11/jars/play-cache_2.11-2.4.2.jar:/Users/Messi/.ivy2/cache/net.sf.ehcache/ehcache-core/jars/ehcache-core-2.6.11.jar:/Users/Messi/.ivy2/cache/com.typesafe.play/play-ws_2.11/jars/play-ws_2.11-2.4.2.jar:/Users/Messi/.ivy2/cache/com.google.guava/guava/bundles/guava-18.0.jar:/Users/Messi/.ivy2/cache/com.ning/async-http-client/jars/async-http-client-1.9.21.jar:/Users/Messi/.ivy2/cache/oauth.signpost/signpost-core/jars/signpost-core-1.2.1.2.jar:/Users/Messi/.ivy2/cache/oauth.signpost/signpost-commonshttp4/jars/signpost-commonshttp4-1.2.1.2.jar:/Users/Messi/.ivy2/cache/org.apache.httpcomponents/httpcore/jars/httpcore-4.0.1.jar:/Users/Messi/.ivy2/cache/org.apache.httpcomponents/httpclient/jars/httpclient-4.0.1.jar:/Users/Messi/.ivy2/cache/commons-logging/commons-logging/jars/commons-logging-1.1.1.jar:/Users/Messi/.ivy2/cache/com.typesafe.play/anorm_2.11/jars/anorm_2.11-2.4.0.jar:/Users/Messi/.ivy2/cache/com.typesafe.play/anorm-tokenizer_2.11/jars/anorm-tokenizer_2.11-2.4.0.jar:/Users/Messi/.ivy2/cache/com.jsuereth/scala-arm_2.11/jars/scala-arm_2.11-1.4.jar:/Users/Messi/.ivy2/cache/org.scala-lang.plugins/scala-continuations-library_2.11/bundles/scala-continuations-library_2.11-1.0.1.jar:/Users/Messi/.ivy2/cache/com.typesafe.play/play-jdbc-evolutions_2.11/jars/play-jdbc-evolutions_2.11-2.4.2.jar:/Users/Messi/.ivy2/cache/org.postgresql/postgresql/jars/postgresql-9.4-1201-jdbc41.jar
Read from stdout: there were three feature warnings; re-run with -feature for details
there were three feature warnings; re-run with -feature for details
Read from stdout: one warning found
one warning found
Scala compilation took 6.100228773 s
Invalidating /Users/Messi/Development/scala-prog/scala-cat-database/app/models/Cat.scala...
Invalidating (transitively) by inheritance from /Users/Messi/Development/scala-prog/scala-cat-database/app/models/Cat.scala...
Initial set of included nodes: Set(/Users/Messi/Development/scala-prog/scala-cat-database/app/models/Cat.scala)
Invalidated by transitive inheritance dependency: Set(/Users/Messi/Development/scala-prog/scala-cat-database/app/models/Cat.scala)
The /Users/Messi/Development/scala-prog/scala-cat-database/app/models/Cat.scala source file has the following regular definitions changed:
	create.
All member reference dependencies will be considered within this context.
The following modified names cause invalidation of /Users/Messi/Development/scala-prog/scala-cat-database/app/controllers/Application.scala: Set(create)
None of the modified names appears in /Users/Messi/Development/scala-prog/scala-cat-database/target/scala-2.11/twirl/main/views/html/editcat.template.scala. This dependency is not being considered for invalidation.
None of the modified names appears in /Users/Messi/Development/scala-prog/scala-cat-database/target/scala-2.11/twirl/main/views/html/addcat.template.scala. This dependency is not being considered for invalidation.
The following modified names cause invalidation of /Users/Messi/Development/scala-prog/scala-cat-database/target/scala-2.11/twirl/main/views/html/index.template.scala: Set(create)
New invalidations:
	Set(/Users/Messi/Development/scala-prog/scala-cat-database/app/controllers/Application.scala, /Users/Messi/Development/scala-prog/scala-cat-database/target/scala-2.11/twirl/main/views/html/index.template.scala)
Initial set of included nodes: Set(/Users/Messi/Development/scala-prog/scala-cat-database/app/controllers/Application.scala, /Users/Messi/Development/scala-prog/scala-cat-database/target/scala-2.11/twirl/main/views/html/index.template.scala)
Including /Users/Messi/Development/scala-prog/scala-cat-database/target/scala-2.11/routes/main/router/Routes.scala by /Users/Messi/Development/scala-prog/scala-cat-database/app/controllers/Application.scala
Previously invalidated, but (transitively) depend on new invalidations:
	Set()
All newly invalidated sources after taking into account (previously) recompiled sources:Set(/Users/Messi/Development/scala-prog/scala-cat-database/target/scala-2.11/twirl/main/views/html/index.template.scala)
Read from stdout: Compiling 2 Scala sources to /Users/Messi/Development/scala-prog/scala-cat-database/target/scala-2.11/classes...
Compiling 2 Scala sources to /Users/Messi/Development/scala-prog/scala-cat-database/target/scala-2.11/classes...
Getting compiler-interface from component compiler for Scala 2.11.6
Other repositories:
Default repositories:
Getting compiler-interface from component compiler for Scala 2.11.6
Other repositories:
Default repositories:
Running cached compiler 5e84ccee, interfacing (CompilerInterface) with Scala compiler version 2.11.6
Calling Scala compiler with arguments  (CompilerInterface):
	-deprecation
	-unchecked
	-encoding
	utf8
	-bootclasspath
	/Library/Java/JavaVirtualMachines/jdk1.8.0_25.jdk/Contents/Home/jre/lib/resources.jar:/Library/Java/JavaVirtualMachines/jdk1.8.0_25.jdk/Contents/Home/jre/lib/rt.jar:/Library/Java/JavaVirtualMachines/jdk1.8.0_25.jdk/Contents/Home/jre/lib/sunrsasign.jar:/Library/Java/JavaVirtualMachines/jdk1.8.0_25.jdk/Contents/Home/jre/lib/jsse.jar:/Library/Java/JavaVirtualMachines/jdk1.8.0_25.jdk/Contents/Home/jre/lib/jce.jar:/Library/Java/JavaVirtualMachines/jdk1.8.0_25.jdk/Contents/Home/jre/lib/charsets.jar:/Library/Java/JavaVirtualMachines/jdk1.8.0_25.jdk/Contents/Home/jre/lib/jfr.jar:/Library/Java/JavaVirtualMachines/jdk1.8.0_25.jdk/Contents/Home/jre/classes:/Users/Messi/.ivy2/cache/org.scala-lang/scala-library/jars/scala-library-2.11.6.jar
	-classpath
	/Users/Messi/Development/scala-prog/scala-cat-database/target/scala-2.11/classes:/Users/Messi/.ivy2/cache/com.typesafe.play/twirl-api_2.11/jars/twirl-api_2.11-1.1.1.jar:/Users/Messi/.ivy2/cache/org.apache.commons/commons-lang3/jars/commons-lang3-3.4.jar:/Users/Messi/.ivy2/cache/org.scala-lang.modules/scala-xml_2.11/bundles/scala-xml_2.11-1.0.1.jar:/Users/Messi/.ivy2/cache/com.typesafe.play/play-server_2.11/jars/play-server_2.11-2.4.2.jar:/Users/Messi/.ivy2/cache/com.typesafe.play/play_2.11/jars/play_2.11-2.4.2.jar:/Users/Messi/.ivy2/cache/com.typesafe.play/build-link/jars/build-link-2.4.2.jar:/Users/Messi/.ivy2/cache/com.typesafe.play/play-exceptions/jars/play-exceptions-2.4.2.jar:/Users/Messi/.ivy2/cache/org.javassist/javassist/bundles/javassist-3.19.0-GA.jar:/Users/Messi/.ivy2/cache/com.typesafe.play/play-iteratees_2.11/jars/play-iteratees_2.11-2.4.2.jar:/Users/Messi/.ivy2/cache/org.scala-stm/scala-stm_2.11/jars/scala-stm_2.11-0.7.jar:/Users/Messi/.ivy2/cache/com.typesafe/config/bundles/config-1.3.0.jar:/Users/Messi/.ivy2/cache/com.typesafe.play/play-json_2.11/jars/play-json_2.11-2.4.2.jar:/Users/Messi/.ivy2/cache/com.typesafe.play/play-functional_2.11/jars/play-functional_2.11-2.4.2.jar:/Users/Messi/.ivy2/cache/com.typesafe.play/play-datacommons_2.11/jars/play-datacommons_2.11-2.4.2.jar:/Users/Messi/.ivy2/cache/joda-time/joda-time/jars/joda-time-2.8.1.jar:/Users/Messi/.ivy2/cache/org.joda/joda-convert/jars/joda-convert-1.7.jar:/Users/Messi/.ivy2/cache/org.scala-lang/scala-reflect/jars/scala-reflect-2.11.6.jar:/Users/Messi/.ivy2/cache/com.fasterxml.jackson.core/jackson-core/bundles/jackson-core-2.5.4.jar:/Users/Messi/.ivy2/cache/com.fasterxml.jackson.core/jackson-annotations/bundles/jackson-annotations-2.5.4.jar:/Users/Messi/.ivy2/cache/com.fasterxml.jackson.core/jackson-databind/bundles/jackson-databind-2.5.4.jar:/Users/Messi/.ivy2/cache/com.fasterxml.jackson.datatype/jackson-datatype-jdk8/bundles/jackson-datatype-jdk8-2.5.4.jar:/Users/Messi/.ivy2/cache/com.fasterxml.jackson.datatype/jackson-datatype-jsr310/bundles/jackson-datatype-jsr310-2.5.4.jar:/Users/Messi/.ivy2/cache/com.typesafe.play/play-netty-utils/jars/play-netty-utils-2.4.2.jar:/Users/Messi/.ivy2/cache/org.slf4j/slf4j-api/jars/slf4j-api-1.7.12.jar:/Users/Messi/.ivy2/cache/org.slf4j/jul-to-slf4j/jars/jul-to-slf4j-1.7.12.jar:/Users/Messi/.ivy2/cache/org.slf4j/jcl-over-slf4j/jars/jcl-over-slf4j-1.7.12.jar:/Users/Messi/.ivy2/cache/org.scala-lang.modules/scala-parser-combinators_2.11/bundles/scala-parser-combinators_2.11-1.0.1.jar:/Users/Messi/.ivy2/cache/ch.qos.logback/logback-core/jars/logback-core-1.1.3.jar:/Users/Messi/.ivy2/cache/ch.qos.logback/logback-classic/jars/logback-classic-1.1.3.jar:/Users/Messi/.ivy2/cache/com.typesafe.akka/akka-actor_2.11/jars/akka-actor_2.11-2.3.11.jar:/Users/Messi/.ivy2/cache/com.typesafe.akka/akka-slf4j_2.11/jars/akka-slf4j_2.11-2.3.11.jar:/Users/Messi/.ivy2/cache/commons-codec/commons-codec/jars/commons-codec-1.10.jar:/Users/Messi/.ivy2/cache/xerces/xercesImpl/jars/xercesImpl-2.11.0.jar:/Users/Messi/.ivy2/cache/xml-apis/xml-apis/jars/xml-apis-1.4.01.jar:/Users/Messi/.ivy2/cache/javax.transaction/jta/jars/jta-1.1.jar:/Users/Messi/.ivy2/cache/com.google.inject/guice/jars/guice-4.0.jar:/Users/Messi/.ivy2/cache/javax.inject/javax.inject/jars/javax.inject-1.jar:/Users/Messi/.ivy2/cache/aopalliance/aopalliance/jars/aopalliance-1.0.jar:/Users/Messi/.ivy2/cache/com.google.inject.extensions/guice-assistedinject/jars/guice-assistedinject-4.0.jar:/Users/Messi/.ivy2/cache/com.typesafe.play/play-netty-server_2.11/jars/play-netty-server_2.11-2.4.2.jar:/Users/Messi/.ivy2/cache/io.netty/netty/bundles/netty-3.10.3.Final.jar:/Users/Messi/.ivy2/cache/com.typesafe.netty/netty-http-pipelining/jars/netty-http-pipelining-1.1.4.jar:/Users/Messi/.ivy2/cache/com.typesafe.play/play-jdbc_2.11/jars/play-jdbc_2.11-2.4.2.jar:/Users/Messi/.ivy2/cache/com.typesafe.play/play-jdbc-api_2.11/jars/play-jdbc-api_2.11-2.4.2.jar:/Users/Messi/.ivy2/cache/com.jolbox/bonecp/bundles/bonecp-0.8.0.RELEASE.jar:/Users/Messi/.ivy2/cache/com.zaxxer/HikariCP/bundles/HikariCP-2.3.7.jar:/Users/Messi/.ivy2/cache/com.h2database/h2/jars/h2-1.4.187.jar:/Users/Messi/.ivy2/cache/tyrex/tyrex/jars/tyrex-1.0.1.jar:/Users/Messi/.ivy2/cache/com.typesafe.play/play-cache_2.11/jars/play-cache_2.11-2.4.2.jar:/Users/Messi/.ivy2/cache/net.sf.ehcache/ehcache-core/jars/ehcache-core-2.6.11.jar:/Users/Messi/.ivy2/cache/com.typesafe.play/play-ws_2.11/jars/play-ws_2.11-2.4.2.jar:/Users/Messi/.ivy2/cache/com.google.guava/guava/bundles/guava-18.0.jar:/Users/Messi/.ivy2/cache/com.ning/async-http-client/jars/async-http-client-1.9.21.jar:/Users/Messi/.ivy2/cache/oauth.signpost/signpost-core/jars/signpost-core-1.2.1.2.jar:/Users/Messi/.ivy2/cache/oauth.signpost/signpost-commonshttp4/jars/signpost-commonshttp4-1.2.1.2.jar:/Users/Messi/.ivy2/cache/org.apache.httpcomponents/httpcore/jars/httpcore-4.0.1.jar:/Users/Messi/.ivy2/cache/org.apache.httpcomponents/httpclient/jars/httpclient-4.0.1.jar:/Users/Messi/.ivy2/cache/commons-logging/commons-logging/jars/commons-logging-1.1.1.jar:/Users/Messi/.ivy2/cache/com.typesafe.play/anorm_2.11/jars/anorm_2.11-2.4.0.jar:/Users/Messi/.ivy2/cache/com.typesafe.play/anorm-tokenizer_2.11/jars/anorm-tokenizer_2.11-2.4.0.jar:/Users/Messi/.ivy2/cache/com.jsuereth/scala-arm_2.11/jars/scala-arm_2.11-1.4.jar:/Users/Messi/.ivy2/cache/org.scala-lang.plugins/scala-continuations-library_2.11/bundles/scala-continuations-library_2.11-1.0.1.jar:/Users/Messi/.ivy2/cache/com.typesafe.play/play-jdbc-evolutions_2.11/jars/play-jdbc-evolutions_2.11-2.4.2.jar:/Users/Messi/.ivy2/cache/org.postgresql/postgresql/jars/postgresql-9.4-1201-jdbc41.jar
Read from stdout: there were two feature warnings; re-run with -feature for details
there were two feature warnings; re-run with -feature for details
Read from stdout: one warning found
one warning found
Scala compilation took 3.533982801 s
New invalidations:
	Set()
Initial set of included nodes: Set()
Previously invalidated, but (transitively) depend on new invalidations:
	Set()
All newly invalidated sources after taking into account (previously) recompiled sources:Set()
Total time: 11 s, completed Jul 23, 2015 12:53:35 PM
> server-post-command-cleanup
> server-handle-next-server-request
> compile
Evaluating tasks: compile:compile
Running task... Cancel: sbt.server.ServerTaskCancellation@11c4ed05, check cycles: false

Initial source changes: 
	removed:Set()
	added: Set()
	modified: Set(/Users/Messi/Development/scala-prog/scala-cat-database/app/controllers/Application.scala)
Removed products: Set()
External API changes: API Changes: Set()
Modified binary dependencies: Set()
Initial directly invalidated sources: Set(/Users/Messi/Development/scala-prog/scala-cat-database/app/controllers/Application.scala)

Sources indirectly invalidated by:
	product: Set()
	binary dep: Set()
	external source: Set()
All initially invalidated sources: Set(/Users/Messi/Development/scala-prog/scala-cat-database/app/controllers/Application.scala)

Read from stdout: Compiling 1 Scala source to /Users/Messi/Development/scala-prog/scala-cat-database/target/scala-2.11/classes...
Compiling 1 Scala source to /Users/Messi/Development/scala-prog/scala-cat-database/target/scala-2.11/classes...
Getting compiler-interface from component compiler for Scala 2.11.6
Other repositories:
Default repositories:
Getting compiler-interface from component compiler for Scala 2.11.6
Other repositories:
Default repositories:
Running cached compiler 2257aef8, interfacing (CompilerInterface) with Scala compiler version 2.11.6
Calling Scala compiler with arguments  (CompilerInterface):
	-deprecation
	-unchecked
	-encoding
	utf8
	-bootclasspath
	/Library/Java/JavaVirtualMachines/jdk1.8.0_25.jdk/Contents/Home/jre/lib/resources.jar:/Library/Java/JavaVirtualMachines/jdk1.8.0_25.jdk/Contents/Home/jre/lib/rt.jar:/Library/Java/JavaVirtualMachines/jdk1.8.0_25.jdk/Contents/Home/jre/lib/sunrsasign.jar:/Library/Java/JavaVirtualMachines/jdk1.8.0_25.jdk/Contents/Home/jre/lib/jsse.jar:/Library/Java/JavaVirtualMachines/jdk1.8.0_25.jdk/Contents/Home/jre/lib/jce.jar:/Library/Java/JavaVirtualMachines/jdk1.8.0_25.jdk/Contents/Home/jre/lib/charsets.jar:/Library/Java/JavaVirtualMachines/jdk1.8.0_25.jdk/Contents/Home/jre/lib/jfr.jar:/Library/Java/JavaVirtualMachines/jdk1.8.0_25.jdk/Contents/Home/jre/classes:/Users/Messi/.ivy2/cache/org.scala-lang/scala-library/jars/scala-library-2.11.6.jar
	-classpath
	/Users/Messi/Development/scala-prog/scala-cat-database/target/scala-2.11/classes:/Users/Messi/.ivy2/cache/com.typesafe.play/twirl-api_2.11/jars/twirl-api_2.11-1.1.1.jar:/Users/Messi/.ivy2/cache/org.apache.commons/commons-lang3/jars/commons-lang3-3.4.jar:/Users/Messi/.ivy2/cache/org.scala-lang.modules/scala-xml_2.11/bundles/scala-xml_2.11-1.0.1.jar:/Users/Messi/.ivy2/cache/com.typesafe.play/play-server_2.11/jars/play-server_2.11-2.4.2.jar:/Users/Messi/.ivy2/cache/com.typesafe.play/play_2.11/jars/play_2.11-2.4.2.jar:/Users/Messi/.ivy2/cache/com.typesafe.play/build-link/jars/build-link-2.4.2.jar:/Users/Messi/.ivy2/cache/com.typesafe.play/play-exceptions/jars/play-exceptions-2.4.2.jar:/Users/Messi/.ivy2/cache/org.javassist/javassist/bundles/javassist-3.19.0-GA.jar:/Users/Messi/.ivy2/cache/com.typesafe.play/play-iteratees_2.11/jars/play-iteratees_2.11-2.4.2.jar:/Users/Messi/.ivy2/cache/org.scala-stm/scala-stm_2.11/jars/scala-stm_2.11-0.7.jar:/Users/Messi/.ivy2/cache/com.typesafe/config/bundles/config-1.3.0.jar:/Users/Messi/.ivy2/cache/com.typesafe.play/play-json_2.11/jars/play-json_2.11-2.4.2.jar:/Users/Messi/.ivy2/cache/com.typesafe.play/play-functional_2.11/jars/play-functional_2.11-2.4.2.jar:/Users/Messi/.ivy2/cache/com.typesafe.play/play-datacommons_2.11/jars/play-datacommons_2.11-2.4.2.jar:/Users/Messi/.ivy2/cache/joda-time/joda-time/jars/joda-time-2.8.1.jar:/Users/Messi/.ivy2/cache/org.joda/joda-convert/jars/joda-convert-1.7.jar:/Users/Messi/.ivy2/cache/org.scala-lang/scala-reflect/jars/scala-reflect-2.11.6.jar:/Users/Messi/.ivy2/cache/com.fasterxml.jackson.core/jackson-core/bundles/jackson-core-2.5.4.jar:/Users/Messi/.ivy2/cache/com.fasterxml.jackson.core/jackson-annotations/bundles/jackson-annotations-2.5.4.jar:/Users/Messi/.ivy2/cache/com.fasterxml.jackson.core/jackson-databind/bundles/jackson-databind-2.5.4.jar:/Users/Messi/.ivy2/cache/com.fasterxml.jackson.datatype/jackson-datatype-jdk8/bundles/jackson-datatype-jdk8-2.5.4.jar:/Users/Messi/.ivy2/cache/com.fasterxml.jackson.datatype/jackson-datatype-jsr310/bundles/jackson-datatype-jsr310-2.5.4.jar:/Users/Messi/.ivy2/cache/com.typesafe.play/play-netty-utils/jars/play-netty-utils-2.4.2.jar:/Users/Messi/.ivy2/cache/org.slf4j/slf4j-api/jars/slf4j-api-1.7.12.jar:/Users/Messi/.ivy2/cache/org.slf4j/jul-to-slf4j/jars/jul-to-slf4j-1.7.12.jar:/Users/Messi/.ivy2/cache/org.slf4j/jcl-over-slf4j/jars/jcl-over-slf4j-1.7.12.jar:/Users/Messi/.ivy2/cache/org.scala-lang.modules/scala-parser-combinators_2.11/bundles/scala-parser-combinators_2.11-1.0.1.jar:/Users/Messi/.ivy2/cache/ch.qos.logback/logback-core/jars/logback-core-1.1.3.jar:/Users/Messi/.ivy2/cache/ch.qos.logback/logback-classic/jars/logback-classic-1.1.3.jar:/Users/Messi/.ivy2/cache/com.typesafe.akka/akka-actor_2.11/jars/akka-actor_2.11-2.3.11.jar:/Users/Messi/.ivy2/cache/com.typesafe.akka/akka-slf4j_2.11/jars/akka-slf4j_2.11-2.3.11.jar:/Users/Messi/.ivy2/cache/commons-codec/commons-codec/jars/commons-codec-1.10.jar:/Users/Messi/.ivy2/cache/xerces/xercesImpl/jars/xercesImpl-2.11.0.jar:/Users/Messi/.ivy2/cache/xml-apis/xml-apis/jars/xml-apis-1.4.01.jar:/Users/Messi/.ivy2/cache/javax.transaction/jta/jars/jta-1.1.jar:/Users/Messi/.ivy2/cache/com.google.inject/guice/jars/guice-4.0.jar:/Users/Messi/.ivy2/cache/javax.inject/javax.inject/jars/javax.inject-1.jar:/Users/Messi/.ivy2/cache/aopalliance/aopalliance/jars/aopalliance-1.0.jar:/Users/Messi/.ivy2/cache/com.google.inject.extensions/guice-assistedinject/jars/guice-assistedinject-4.0.jar:/Users/Messi/.ivy2/cache/com.typesafe.play/play-netty-server_2.11/jars/play-netty-server_2.11-2.4.2.jar:/Users/Messi/.ivy2/cache/io.netty/netty/bundles/netty-3.10.3.Final.jar:/Users/Messi/.ivy2/cache/com.typesafe.netty/netty-http-pipelining/jars/netty-http-pipelining-1.1.4.jar:/Users/Messi/.ivy2/cache/com.typesafe.play/play-jdbc_2.11/jars/play-jdbc_2.11-2.4.2.jar:/Users/Messi/.ivy2/cache/com.typesafe.play/play-jdbc-api_2.11/jars/play-jdbc-api_2.11-2.4.2.jar:/Users/Messi/.ivy2/cache/com.jolbox/bonecp/bundles/bonecp-0.8.0.RELEASE.jar:/Users/Messi/.ivy2/cache/com.zaxxer/HikariCP/bundles/HikariCP-2.3.7.jar:/Users/Messi/.ivy2/cache/com.h2database/h2/jars/h2-1.4.187.jar:/Users/Messi/.ivy2/cache/tyrex/tyrex/jars/tyrex-1.0.1.jar:/Users/Messi/.ivy2/cache/com.typesafe.play/play-cache_2.11/jars/play-cache_2.11-2.4.2.jar:/Users/Messi/.ivy2/cache/net.sf.ehcache/ehcache-core/jars/ehcache-core-2.6.11.jar:/Users/Messi/.ivy2/cache/com.typesafe.play/play-ws_2.11/jars/play-ws_2.11-2.4.2.jar:/Users/Messi/.ivy2/cache/com.google.guava/guava/bundles/guava-18.0.jar:/Users/Messi/.ivy2/cache/com.ning/async-http-client/jars/async-http-client-1.9.21.jar:/Users/Messi/.ivy2/cache/oauth.signpost/signpost-core/jars/signpost-core-1.2.1.2.jar:/Users/Messi/.ivy2/cache/oauth.signpost/signpost-commonshttp4/jars/signpost-commonshttp4-1.2.1.2.jar:/Users/Messi/.ivy2/cache/org.apache.httpcomponents/httpcore/jars/httpcore-4.0.1.jar:/Users/Messi/.ivy2/cache/org.apache.httpcomponents/httpclient/jars/httpclient-4.0.1.jar:/Users/Messi/.ivy2/cache/commons-logging/commons-logging/jars/commons-logging-1.1.1.jar:/Users/Messi/.ivy2/cache/com.typesafe.play/anorm_2.11/jars/anorm_2.11-2.4.0.jar:/Users/Messi/.ivy2/cache/com.typesafe.play/anorm-tokenizer_2.11/jars/anorm-tokenizer_2.11-2.4.0.jar:/Users/Messi/.ivy2/cache/com.jsuereth/scala-arm_2.11/jars/scala-arm_2.11-1.4.jar:/Users/Messi/.ivy2/cache/org.scala-lang.plugins/scala-continuations-library_2.11/bundles/scala-continuations-library_2.11-1.0.1.jar:/Users/Messi/.ivy2/cache/com.typesafe.play/play-jdbc-evolutions_2.11/jars/play-jdbc-evolutions_2.11-2.4.2.jar:/Users/Messi/.ivy2/cache/org.postgresql/postgresql/jars/postgresql-9.4-1201-jdbc41.jar
Read from stdout: there were two feature warnings; re-run with -feature for details
there were two feature warnings; re-run with -feature for details
Read from stdout: one warning found
one warning found
Scala compilation took 2.895780065 s
New invalidations:
	Set()
Initial set of included nodes: Set()
Previously invalidated, but (transitively) depend on new invalidations:
	Set()
All newly invalidated sources after taking into account (previously) recompiled sources:Set()
Total time: 4 s, completed Jul 23, 2015 12:54:38 PM
> server-post-command-cleanup
> server-handle-next-server-request
> backgroundRun
Evaluating tasks: compile:backgroundRun
Running task... Cancel: sbt.server.ServerTaskCancellation@69185955, check cycles: false
Total time: 0 s, completed Jul 23, 2015 12:54:48 PM
> server-post-command-cleanup
> server-handle-next-server-request
> {file:/Users/Messi/Development/scala-prog/scala-cat-database/}root/*:playForkConfig
Evaluating tasks: *:playForkConfig
Running task... Cancel: sbt.server.ServerTaskCancellation@4ec83836, check cycles: false
Total time: 1 s, completed Jul 23, 2015 12:54:53 PM
> server-post-command-cleanup
> server-handle-next-server-request
> root/playForkNotifyStart http://localhost:9000
Evaluating tasks: *:playForkNotifyStart
Running task... Cancel: sbt.server.ServerTaskCancellation@5e3956c2, check cycles: false
Total time: 0 s, completed Jul 23, 2015 12:54:56 PM
> server-post-command-cleanup
> server-handle-next-server-request
> {file:/Users/Messi/Development/scala-prog/scala-cat-database/}root/*:playForkReload
Evaluating tasks: *:playForkReload
Running task... Cancel: sbt.server.ServerTaskCancellation@12577a5a, check cycles: false

Initial source changes: 
	removed:Set()
	added: Set()
	modified: Set()
Removed products: Set()
External API changes: API Changes: Set()
Modified binary dependencies: Set()
Initial directly invalidated sources: Set()

Sources indirectly invalidated by:
	product: Set()
	binary dep: Set()
	external source: Set()
All initially invalidated sources: Set()

Copy resource mappings: 
	(/Users/Messi/Development/scala-prog/scala-cat-database/conf/application.conf,/Users/Messi/Development/scala-prog/scala-cat-database/target/scala-2.11/classes/application.conf)
	(/Users/Messi/Development/scala-prog/scala-cat-database/conf/evolutions,/Users/Messi/Development/scala-prog/scala-cat-database/target/scala-2.11/classes/evolutions)
	(/Users/Messi/Development/scala-prog/scala-cat-database/conf/logback.xml,/Users/Messi/Development/scala-prog/scala-cat-database/target/scala-2.11/classes/logback.xml)
	(/Users/Messi/Development/scala-prog/scala-cat-database/conf/routes,/Users/Messi/Development/scala-prog/scala-cat-database/target/scala-2.11/classes/routes)
	(/Users/Messi/Development/scala-prog/scala-cat-database/conf/evolutions/default,/Users/Messi/Development/scala-prog/scala-cat-database/target/scala-2.11/classes/evolutions/default)
	(/Users/Messi/Development/scala-prog/scala-cat-database/conf/evolutions/default/1.sql,/Users/Messi/Development/scala-prog/scala-cat-database/target/scala-2.11/classes/evolutions/default/1.sql)
Total time: 3 s, completed Jul 23, 2015 12:55:04 PM
> server-post-command-cleanup
> server-handle-next-server-request
> {file:/Users/Messi/Development/scala-prog/scala-cat-database/}root/*:playForkReload
Evaluating tasks: *:playForkReload
Running task... Cancel: sbt.server.ServerTaskCancellation@71e21edb, check cycles: false

Initial source changes: 
	removed:Set()
	added: Set()
	modified: Set()
Removed products: Set()
External API changes: API Changes: Set()
Modified binary dependencies: Set()
Initial directly invalidated sources: Set()

Sources indirectly invalidated by:
	product: Set()
	binary dep: Set()
	external source: Set()
All initially invalidated sources: Set()

Copy resource mappings: 
	(/Users/Messi/Development/scala-prog/scala-cat-database/conf/application.conf,/Users/Messi/Development/scala-prog/scala-cat-database/target/scala-2.11/classes/application.conf)
	(/Users/Messi/Development/scala-prog/scala-cat-database/conf/evolutions,/Users/Messi/Development/scala-prog/scala-cat-database/target/scala-2.11/classes/evolutions)
	(/Users/Messi/Development/scala-prog/scala-cat-database/conf/logback.xml,/Users/Messi/Development/scala-prog/scala-cat-database/target/scala-2.11/classes/logback.xml)
	(/Users/Messi/Development/scala-prog/scala-cat-database/conf/routes,/Users/Messi/Development/scala-prog/scala-cat-database/target/scala-2.11/classes/routes)
	(/Users/Messi/Development/scala-prog/scala-cat-database/conf/evolutions/default,/Users/Messi/Development/scala-prog/scala-cat-database/target/scala-2.11/classes/evolutions/default)
	(/Users/Messi/Development/scala-prog/scala-cat-database/conf/evolutions/default/1.sql,/Users/Messi/Development/scala-prog/scala-cat-database/target/scala-2.11/classes/evolutions/default/1.sql)
Total time: 1 s, completed Jul 23, 2015 12:55:09 PM
> server-post-command-cleanup
> server-handle-next-server-request
> compile
Evaluating tasks: compile:compile
Running task... Cancel: sbt.server.ServerTaskCancellation@475b35e, check cycles: false

Initial source changes: 
	removed:Set()
	added: Set()
	modified: Set(/Users/Messi/Development/scala-prog/scala-cat-database/app/controllers/Application.scala)
Removed products: Set()
External API changes: API Changes: Set()
Modified binary dependencies: Set()
Initial directly invalidated sources: Set(/Users/Messi/Development/scala-prog/scala-cat-database/app/controllers/Application.scala)

Sources indirectly invalidated by:
	product: Set()
	binary dep: Set()
	external source: Set()
All initially invalidated sources: Set(/Users/Messi/Development/scala-prog/scala-cat-database/app/controllers/Application.scala)

Read from stdout: Compiling 1 Scala source to /Users/Messi/Development/scala-prog/scala-cat-database/target/scala-2.11/classes...
Compiling 1 Scala source to /Users/Messi/Development/scala-prog/scala-cat-database/target/scala-2.11/classes...
Getting compiler-interface from component compiler for Scala 2.11.6
Other repositories:
Default repositories:
Getting compiler-interface from component compiler for Scala 2.11.6
Other repositories:
Default repositories:
Running cached compiler 68036c77, interfacing (CompilerInterface) with Scala compiler version 2.11.6
Calling Scala compiler with arguments  (CompilerInterface):
	-deprecation
	-unchecked
	-encoding
	utf8
	-bootclasspath
	/Library/Java/JavaVirtualMachines/jdk1.8.0_25.jdk/Contents/Home/jre/lib/resources.jar:/Library/Java/JavaVirtualMachines/jdk1.8.0_25.jdk/Contents/Home/jre/lib/rt.jar:/Library/Java/JavaVirtualMachines/jdk1.8.0_25.jdk/Contents/Home/jre/lib/sunrsasign.jar:/Library/Java/JavaVirtualMachines/jdk1.8.0_25.jdk/Contents/Home/jre/lib/jsse.jar:/Library/Java/JavaVirtualMachines/jdk1.8.0_25.jdk/Contents/Home/jre/lib/jce.jar:/Library/Java/JavaVirtualMachines/jdk1.8.0_25.jdk/Contents/Home/jre/lib/charsets.jar:/Library/Java/JavaVirtualMachines/jdk1.8.0_25.jdk/Contents/Home/jre/lib/jfr.jar:/Library/Java/JavaVirtualMachines/jdk1.8.0_25.jdk/Contents/Home/jre/classes:/Users/Messi/.ivy2/cache/org.scala-lang/scala-library/jars/scala-library-2.11.6.jar
	-classpath
	/Users/Messi/Development/scala-prog/scala-cat-database/target/scala-2.11/classes:/Users/Messi/.ivy2/cache/com.typesafe.play/twirl-api_2.11/jars/twirl-api_2.11-1.1.1.jar:/Users/Messi/.ivy2/cache/org.apache.commons/commons-lang3/jars/commons-lang3-3.4.jar:/Users/Messi/.ivy2/cache/org.scala-lang.modules/scala-xml_2.11/bundles/scala-xml_2.11-1.0.1.jar:/Users/Messi/.ivy2/cache/com.typesafe.play/play-server_2.11/jars/play-server_2.11-2.4.2.jar:/Users/Messi/.ivy2/cache/com.typesafe.play/play_2.11/jars/play_2.11-2.4.2.jar:/Users/Messi/.ivy2/cache/com.typesafe.play/build-link/jars/build-link-2.4.2.jar:/Users/Messi/.ivy2/cache/com.typesafe.play/play-exceptions/jars/play-exceptions-2.4.2.jar:/Users/Messi/.ivy2/cache/org.javassist/javassist/bundles/javassist-3.19.0-GA.jar:/Users/Messi/.ivy2/cache/com.typesafe.play/play-iteratees_2.11/jars/play-iteratees_2.11-2.4.2.jar:/Users/Messi/.ivy2/cache/org.scala-stm/scala-stm_2.11/jars/scala-stm_2.11-0.7.jar:/Users/Messi/.ivy2/cache/com.typesafe/config/bundles/config-1.3.0.jar:/Users/Messi/.ivy2/cache/com.typesafe.play/play-json_2.11/jars/play-json_2.11-2.4.2.jar:/Users/Messi/.ivy2/cache/com.typesafe.play/play-functional_2.11/jars/play-functional_2.11-2.4.2.jar:/Users/Messi/.ivy2/cache/com.typesafe.play/play-datacommons_2.11/jars/play-datacommons_2.11-2.4.2.jar:/Users/Messi/.ivy2/cache/joda-time/joda-time/jars/joda-time-2.8.1.jar:/Users/Messi/.ivy2/cache/org.joda/joda-convert/jars/joda-convert-1.7.jar:/Users/Messi/.ivy2/cache/org.scala-lang/scala-reflect/jars/scala-reflect-2.11.6.jar:/Users/Messi/.ivy2/cache/com.fasterxml.jackson.core/jackson-core/bundles/jackson-core-2.5.4.jar:/Users/Messi/.ivy2/cache/com.fasterxml.jackson.core/jackson-annotations/bundles/jackson-annotations-2.5.4.jar:/Users/Messi/.ivy2/cache/com.fasterxml.jackson.core/jackson-databind/bundles/jackson-databind-2.5.4.jar:/Users/Messi/.ivy2/cache/com.fasterxml.jackson.datatype/jackson-datatype-jdk8/bundles/jackson-datatype-jdk8-2.5.4.jar:/Users/Messi/.ivy2/cache/com.fasterxml.jackson.datatype/jackson-datatype-jsr310/bundles/jackson-datatype-jsr310-2.5.4.jar:/Users/Messi/.ivy2/cache/com.typesafe.play/play-netty-utils/jars/play-netty-utils-2.4.2.jar:/Users/Messi/.ivy2/cache/org.slf4j/slf4j-api/jars/slf4j-api-1.7.12.jar:/Users/Messi/.ivy2/cache/org.slf4j/jul-to-slf4j/jars/jul-to-slf4j-1.7.12.jar:/Users/Messi/.ivy2/cache/org.slf4j/jcl-over-slf4j/jars/jcl-over-slf4j-1.7.12.jar:/Users/Messi/.ivy2/cache/org.scala-lang.modules/scala-parser-combinators_2.11/bundles/scala-parser-combinators_2.11-1.0.1.jar:/Users/Messi/.ivy2/cache/ch.qos.logback/logback-core/jars/logback-core-1.1.3.jar:/Users/Messi/.ivy2/cache/ch.qos.logback/logback-classic/jars/logback-classic-1.1.3.jar:/Users/Messi/.ivy2/cache/com.typesafe.akka/akka-actor_2.11/jars/akka-actor_2.11-2.3.11.jar:/Users/Messi/.ivy2/cache/com.typesafe.akka/akka-slf4j_2.11/jars/akka-slf4j_2.11-2.3.11.jar:/Users/Messi/.ivy2/cache/commons-codec/commons-codec/jars/commons-codec-1.10.jar:/Users/Messi/.ivy2/cache/xerces/xercesImpl/jars/xercesImpl-2.11.0.jar:/Users/Messi/.ivy2/cache/xml-apis/xml-apis/jars/xml-apis-1.4.01.jar:/Users/Messi/.ivy2/cache/javax.transaction/jta/jars/jta-1.1.jar:/Users/Messi/.ivy2/cache/com.google.inject/guice/jars/guice-4.0.jar:/Users/Messi/.ivy2/cache/javax.inject/javax.inject/jars/javax.inject-1.jar:/Users/Messi/.ivy2/cache/aopalliance/aopalliance/jars/aopalliance-1.0.jar:/Users/Messi/.ivy2/cache/com.google.inject.extensions/guice-assistedinject/jars/guice-assistedinject-4.0.jar:/Users/Messi/.ivy2/cache/com.typesafe.play/play-netty-server_2.11/jars/play-netty-server_2.11-2.4.2.jar:/Users/Messi/.ivy2/cache/io.netty/netty/bundles/netty-3.10.3.Final.jar:/Users/Messi/.ivy2/cache/com.typesafe.netty/netty-http-pipelining/jars/netty-http-pipelining-1.1.4.jar:/Users/Messi/.ivy2/cache/com.typesafe.play/play-jdbc_2.11/jars/play-jdbc_2.11-2.4.2.jar:/Users/Messi/.ivy2/cache/com.typesafe.play/play-jdbc-api_2.11/jars/play-jdbc-api_2.11-2.4.2.jar:/Users/Messi/.ivy2/cache/com.jolbox/bonecp/bundles/bonecp-0.8.0.RELEASE.jar:/Users/Messi/.ivy2/cache/com.zaxxer/HikariCP/bundles/HikariCP-2.3.7.jar:/Users/Messi/.ivy2/cache/com.h2database/h2/jars/h2-1.4.187.jar:/Users/Messi/.ivy2/cache/tyrex/tyrex/jars/tyrex-1.0.1.jar:/Users/Messi/.ivy2/cache/com.typesafe.play/play-cache_2.11/jars/play-cache_2.11-2.4.2.jar:/Users/Messi/.ivy2/cache/net.sf.ehcache/ehcache-core/jars/ehcache-core-2.6.11.jar:/Users/Messi/.ivy2/cache/com.typesafe.play/play-ws_2.11/jars/play-ws_2.11-2.4.2.jar:/Users/Messi/.ivy2/cache/com.google.guava/guava/bundles/guava-18.0.jar:/Users/Messi/.ivy2/cache/com.ning/async-http-client/jars/async-http-client-1.9.21.jar:/Users/Messi/.ivy2/cache/oauth.signpost/signpost-core/jars/signpost-core-1.2.1.2.jar:/Users/Messi/.ivy2/cache/oauth.signpost/signpost-commonshttp4/jars/signpost-commonshttp4-1.2.1.2.jar:/Users/Messi/.ivy2/cache/org.apache.httpcomponents/httpcore/jars/httpcore-4.0.1.jar:/Users/Messi/.ivy2/cache/org.apache.httpcomponents/httpclient/jars/httpclient-4.0.1.jar:/Users/Messi/.ivy2/cache/commons-logging/commons-logging/jars/commons-logging-1.1.1.jar:/Users/Messi/.ivy2/cache/com.typesafe.play/anorm_2.11/jars/anorm_2.11-2.4.0.jar:/Users/Messi/.ivy2/cache/com.typesafe.play/anorm-tokenizer_2.11/jars/anorm-tokenizer_2.11-2.4.0.jar:/Users/Messi/.ivy2/cache/com.jsuereth/scala-arm_2.11/jars/scala-arm_2.11-1.4.jar:/Users/Messi/.ivy2/cache/org.scala-lang.plugins/scala-continuations-library_2.11/bundles/scala-continuations-library_2.11-1.0.1.jar:/Users/Messi/.ivy2/cache/com.typesafe.play/play-jdbc-evolutions_2.11/jars/play-jdbc-evolutions_2.11-2.4.2.jar:/Users/Messi/.ivy2/cache/org.postgresql/postgresql/jars/postgresql-9.4-1201-jdbc41.jar
Read from stdout: there were two feature warnings; re-run with -feature for details
there were two feature warnings; re-run with -feature for details
Read from stdout: one warning found
one warning found
Scala compilation took 4.563034058 s
Invalidating /Users/Messi/Development/scala-prog/scala-cat-database/app/controllers/Application.scala...
Invalidating (transitively) by inheritance from /Users/Messi/Development/scala-prog/scala-cat-database/app/controllers/Application.scala...
Initial set of included nodes: Set(/Users/Messi/Development/scala-prog/scala-cat-database/app/controllers/Application.scala)
Invalidated by transitive inheritance dependency: Set(/Users/Messi/Development/scala-prog/scala-cat-database/app/controllers/Application.scala)
The /Users/Messi/Development/scala-prog/scala-cat-database/app/controllers/Application.scala source file has the following implicit definitions changed:
	request2flash, request2lang, request2session.
All member reference dependencies will be considered within this context.
The following member ref dependencies of /Users/Messi/Development/scala-prog/scala-cat-database/app/controllers/Application.scala are invalidated:
	/Users/Messi/Development/scala-prog/scala-cat-database/target/scala-2.11/routes/main/router/Routes.scala
New invalidations:
	Set(/Users/Messi/Development/scala-prog/scala-cat-database/target/scala-2.11/routes/main/router/Routes.scala)
Initial set of included nodes: Set(/Users/Messi/Development/scala-prog/scala-cat-database/target/scala-2.11/routes/main/router/Routes.scala)
Previously invalidated, but (transitively) depend on new invalidations:
	Set()
All newly invalidated sources after taking into account (previously) recompiled sources:Set(/Users/Messi/Development/scala-prog/scala-cat-database/target/scala-2.11/routes/main/router/Routes.scala)
Read from stdout: Compiling 1 Scala source to /Users/Messi/Development/scala-prog/scala-cat-database/target/scala-2.11/classes...
Compiling 1 Scala source to /Users/Messi/Development/scala-prog/scala-cat-database/target/scala-2.11/classes...
Getting compiler-interface from component compiler for Scala 2.11.6
Other repositories:
Default repositories:
Getting compiler-interface from component compiler for Scala 2.11.6
Other repositories:
Default repositories:
Running cached compiler 45abb280, interfacing (CompilerInterface) with Scala compiler version 2.11.6
Calling Scala compiler with arguments  (CompilerInterface):
	-deprecation
	-unchecked
	-encoding
	utf8
	-bootclasspath
	/Library/Java/JavaVirtualMachines/jdk1.8.0_25.jdk/Contents/Home/jre/lib/resources.jar:/Library/Java/JavaVirtualMachines/jdk1.8.0_25.jdk/Contents/Home/jre/lib/rt.jar:/Library/Java/JavaVirtualMachines/jdk1.8.0_25.jdk/Contents/Home/jre/lib/sunrsasign.jar:/Library/Java/JavaVirtualMachines/jdk1.8.0_25.jdk/Contents/Home/jre/lib/jsse.jar:/Library/Java/JavaVirtualMachines/jdk1.8.0_25.jdk/Contents/Home/jre/lib/jce.jar:/Library/Java/JavaVirtualMachines/jdk1.8.0_25.jdk/Contents/Home/jre/lib/charsets.jar:/Library/Java/JavaVirtualMachines/jdk1.8.0_25.jdk/Contents/Home/jre/lib/jfr.jar:/Library/Java/JavaVirtualMachines/jdk1.8.0_25.jdk/Contents/Home/jre/classes:/Users/Messi/.ivy2/cache/org.scala-lang/scala-library/jars/scala-library-2.11.6.jar
	-classpath
	/Users/Messi/Development/scala-prog/scala-cat-database/target/scala-2.11/classes:/Users/Messi/.ivy2/cache/com.typesafe.play/twirl-api_2.11/jars/twirl-api_2.11-1.1.1.jar:/Users/Messi/.ivy2/cache/org.apache.commons/commons-lang3/jars/commons-lang3-3.4.jar:/Users/Messi/.ivy2/cache/org.scala-lang.modules/scala-xml_2.11/bundles/scala-xml_2.11-1.0.1.jar:/Users/Messi/.ivy2/cache/com.typesafe.play/play-server_2.11/jars/play-server_2.11-2.4.2.jar:/Users/Messi/.ivy2/cache/com.typesafe.play/play_2.11/jars/play_2.11-2.4.2.jar:/Users/Messi/.ivy2/cache/com.typesafe.play/build-link/jars/build-link-2.4.2.jar:/Users/Messi/.ivy2/cache/com.typesafe.play/play-exceptions/jars/play-exceptions-2.4.2.jar:/Users/Messi/.ivy2/cache/org.javassist/javassist/bundles/javassist-3.19.0-GA.jar:/Users/Messi/.ivy2/cache/com.typesafe.play/play-iteratees_2.11/jars/play-iteratees_2.11-2.4.2.jar:/Users/Messi/.ivy2/cache/org.scala-stm/scala-stm_2.11/jars/scala-stm_2.11-0.7.jar:/Users/Messi/.ivy2/cache/com.typesafe/config/bundles/config-1.3.0.jar:/Users/Messi/.ivy2/cache/com.typesafe.play/play-json_2.11/jars/play-json_2.11-2.4.2.jar:/Users/Messi/.ivy2/cache/com.typesafe.play/play-functional_2.11/jars/play-functional_2.11-2.4.2.jar:/Users/Messi/.ivy2/cache/com.typesafe.play/play-datacommons_2.11/jars/play-datacommons_2.11-2.4.2.jar:/Users/Messi/.ivy2/cache/joda-time/joda-time/jars/joda-time-2.8.1.jar:/Users/Messi/.ivy2/cache/org.joda/joda-convert/jars/joda-convert-1.7.jar:/Users/Messi/.ivy2/cache/org.scala-lang/scala-reflect/jars/scala-reflect-2.11.6.jar:/Users/Messi/.ivy2/cache/com.fasterxml.jackson.core/jackson-core/bundles/jackson-core-2.5.4.jar:/Users/Messi/.ivy2/cache/com.fasterxml.jackson.core/jackson-annotations/bundles/jackson-annotations-2.5.4.jar:/Users/Messi/.ivy2/cache/com.fasterxml.jackson.core/jackson-databind/bundles/jackson-databind-2.5.4.jar:/Users/Messi/.ivy2/cache/com.fasterxml.jackson.datatype/jackson-datatype-jdk8/bundles/jackson-datatype-jdk8-2.5.4.jar:/Users/Messi/.ivy2/cache/com.fasterxml.jackson.datatype/jackson-datatype-jsr310/bundles/jackson-datatype-jsr310-2.5.4.jar:/Users/Messi/.ivy2/cache/com.typesafe.play/play-netty-utils/jars/play-netty-utils-2.4.2.jar:/Users/Messi/.ivy2/cache/org.slf4j/slf4j-api/jars/slf4j-api-1.7.12.jar:/Users/Messi/.ivy2/cache/org.slf4j/jul-to-slf4j/jars/jul-to-slf4j-1.7.12.jar:/Users/Messi/.ivy2/cache/org.slf4j/jcl-over-slf4j/jars/jcl-over-slf4j-1.7.12.jar:/Users/Messi/.ivy2/cache/org.scala-lang.modules/scala-parser-combinators_2.11/bundles/scala-parser-combinators_2.11-1.0.1.jar:/Users/Messi/.ivy2/cache/ch.qos.logback/logback-core/jars/logback-core-1.1.3.jar:/Users/Messi/.ivy2/cache/ch.qos.logback/logback-classic/jars/logback-classic-1.1.3.jar:/Users/Messi/.ivy2/cache/com.typesafe.akka/akka-actor_2.11/jars/akka-actor_2.11-2.3.11.jar:/Users/Messi/.ivy2/cache/com.typesafe.akka/akka-slf4j_2.11/jars/akka-slf4j_2.11-2.3.11.jar:/Users/Messi/.ivy2/cache/commons-codec/commons-codec/jars/commons-codec-1.10.jar:/Users/Messi/.ivy2/cache/xerces/xercesImpl/jars/xercesImpl-2.11.0.jar:/Users/Messi/.ivy2/cache/xml-apis/xml-apis/jars/xml-apis-1.4.01.jar:/Users/Messi/.ivy2/cache/javax.transaction/jta/jars/jta-1.1.jar:/Users/Messi/.ivy2/cache/com.google.inject/guice/jars/guice-4.0.jar:/Users/Messi/.ivy2/cache/javax.inject/javax.inject/jars/javax.inject-1.jar:/Users/Messi/.ivy2/cache/aopalliance/aopalliance/jars/aopalliance-1.0.jar:/Users/Messi/.ivy2/cache/com.google.inject.extensions/guice-assistedinject/jars/guice-assistedinject-4.0.jar:/Users/Messi/.ivy2/cache/com.typesafe.play/play-netty-server_2.11/jars/play-netty-server_2.11-2.4.2.jar:/Users/Messi/.ivy2/cache/io.netty/netty/bundles/netty-3.10.3.Final.jar:/Users/Messi/.ivy2/cache/com.typesafe.netty/netty-http-pipelining/jars/netty-http-pipelining-1.1.4.jar:/Users/Messi/.ivy2/cache/com.typesafe.play/play-jdbc_2.11/jars/play-jdbc_2.11-2.4.2.jar:/Users/Messi/.ivy2/cache/com.typesafe.play/play-jdbc-api_2.11/jars/play-jdbc-api_2.11-2.4.2.jar:/Users/Messi/.ivy2/cache/com.jolbox/bonecp/bundles/bonecp-0.8.0.RELEASE.jar:/Users/Messi/.ivy2/cache/com.zaxxer/HikariCP/bundles/HikariCP-2.3.7.jar:/Users/Messi/.ivy2/cache/com.h2database/h2/jars/h2-1.4.187.jar:/Users/Messi/.ivy2/cache/tyrex/tyrex/jars/tyrex-1.0.1.jar:/Users/Messi/.ivy2/cache/com.typesafe.play/play-cache_2.11/jars/play-cache_2.11-2.4.2.jar:/Users/Messi/.ivy2/cache/net.sf.ehcache/ehcache-core/jars/ehcache-core-2.6.11.jar:/Users/Messi/.ivy2/cache/com.typesafe.play/play-ws_2.11/jars/play-ws_2.11-2.4.2.jar:/Users/Messi/.ivy2/cache/com.google.guava/guava/bundles/guava-18.0.jar:/Users/Messi/.ivy2/cache/com.ning/async-http-client/jars/async-http-client-1.9.21.jar:/Users/Messi/.ivy2/cache/oauth.signpost/signpost-core/jars/signpost-core-1.2.1.2.jar:/Users/Messi/.ivy2/cache/oauth.signpost/signpost-commonshttp4/jars/signpost-commonshttp4-1.2.1.2.jar:/Users/Messi/.ivy2/cache/org.apache.httpcomponents/httpcore/jars/httpcore-4.0.1.jar:/Users/Messi/.ivy2/cache/org.apache.httpcomponents/httpclient/jars/httpclient-4.0.1.jar:/Users/Messi/.ivy2/cache/commons-logging/commons-logging/jars/commons-logging-1.1.1.jar:/Users/Messi/.ivy2/cache/com.typesafe.play/anorm_2.11/jars/anorm_2.11-2.4.0.jar:/Users/Messi/.ivy2/cache/com.typesafe.play/anorm-tokenizer_2.11/jars/anorm-tokenizer_2.11-2.4.0.jar:/Users/Messi/.ivy2/cache/com.jsuereth/scala-arm_2.11/jars/scala-arm_2.11-1.4.jar:/Users/Messi/.ivy2/cache/org.scala-lang.plugins/scala-continuations-library_2.11/bundles/scala-continuations-library_2.11-1.0.1.jar:/Users/Messi/.ivy2/cache/com.typesafe.play/play-jdbc-evolutions_2.11/jars/play-jdbc-evolutions_2.11-2.4.2.jar:/Users/Messi/.ivy2/cache/org.postgresql/postgresql/jars/postgresql-9.4-1201-jdbc41.jar
Read from stdout: /Users/Messi/Development/scala-prog/scala-cat-database/conf/routes:6: type Application is not a member of package controllers
/Users/Messi/Development/scala-prog/scala-cat-database/conf/routes:6: type Application is not a member of package controllers
Read from stdout: GET     /                           controllers.Application.index
GET     /                           controllers.Application.index
Read from stdout: /Users/Messi/Development/scala-prog/scala-cat-database/conf/routes:6: type Application is not a member of package controllers
/Users/Messi/Development/scala-prog/scala-cat-database/conf/routes:6: type Application is not a member of package controllers
Read from stdout: GET     /                           controllers.Application.index
GET     /                           controllers.Application.index
Read from stdout: /Users/Messi/Development/scala-prog/scala-cat-database/conf/routes:6: type Application is not a member of package controllers
/Users/Messi/Development/scala-prog/scala-cat-database/conf/routes:6: type Application is not a member of package controllers
Read from stdout: GET     /                           controllers.Application.index
GET     /                           controllers.Application.index
Read from stdout: three errors found
three errors found
Compilation failed (CompilerInterface)
Read from stdout: (compile:compileIncremental) Compilation failed
(compile:compileIncremental) Compilation failed
Total time: 9 s, completed Jul 23, 2015 12:59:03 PM
> server-post-command-error-handler
> server-post-command-cleanup
> server-handle-next-server-request
> compile
Evaluating tasks: compile:compile
Running task... Cancel: sbt.server.ServerTaskCancellation@116abfbe, check cycles: false

Initial source changes: 
	removed:Set()
	added: Set()
	modified: Set()
Removed products: Set()
External API changes: API Changes: Set()
Modified binary dependencies: Set()
Initial directly invalidated sources: Set()

Sources indirectly invalidated by:
	product: Set()
	binary dep: Set()
	external source: Set()
All initially invalidated sources: Set()

Total time: 1 s, completed Jul 23, 2015 12:59:42 PM
> server-post-command-cleanup
> server-handle-next-server-request
> jobStop 1
Evaluating tasks: *:jobStop
Running task... Cancel: sbt.server.ServerTaskCancellation@758b2672, check cycles: false
Total time: 0 s, completed Jul 23, 2015 12:59:42 PM
> server-post-command-cleanup
> server-handle-next-server-request
> backgroundRun
Evaluating tasks: compile:backgroundRun
Running task... Cancel: sbt.server.ServerTaskCancellation@41b88826, check cycles: false
Total time: 0 s, completed Jul 23, 2015 12:59:42 PM
> server-post-command-cleanup
> server-handle-next-server-request
> {file:/Users/Messi/Development/scala-prog/scala-cat-database/}root/*:playForkConfig
Evaluating tasks: *:playForkConfig
Running task... Cancel: sbt.server.ServerTaskCancellation@57b838f, check cycles: false
Total time: 0 s, completed Jul 23, 2015 12:59:52 PM
> server-post-command-cleanup
> server-handle-next-server-request
> root/playForkNotifyStart http://localhost:9000
Evaluating tasks: *:playForkNotifyStart
Running task... Cancel: sbt.server.ServerTaskCancellation@4335657d, check cycles: false
Total time: 0 s, completed Jul 23, 2015 12:59:54 PM
> server-post-command-cleanup
> server-handle-next-server-request
> {file:/Users/Messi/Development/scala-prog/scala-cat-database/}root/compile:discoveredMainClasses
Evaluating tasks: compile:discoveredMainClasses
Running task... Cancel: sbt.server.ServerTaskCancellation@2752a6d5, check cycles: false

Initial source changes: 
	removed:Set()
	added: Set()
	modified: Set()
Removed products: Set()
External API changes: API Changes: Set()
Modified binary dependencies: Set()
Initial directly invalidated sources: Set()

Sources indirectly invalidated by:
	product: Set()
	binary dep: Set()
	external source: Set()
All initially invalidated sources: Set()

Total time: 1 s, completed Jul 23, 2015 1:03:44 PM
> server-post-command-cleanup
> server-handle-next-server-request
> {file:/Users/Messi/Development/scala-prog/scala-cat-database/}root/compile:mainClass
Evaluating tasks: compile:mainClass
Running task... Cancel: sbt.server.ServerTaskCancellation@4909fee7, check cycles: false
Total time: 0 s, completed Jul 23, 2015 1:03:44 PM
> server-post-command-cleanup
> server-handle-next-server-request
Done executing sbt server engine, result Right(Exit(0))
Closing listening server socket
Waiting for socket thread
Waiting for request processor thread
Waiting for command engine result
Returning control to sbt launcher with result Exit(0)
Closing the 29826@dyn-146-138.public.tut.fi logs at Thu Jul 23 13:03:44 EEST 2015, goodbye.
